{"contracts/ERC721UpgradeableExt.sol":{"l":{"96":3,"97":2,"101":23,"102":23,"103":23,"114":27,"115":27,"116":27,"118":27,"119":25,"120":4,"121":2,"124":21,"125":21,"126":21,"127":20,"128":20,"143":19,"144":19,"145":16,"147":15,"149":15,"151":15,"152":15,"154":15,"155":15,"156":2,"157":2,"160":15,"165":7,"166":7,"167":6,"168":5,"169":5,"170":3,"173":3,"180":18,"181":2,"182":2,"184":16,"185":16,"188":18,"200":2,"203":2,"215":3,"216":3,"217":3,"218":3,"242":29,"250":9,"254":5,"274":1,"275":1,"276":1,"277":1,"279":1,"280":1,"281":1,"282":1,"284":1,"294":0,"295":0,"296":0,"297":0,"298":0,"305":0,"306":0,"307":0,"309":0,"314":0,"317":0,"318":0,"319":0,"324":0,"325":0,"326":0,"338":0,"339":0,"346":0,"353":0,"354":0,"363":23,"364":23,"365":23,"370":23,"371":23,"378":0,"389":45,"390":45,"403":38,"412":38,"413":38,"420":1,"427":1,"435":1,"436":1,"444":1,"445":0,"448":1,"449":1,"451":0,"460":1,"461":1,"463":1,"468":1,"475":3,"477":3,"484":1,"486":1,"487":1,"494":2,"506":7,"508":6,"519":0,"531":0,"532":0,"544":1,"545":1,"572":0,"573":0,"585":51,"591":41,"602":8,"603":8,"604":8,"618":0,"630":0,"631":0,"656":16,"657":16,"659":16,"661":16,"662":16,"664":16,"665":16,"667":16,"682":1,"684":1,"687":1,"689":1,"692":1,"693":1,"694":1,"698":1,"721":8,"722":8,"724":7,"727":7,"729":7,"730":7,"731":7,"734":7,"736":7,"745":9,"746":9,"765":0,"766":0,"767":0,"769":0,"770":0,"772":0,"778":0,"804":24,"805":16,"807":8,"809":24,"810":1,"812":23,"823":23,"824":23,"825":23,"833":16,"834":16,"849":8,"850":8,"853":8,"854":0,"856":0,"857":0,"861":8,"862":8,"874":1,"875":1,"880":1,"882":1,"883":1,"886":1,"887":1},"path":"/Users/sergeyvagapov/Solidity/NonFungibleTokenContract/contracts/ERC721UpgradeableExt.sol","s":{"1":3,"2":23,"3":23,"4":23,"5":27,"6":27,"7":27,"8":27,"9":25,"10":4,"11":2,"12":21,"13":21,"14":21,"15":20,"16":20,"17":19,"18":19,"19":16,"20":15,"21":15,"22":15,"23":15,"24":15,"25":15,"26":2,"27":2,"28":15,"29":7,"30":7,"31":6,"32":5,"33":5,"34":3,"35":3,"36":18,"37":2,"38":2,"39":16,"40":16,"41":18,"42":2,"43":2,"44":3,"45":3,"46":3,"47":3,"48":29,"49":9,"50":5,"51":1,"52":1,"53":1,"54":1,"55":1,"56":1,"57":1,"58":1,"59":1,"60":0,"61":0,"62":0,"63":0,"64":0,"65":0,"66":0,"67":0,"68":0,"69":0,"70":0,"71":0,"72":0,"73":0,"74":0,"75":0,"76":0,"77":0,"78":0,"79":0,"80":0,"81":23,"82":23,"83":23,"84":23,"85":23,"86":0,"87":45,"88":45,"89":38,"90":38,"91":38,"92":1,"93":1,"94":1,"95":1,"96":1,"97":0,"98":1,"99":1,"100":0,"101":1,"102":1,"103":1,"104":1,"105":3,"106":3,"107":1,"108":1,"109":1,"110":2,"111":7,"112":6,"113":0,"114":0,"115":0,"116":1,"117":1,"118":0,"119":0,"120":51,"121":41,"122":8,"123":8,"124":8,"125":0,"126":0,"127":0,"128":16,"129":16,"130":16,"131":16,"132":16,"133":16,"134":16,"135":16,"136":1,"137":1,"138":1,"139":1,"140":1,"141":1,"142":1,"143":1,"144":8,"145":8,"146":7,"147":7,"148":7,"149":7,"150":7,"151":7,"152":7,"153":9,"154":9,"155":0,"156":0,"157":0,"158":0,"159":0,"160":0,"161":24,"162":16,"163":8,"164":8,"165":24,"166":1,"167":23,"168":23,"169":23,"170":23,"171":23,"172":16,"173":16,"174":8,"175":8,"176":8,"177":0,"178":0,"179":0,"180":1,"181":1,"182":1,"183":1,"184":1,"185":1},"b":{"1":[2,1],"2":[25,2],"3":[4,21],"4":[2,2],"5":[20,1],"6":[16,3],"7":[15,1],"8":[15,0],"9":[15,0],"10":[2,13],"11":[2,0],"12":[6,1],"13":[5,1],"14":[3,2],"15":[2,16],"16":[1,0],"17":[1,0],"18":[1,0],"19":[0,0],"20":[0,0],"21":[0,0],"22":[0,0],"23":[0,0],"24":[0,0],"25":[45,0],"26":[38,0],"27":[0,1],"28":[1,0],"29":[1,0],"30":[1,0],"31":[3,0],"32":[1,0],"33":[6,1],"34":[0,0],"35":[1,0],"36":[0,0],"37":[8,0],"38":[0,0],"39":[16,0],"40":[16,0],"41":[8,0],"42":[7,1],"43":[0,0],"44":[0,0],"45":[16,8],"46":[8,0],"47":[1,23],"48":[23,0],"49":[0,8]},"f":{"1":3,"2":23,"3":27,"4":19,"5":7,"6":18,"7":2,"8":3,"9":29,"10":9,"11":5,"12":1,"13":0,"14":0,"15":0,"16":0,"17":0,"18":0,"19":23,"20":23,"21":0,"22":45,"23":38,"24":1,"25":1,"26":1,"27":1,"28":3,"29":1,"30":2,"31":7,"32":0,"33":0,"34":1,"35":0,"36":51,"37":41,"38":8,"39":0,"40":0,"41":16,"42":1,"43":8,"44":9,"45":0,"46":24,"47":23,"48":16,"49":8,"50":1},"fnMap":{"1":{"name":"validateOnlyTokenOwner","line":94,"loc":{"start":{"line":94,"column":4},"end":{"line":98,"column":4}}},"2":{"name":"initialize","line":100,"loc":{"start":{"line":100,"column":4},"end":{"line":104,"column":4}}},"3":{"name":"isOnSale","line":113,"loc":{"start":{"line":113,"column":4},"end":{"line":133,"column":4}}},"4":{"name":"buy","line":141,"loc":{"start":{"line":141,"column":4},"end":{"line":161,"column":4}}},"5":{"name":"buy","line":163,"loc":{"start":{"line":163,"column":4},"end":{"line":175,"column":4}}},"6":{"name":"_buy","line":177,"loc":{"start":{"line":177,"column":4},"end":{"line":190,"column":4}}},"7":{"name":"setTokenInfo","line":198,"loc":{"start":{"line":193,"column":4},"end":{"line":205,"column":4}}},"8":{"name":"_setTokenInfo","line":207,"loc":{"start":{"line":207,"column":4},"end":{"line":223,"column":4}}},"9":{"name":"setSeriesInfo","line":229,"loc":{"start":{"line":225,"column":4},"end":{"line":247,"column":4}}},"10":{"name":"getTokenInfo","line":249,"loc":{"start":{"line":249,"column":4},"end":{"line":251,"column":4}}},"11":{"name":"getSeriesInfo","line":252,"loc":{"start":{"line":252,"column":4},"end":{"line":255,"column":4}}},"12":{"name":"listForSale","line":266,"loc":{"start":{"line":266,"column":4},"end":{"line":285,"column":4}}},"13":{"name":"tokensByOwner","line":287,"loc":{"start":{"line":287,"column":4},"end":{"line":302,"column":4}}},"14":{"name":"mintAndDistribute","line":304,"loc":{"start":{"line":304,"column":4},"end":{"line":312,"column":4}}},"15":{"name":"mintAndDistributeSequential","line":313,"loc":{"start":{"line":313,"column":4},"end":{"line":329,"column":4}}},"16":{"name":"tokenOfOwnerByIndex","line":337,"loc":{"start":{"line":337,"column":4},"end":{"line":340,"column":4}}},"17":{"name":"totalSupply","line":345,"loc":{"start":{"line":345,"column":4},"end":{"line":347,"column":4}}},"18":{"name":"tokenByIndex","line":352,"loc":{"start":{"line":352,"column":4},"end":{"line":355,"column":4}}},"19":{"name":"__ERC721_init","line":362,"loc":{"start":{"line":362,"column":4},"end":{"line":367,"column":4}}},"20":{"name":"__ERC721_init_unchained","line":369,"loc":{"start":{"line":369,"column":4},"end":{"line":372,"column":4}}},"21":{"name":"supportsInterface","line":377,"loc":{"start":{"line":377,"column":4},"end":{"line":383,"column":4}}},"22":{"name":"balanceOf","line":388,"loc":{"start":{"line":388,"column":4},"end":{"line":391,"column":4}}},"23":{"name":"ownerOf","line":401,"loc":{"start":{"line":401,"column":4},"end":{"line":414,"column":4}}},"24":{"name":"name","line":419,"loc":{"start":{"line":419,"column":4},"end":{"line":421,"column":4}}},"25":{"name":"symbol","line":426,"loc":{"start":{"line":426,"column":4},"end":{"line":428,"column":4}}},"26":{"name":"tokenURI","line":433,"loc":{"start":{"line":433,"column":4},"end":{"line":454,"column":4}}},"27":{"name":"approve","line":459,"loc":{"start":{"line":459,"column":4},"end":{"line":469,"column":4}}},"28":{"name":"getApproved","line":474,"loc":{"start":{"line":474,"column":4},"end":{"line":478,"column":4}}},"29":{"name":"setApprovalForAll","line":483,"loc":{"start":{"line":483,"column":4},"end":{"line":488,"column":4}}},"30":{"name":"isApprovedForAll","line":493,"loc":{"start":{"line":493,"column":4},"end":{"line":495,"column":4}}},"31":{"name":"transferFrom","line":500,"loc":{"start":{"line":500,"column":4},"end":{"line":509,"column":4}}},"32":{"name":"safeTransferFrom","line":514,"loc":{"start":{"line":514,"column":4},"end":{"line":520,"column":4}}},"33":{"name":"safeTransferFrom","line":525,"loc":{"start":{"line":525,"column":4},"end":{"line":533,"column":4}}},"34":{"name":"burn","line":542,"loc":{"start":{"line":542,"column":4},"end":{"line":546,"column":4}}},"35":{"name":"_safeTransfer","line":566,"loc":{"start":{"line":566,"column":4},"end":{"line":574,"column":4}}},"36":{"name":"_exists","line":584,"loc":{"start":{"line":584,"column":4},"end":{"line":588,"column":4}}},"37":{"name":"_ownerOf","line":590,"loc":{"start":{"line":590,"column":4},"end":{"line":592,"column":4}}},"38":{"name":"_isApprovedOrOwner","line":601,"loc":{"start":{"line":601,"column":4},"end":{"line":605,"column":4}}},"39":{"name":"_safeMint","line":617,"loc":{"start":{"line":617,"column":4},"end":{"line":619,"column":4}}},"40":{"name":"_safeMint","line":625,"loc":{"start":{"line":625,"column":4},"end":{"line":635,"column":4}}},"41":{"name":"_mint","line":649,"loc":{"start":{"line":649,"column":4},"end":{"line":669,"column":4}}},"42":{"name":"_burn","line":681,"loc":{"start":{"line":681,"column":4},"end":{"line":703,"column":4}}},"43":{"name":"_transfer","line":716,"loc":{"start":{"line":716,"column":4},"end":{"line":737,"column":4}}},"44":{"name":"_approve","line":744,"loc":{"start":{"line":744,"column":4},"end":{"line":747,"column":4}}},"45":{"name":"_checkOnERC721Received","line":759,"loc":{"start":{"line":759,"column":4},"end":{"line":780,"column":4}}},"46":{"name":"_beforeTokenTransfer","line":798,"loc":{"start":{"line":798,"column":4},"end":{"line":814,"column":4}}},"47":{"name":"_addTokenToOwnerEnumeration","line":822,"loc":{"start":{"line":822,"column":4},"end":{"line":826,"column":4}}},"48":{"name":"_addTokenToAllTokensEnumeration","line":832,"loc":{"start":{"line":832,"column":4},"end":{"line":835,"column":4}}},"49":{"name":"_removeTokenFromOwnerEnumeration","line":845,"loc":{"start":{"line":845,"column":4},"end":{"line":863,"column":4}}},"50":{"name":"_removeTokenFromAllTokensEnumeration","line":870,"loc":{"start":{"line":870,"column":4},"end":{"line":888,"column":4}}}},"statementMap":{"1":{"start":{"line":96,"column":8},"end":{"line":96,"column":75}},"2":{"start":{"line":101,"column":8},"end":{"line":101,"column":23}},"3":{"start":{"line":102,"column":8},"end":{"line":102,"column":31}},"4":{"start":{"line":103,"column":8},"end":{"line":103,"column":36}},"5":{"start":{"line":114,"column":8},"end":{"line":114,"column":22}},"6":{"start":{"line":115,"column":8},"end":{"line":115,"column":33}},"7":{"start":{"line":116,"column":8},"end":{"line":116,"column":31}},"8":{"start":{"line":118,"column":8},"end":{"line":118,"column":4974}},"9":{"start":{"line":119,"column":12},"end":{"line":119,"column":5026}},"10":{"start":{"line":120,"column":16},"end":{"line":120,"column":5079}},"11":{"start":{"line":121,"column":20},"end":{"line":121,"column":33}},"12":{"start":{"line":124,"column":16},"end":{"line":124,"column":57}},"13":{"start":{"line":125,"column":16},"end":{"line":125,"column":67}},"14":{"start":{"line":126,"column":16},"end":{"line":126,"column":5344}},"15":{"start":{"line":127,"column":20},"end":{"line":127,"column":33}},"16":{"start":{"line":128,"column":20},"end":{"line":128,"column":162}},"17":{"start":{"line":143,"column":8},"end":{"line":143,"column":80}},"18":{"start":{"line":144,"column":8},"end":{"line":144,"column":47}},"19":{"start":{"line":145,"column":8},"end":{"line":145,"column":60}},"20":{"start":{"line":147,"column":8},"end":{"line":147,"column":70}},"21":{"start":{"line":149,"column":8},"end":{"line":149,"column":28}},"22":{"start":{"line":151,"column":8},"end":{"line":151,"column":80}},"23":{"start":{"line":152,"column":8},"end":{"line":152,"column":52}},"24":{"start":{"line":154,"column":8},"end":{"line":154,"column":48}},"25":{"start":{"line":155,"column":8},"end":{"line":155,"column":6487}},"26":{"start":{"line":156,"column":12},"end":{"line":156,"column":77}},"27":{"start":{"line":157,"column":12},"end":{"line":157,"column":56}},"28":{"start":{"line":160,"column":8},"end":{"line":160,"column":36}},"29":{"start":{"line":165,"column":8},"end":{"line":165,"column":80}},"30":{"start":{"line":166,"column":8},"end":{"line":166,"column":47}},"31":{"start":{"line":167,"column":8},"end":{"line":167,"column":65}},"32":{"start":{"line":168,"column":8},"end":{"line":168,"column":99}},"33":{"start":{"line":169,"column":8},"end":{"line":169,"column":88}},"34":{"start":{"line":170,"column":8},"end":{"line":170,"column":91}},"35":{"start":{"line":173,"column":8},"end":{"line":173,"column":36}},"36":{"start":{"line":180,"column":8},"end":{"line":180,"column":7770}},"37":{"start":{"line":181,"column":12},"end":{"line":181,"column":55}},"38":{"start":{"line":182,"column":12},"end":{"line":182,"column":46}},"39":{"start":{"line":184,"column":12},"end":{"line":184,"column":39}},"40":{"start":{"line":185,"column":12},"end":{"line":185,"column":60}},"41":{"start":{"line":188,"column":8},"end":{"line":188,"column":56}},"42":{"start":{"line":200,"column":8},"end":{"line":200,"column":35}},"43":{"start":{"line":203,"column":8},"end":{"line":203,"column":56}},"44":{"start":{"line":215,"column":8},"end":{"line":215,"column":45}},"45":{"start":{"line":216,"column":8},"end":{"line":216,"column":51}},"46":{"start":{"line":217,"column":8},"end":{"line":217,"column":47}},"47":{"start":{"line":218,"column":8},"end":{"line":218,"column":57}},"48":{"start":{"line":242,"column":8},"end":{"line":242,"column":34}},"49":{"start":{"line":250,"column":8},"end":{"line":250,"column":34}},"50":{"start":{"line":254,"column":8},"end":{"line":254,"column":35}},"51":{"start":{"line":274,"column":8},"end":{"line":274,"column":84}},"52":{"start":{"line":275,"column":8},"end":{"line":275,"column":43}},"53":{"start":{"line":276,"column":8},"end":{"line":276,"column":65}},"54":{"start":{"line":277,"column":8},"end":{"line":277,"column":48}},"55":{"start":{"line":279,"column":8},"end":{"line":279,"column":52}},"56":{"start":{"line":280,"column":8},"end":{"line":280,"column":26}},"57":{"start":{"line":281,"column":8},"end":{"line":281,"column":31}},"58":{"start":{"line":282,"column":8},"end":{"line":282,"column":35}},"59":{"start":{"line":284,"column":8},"end":{"line":284,"column":66}},"60":{"start":{"line":294,"column":8},"end":{"line":294,"column":37}},"61":{"start":{"line":295,"column":8},"end":{"line":295,"column":11394}},"62":{"start":{"line":296,"column":12},"end":{"line":296,"column":36}},"63":{"start":{"line":297,"column":12},"end":{"line":297,"column":11464}},"64":{"start":{"line":298,"column":16},"end":{"line":298,"column":45}},"65":{"start":{"line":305,"column":8},"end":{"line":305,"column":34}},"66":{"start":{"line":306,"column":8},"end":{"line":306,"column":68}},"67":{"start":{"line":307,"column":8},"end":{"line":307,"column":11792}},"68":{"start":{"line":309,"column":12},"end":{"line":309,"column":39}},"69":{"start":{"line":314,"column":8},"end":{"line":314,"column":76}},"70":{"start":{"line":317,"column":8},"end":{"line":317,"column":83}},"71":{"start":{"line":318,"column":8},"end":{"line":318,"column":34}},"72":{"start":{"line":319,"column":8},"end":{"line":319,"column":12343}},"73":{"start":{"line":324,"column":8},"end":{"line":324,"column":12495}},"74":{"start":{"line":325,"column":12},"end":{"line":325,"column":35}},"75":{"start":{"line":326,"column":12},"end":{"line":326,"column":23}},"76":{"start":{"line":338,"column":8},"end":{"line":338,"column":87}},"77":{"start":{"line":339,"column":8},"end":{"line":339,"column":41}},"78":{"start":{"line":346,"column":8},"end":{"line":346,"column":32}},"79":{"start":{"line":353,"column":8},"end":{"line":353,"column":85}},"80":{"start":{"line":354,"column":8},"end":{"line":354,"column":32}},"81":{"start":{"line":363,"column":8},"end":{"line":363,"column":33}},"82":{"start":{"line":364,"column":8},"end":{"line":364,"column":32}},"83":{"start":{"line":365,"column":8},"end":{"line":365,"column":46}},"84":{"start":{"line":370,"column":8},"end":{"line":370,"column":20}},"85":{"start":{"line":371,"column":8},"end":{"line":371,"column":24}},"86":{"start":{"line":378,"column":8},"end":{"line":378,"column":14322}},"87":{"start":{"line":389,"column":8},"end":{"line":389,"column":81}},"88":{"start":{"line":390,"column":8},"end":{"line":390,"column":31}},"89":{"start":{"line":403,"column":8},"end":{"line":403,"column":41}},"90":{"start":{"line":412,"column":8},"end":{"line":412,"column":80}},"91":{"start":{"line":413,"column":8},"end":{"line":413,"column":20}},"92":{"start":{"line":420,"column":8},"end":{"line":420,"column":20}},"93":{"start":{"line":427,"column":8},"end":{"line":427,"column":22}},"94":{"start":{"line":435,"column":8},"end":{"line":435,"column":52}},"95":{"start":{"line":436,"column":8},"end":{"line":436,"column":71}},"96":{"start":{"line":444,"column":8},"end":{"line":444,"column":16753}},"97":{"start":{"line":445,"column":12},"end":{"line":445,"column":28}},"98":{"start":{"line":448,"column":8},"end":{"line":448,"column":16921}},"99":{"start":{"line":449,"column":12},"end":{"line":449,"column":60}},"100":{"start":{"line":451,"column":8},"end":{"line":451,"column":17}},"101":{"start":{"line":460,"column":8},"end":{"line":460,"column":40}},"102":{"start":{"line":461,"column":8},"end":{"line":461,"column":64}},"103":{"start":{"line":463,"column":8},"end":{"line":463,"column":17406}},"104":{"start":{"line":468,"column":8},"end":{"line":468,"column":28}},"105":{"start":{"line":475,"column":8},"end":{"line":475,"column":94}},"106":{"start":{"line":477,"column":8},"end":{"line":477,"column":39}},"107":{"start":{"line":484,"column":8},"end":{"line":484,"column":69}},"108":{"start":{"line":486,"column":8},"end":{"line":486,"column":60}},"109":{"start":{"line":487,"column":8},"end":{"line":487,"column":61}},"110":{"start":{"line":494,"column":8},"end":{"line":494,"column":50}},"111":{"start":{"line":506,"column":8},"end":{"line":506,"column":110}},"112":{"start":{"line":508,"column":8},"end":{"line":508,"column":35}},"113":{"start":{"line":519,"column":8},"end":{"line":519,"column":46}},"114":{"start":{"line":531,"column":8},"end":{"line":531,"column":110}},"115":{"start":{"line":532,"column":8},"end":{"line":532,"column":46}},"116":{"start":{"line":544,"column":8},"end":{"line":544,"column":109}},"117":{"start":{"line":545,"column":8},"end":{"line":545,"column":21}},"118":{"start":{"line":572,"column":8},"end":{"line":572,"column":35}},"119":{"start":{"line":573,"column":8},"end":{"line":573,"column":118}},"120":{"start":{"line":585,"column":8},"end":{"line":585,"column":21513}},"121":{"start":{"line":591,"column":8},"end":{"line":591,"column":31}},"122":{"start":{"line":602,"column":8},"end":{"line":602,"column":80}},"123":{"start":{"line":603,"column":8},"end":{"line":603,"column":40}},"124":{"start":{"line":604,"column":8},"end":{"line":604,"column":104}},"125":{"start":{"line":618,"column":8},"end":{"line":618,"column":33}},"126":{"start":{"line":630,"column":8},"end":{"line":630,"column":25}},"127":{"start":{"line":631,"column":8},"end":{"line":631,"column":23041}},"128":{"start":{"line":656,"column":8},"end":{"line":656,"column":68}},"129":{"start":{"line":657,"column":8},"end":{"line":657,"column":65}},"130":{"start":{"line":659,"column":8},"end":{"line":659,"column":52}},"131":{"start":{"line":661,"column":8},"end":{"line":661,"column":25}},"132":{"start":{"line":662,"column":8},"end":{"line":662,"column":28}},"133":{"start":{"line":664,"column":8},"end":{"line":664,"column":46}},"134":{"start":{"line":665,"column":8},"end":{"line":665,"column":53}},"135":{"start":{"line":667,"column":8},"end":{"line":667,"column":46}},"136":{"start":{"line":682,"column":8},"end":{"line":682,"column":40}},"137":{"start":{"line":684,"column":8},"end":{"line":684,"column":55}},"138":{"start":{"line":687,"column":8},"end":{"line":687,"column":36}},"139":{"start":{"line":689,"column":8},"end":{"line":689,"column":28}},"140":{"start":{"line":692,"column":8},"end":{"line":692,"column":35}},"141":{"start":{"line":693,"column":8},"end":{"line":693,"column":38}},"142":{"start":{"line":694,"column":8},"end":{"line":694,"column":56}},"143":{"start":{"line":698,"column":8},"end":{"line":698,"column":51}},"144":{"start":{"line":721,"column":8},"end":{"line":721,"column":85}},"145":{"start":{"line":722,"column":8},"end":{"line":722,"column":72}},"146":{"start":{"line":724,"column":8},"end":{"line":724,"column":46}},"147":{"start":{"line":727,"column":8},"end":{"line":727,"column":36}},"148":{"start":{"line":729,"column":8},"end":{"line":729,"column":27}},"149":{"start":{"line":730,"column":8},"end":{"line":730,"column":25}},"150":{"start":{"line":731,"column":8},"end":{"line":731,"column":28}},"151":{"start":{"line":734,"column":8},"end":{"line":734,"column":46}},"152":{"start":{"line":736,"column":8},"end":{"line":736,"column":40}},"153":{"start":{"line":745,"column":8},"end":{"line":745,"column":36}},"154":{"start":{"line":746,"column":8},"end":{"line":746,"column":52}},"155":{"start":{"line":765,"column":8},"end":{"line":765,"column":27038}},"156":{"start":{"line":766,"column":12},"end":{"line":766,"column":27077}},"157":{"start":{"line":767,"column":16},"end":{"line":767,"column":85}},"158":{"start":{"line":769,"column":16},"end":{"line":769,"column":27342}},"159":{"start":{"line":770,"column":20},"end":{"line":770,"column":79}},"160":{"start":{"line":778,"column":12},"end":{"line":778,"column":23}},"161":{"start":{"line":804,"column":8},"end":{"line":804,"column":28400}},"162":{"start":{"line":805,"column":12},"end":{"line":805,"column":51}},"163":{"start":{"line":806,"column":15},"end":{"line":806,"column":28495}},"164":{"start":{"line":807,"column":12},"end":{"line":807,"column":58}},"165":{"start":{"line":809,"column":8},"end":{"line":809,"column":28592}},"166":{"start":{"line":810,"column":12},"end":{"line":810,"column":56}},"167":{"start":{"line":811,"column":15},"end":{"line":811,"column":28690}},"168":{"start":{"line":812,"column":12},"end":{"line":812,"column":51}},"169":{"start":{"line":823,"column":8},"end":{"line":823,"column":38}},"170":{"start":{"line":824,"column":8},"end":{"line":824,"column":41}},"171":{"start":{"line":825,"column":8},"end":{"line":825,"column":42}},"172":{"start":{"line":833,"column":8},"end":{"line":833,"column":51}},"173":{"start":{"line":834,"column":8},"end":{"line":834,"column":31}},"174":{"start":{"line":849,"column":8},"end":{"line":849,"column":52}},"175":{"start":{"line":850,"column":8},"end":{"line":850,"column":55}},"176":{"start":{"line":853,"column":8},"end":{"line":853,"column":30718}},"177":{"start":{"line":854,"column":12},"end":{"line":854,"column":68}},"178":{"start":{"line":856,"column":12},"end":{"line":856,"column":55}},"179":{"start":{"line":857,"column":12},"end":{"line":857,"column":54}},"180":{"start":{"line":874,"column":8},"end":{"line":874,"column":54}},"181":{"start":{"line":875,"column":8},"end":{"line":875,"column":53}},"182":{"start":{"line":880,"column":8},"end":{"line":880,"column":56}},"183":{"start":{"line":882,"column":8},"end":{"line":882,"column":43}},"184":{"start":{"line":883,"column":8},"end":{"line":883,"column":48}},"185":{"start":{"line":887,"column":8},"end":{"line":887,"column":23}}},"branchMap":{"1":{"line":96,"type":"if","locations":[{"start":{"line":96,"column":8},"end":{"line":96,"column":8}},{"start":{"line":96,"column":8},"end":{"line":96,"column":8}}]},"2":{"line":118,"type":"if","locations":[{"start":{"line":118,"column":8},"end":{"line":118,"column":8}},{"start":{"line":118,"column":8},"end":{"line":118,"column":8}}]},"3":{"line":119,"type":"if","locations":[{"start":{"line":119,"column":12},"end":{"line":119,"column":12}},{"start":{"line":119,"column":12},"end":{"line":119,"column":12}}]},"4":{"line":120,"type":"if","locations":[{"start":{"line":120,"column":16},"end":{"line":120,"column":16}},{"start":{"line":120,"column":16},"end":{"line":120,"column":16}}]},"5":{"line":126,"type":"if","locations":[{"start":{"line":126,"column":16},"end":{"line":126,"column":16}},{"start":{"line":126,"column":16},"end":{"line":126,"column":16}}]},"6":{"line":144,"type":"if","locations":[{"start":{"line":144,"column":8},"end":{"line":144,"column":8}},{"start":{"line":144,"column":8},"end":{"line":144,"column":8}}]},"7":{"line":145,"type":"if","locations":[{"start":{"line":145,"column":8},"end":{"line":145,"column":8}},{"start":{"line":145,"column":8},"end":{"line":145,"column":8}}]},"8":{"line":147,"type":"if","locations":[{"start":{"line":147,"column":8},"end":{"line":147,"column":8}},{"start":{"line":147,"column":8},"end":{"line":147,"column":8}}]},"9":{"line":152,"type":"if","locations":[{"start":{"line":152,"column":8},"end":{"line":152,"column":8}},{"start":{"line":152,"column":8},"end":{"line":152,"column":8}}]},"10":{"line":155,"type":"if","locations":[{"start":{"line":155,"column":8},"end":{"line":155,"column":8}},{"start":{"line":155,"column":8},"end":{"line":155,"column":8}}]},"11":{"line":157,"type":"if","locations":[{"start":{"line":157,"column":12},"end":{"line":157,"column":12}},{"start":{"line":157,"column":12},"end":{"line":157,"column":12}}]},"12":{"line":166,"type":"if","locations":[{"start":{"line":166,"column":8},"end":{"line":166,"column":8}},{"start":{"line":166,"column":8},"end":{"line":166,"column":8}}]},"13":{"line":167,"type":"if","locations":[{"start":{"line":167,"column":8},"end":{"line":167,"column":8}},{"start":{"line":167,"column":8},"end":{"line":167,"column":8}}]},"14":{"line":169,"type":"if","locations":[{"start":{"line":169,"column":8},"end":{"line":169,"column":8}},{"start":{"line":169,"column":8},"end":{"line":169,"column":8}}]},"15":{"line":180,"type":"if","locations":[{"start":{"line":180,"column":8},"end":{"line":180,"column":8}},{"start":{"line":180,"column":8},"end":{"line":180,"column":8}}]},"16":{"line":275,"type":"if","locations":[{"start":{"line":275,"column":8},"end":{"line":275,"column":8}},{"start":{"line":275,"column":8},"end":{"line":275,"column":8}}]},"17":{"line":276,"type":"if","locations":[{"start":{"line":276,"column":8},"end":{"line":276,"column":8}},{"start":{"line":276,"column":8},"end":{"line":276,"column":8}}]},"18":{"line":277,"type":"if","locations":[{"start":{"line":277,"column":8},"end":{"line":277,"column":8}},{"start":{"line":277,"column":8},"end":{"line":277,"column":8}}]},"19":{"line":295,"type":"if","locations":[{"start":{"line":295,"column":8},"end":{"line":295,"column":8}},{"start":{"line":295,"column":8},"end":{"line":295,"column":8}}]},"20":{"line":306,"type":"if","locations":[{"start":{"line":306,"column":8},"end":{"line":306,"column":8}},{"start":{"line":306,"column":8},"end":{"line":306,"column":8}}]},"21":{"line":314,"type":"if","locations":[{"start":{"line":314,"column":8},"end":{"line":314,"column":8}},{"start":{"line":314,"column":8},"end":{"line":314,"column":8}}]},"22":{"line":319,"type":"if","locations":[{"start":{"line":319,"column":8},"end":{"line":319,"column":8}},{"start":{"line":319,"column":8},"end":{"line":319,"column":8}}]},"23":{"line":338,"type":"if","locations":[{"start":{"line":338,"column":8},"end":{"line":338,"column":8}},{"start":{"line":338,"column":8},"end":{"line":338,"column":8}}]},"24":{"line":353,"type":"if","locations":[{"start":{"line":353,"column":8},"end":{"line":353,"column":8}},{"start":{"line":353,"column":8},"end":{"line":353,"column":8}}]},"25":{"line":389,"type":"if","locations":[{"start":{"line":389,"column":8},"end":{"line":389,"column":8}},{"start":{"line":389,"column":8},"end":{"line":389,"column":8}}]},"26":{"line":412,"type":"if","locations":[{"start":{"line":412,"column":8},"end":{"line":412,"column":8}},{"start":{"line":412,"column":8},"end":{"line":412,"column":8}}]},"27":{"line":444,"type":"if","locations":[{"start":{"line":444,"column":8},"end":{"line":444,"column":8}},{"start":{"line":444,"column":8},"end":{"line":444,"column":8}}]},"28":{"line":448,"type":"if","locations":[{"start":{"line":448,"column":8},"end":{"line":448,"column":8}},{"start":{"line":448,"column":8},"end":{"line":448,"column":8}}]},"29":{"line":461,"type":"if","locations":[{"start":{"line":461,"column":8},"end":{"line":461,"column":8}},{"start":{"line":461,"column":8},"end":{"line":461,"column":8}}]},"30":{"line":463,"type":"if","locations":[{"start":{"line":463,"column":8},"end":{"line":463,"column":8}},{"start":{"line":463,"column":8},"end":{"line":463,"column":8}}]},"31":{"line":475,"type":"if","locations":[{"start":{"line":475,"column":8},"end":{"line":475,"column":8}},{"start":{"line":475,"column":8},"end":{"line":475,"column":8}}]},"32":{"line":484,"type":"if","locations":[{"start":{"line":484,"column":8},"end":{"line":484,"column":8}},{"start":{"line":484,"column":8},"end":{"line":484,"column":8}}]},"33":{"line":506,"type":"if","locations":[{"start":{"line":506,"column":8},"end":{"line":506,"column":8}},{"start":{"line":506,"column":8},"end":{"line":506,"column":8}}]},"34":{"line":531,"type":"if","locations":[{"start":{"line":531,"column":8},"end":{"line":531,"column":8}},{"start":{"line":531,"column":8},"end":{"line":531,"column":8}}]},"35":{"line":544,"type":"if","locations":[{"start":{"line":544,"column":8},"end":{"line":544,"column":8}},{"start":{"line":544,"column":8},"end":{"line":544,"column":8}}]},"36":{"line":573,"type":"if","locations":[{"start":{"line":573,"column":8},"end":{"line":573,"column":8}},{"start":{"line":573,"column":8},"end":{"line":573,"column":8}}]},"37":{"line":602,"type":"if","locations":[{"start":{"line":602,"column":8},"end":{"line":602,"column":8}},{"start":{"line":602,"column":8},"end":{"line":602,"column":8}}]},"38":{"line":631,"type":"if","locations":[{"start":{"line":631,"column":8},"end":{"line":631,"column":8}},{"start":{"line":631,"column":8},"end":{"line":631,"column":8}}]},"39":{"line":656,"type":"if","locations":[{"start":{"line":656,"column":8},"end":{"line":656,"column":8}},{"start":{"line":656,"column":8},"end":{"line":656,"column":8}}]},"40":{"line":657,"type":"if","locations":[{"start":{"line":657,"column":8},"end":{"line":657,"column":8}},{"start":{"line":657,"column":8},"end":{"line":657,"column":8}}]},"41":{"line":721,"type":"if","locations":[{"start":{"line":721,"column":8},"end":{"line":721,"column":8}},{"start":{"line":721,"column":8},"end":{"line":721,"column":8}}]},"42":{"line":722,"type":"if","locations":[{"start":{"line":722,"column":8},"end":{"line":722,"column":8}},{"start":{"line":722,"column":8},"end":{"line":722,"column":8}}]},"43":{"line":765,"type":"if","locations":[{"start":{"line":765,"column":8},"end":{"line":765,"column":8}},{"start":{"line":765,"column":8},"end":{"line":765,"column":8}}]},"44":{"line":769,"type":"if","locations":[{"start":{"line":769,"column":16},"end":{"line":769,"column":16}},{"start":{"line":769,"column":16},"end":{"line":769,"column":16}}]},"45":{"line":804,"type":"if","locations":[{"start":{"line":804,"column":8},"end":{"line":804,"column":8}},{"start":{"line":804,"column":8},"end":{"line":804,"column":8}}]},"46":{"line":806,"type":"if","locations":[{"start":{"line":806,"column":15},"end":{"line":806,"column":15}},{"start":{"line":806,"column":15},"end":{"line":806,"column":15}}]},"47":{"line":809,"type":"if","locations":[{"start":{"line":809,"column":8},"end":{"line":809,"column":8}},{"start":{"line":809,"column":8},"end":{"line":809,"column":8}}]},"48":{"line":811,"type":"if","locations":[{"start":{"line":811,"column":15},"end":{"line":811,"column":15}},{"start":{"line":811,"column":15},"end":{"line":811,"column":15}}]},"49":{"line":853,"type":"if","locations":[{"start":{"line":853,"column":8},"end":{"line":853,"column":8}},{"start":{"line":853,"column":8},"end":{"line":853,"column":8}}]}}},"contracts/mocks/ERC721ReceiverMock.sol":{"l":{"21":0,"22":0,"31":0,"32":0,"34":0,"36":0,"37":0,"39":0,"40":0},"path":"/Users/sergeyvagapov/Solidity/NonFungibleTokenContract/contracts/mocks/ERC721ReceiverMock.sol","s":{"1":0,"2":0,"3":0,"4":0,"5":0,"6":0,"7":0,"8":0,"9":0,"10":0},"b":{"1":[0,0],"2":[0,0],"3":[0,0]},"f":{"1":0,"2":0},"fnMap":{"1":{"name":"constructor","line":20,"loc":{"start":{"line":20,"column":4},"end":{"line":23,"column":4}}},"2":{"name":"onERC721Received","line":25,"loc":{"start":{"line":25,"column":4},"end":{"line":41,"column":4}}}},"statementMap":{"1":{"start":{"line":21,"column":8},"end":{"line":21,"column":23}},"2":{"start":{"line":22,"column":8},"end":{"line":22,"column":21}},"3":{"start":{"line":31,"column":8},"end":{"line":31,"column":745}},"4":{"start":{"line":32,"column":12},"end":{"line":32,"column":50}},"5":{"start":{"line":33,"column":15},"end":{"line":33,"column":854}},"6":{"start":{"line":34,"column":12},"end":{"line":34,"column":19}},"7":{"start":{"line":35,"column":15},"end":{"line":35,"column":935}},"8":{"start":{"line":36,"column":12},"end":{"line":36,"column":47}},"9":{"start":{"line":39,"column":8},"end":{"line":39,"column":63}},"10":{"start":{"line":40,"column":8},"end":{"line":40,"column":22}}},"branchMap":{"1":{"line":31,"type":"if","locations":[{"start":{"line":31,"column":8},"end":{"line":31,"column":8}},{"start":{"line":31,"column":8},"end":{"line":31,"column":8}}]},"2":{"line":33,"type":"if","locations":[{"start":{"line":33,"column":15},"end":{"line":33,"column":15}},{"start":{"line":33,"column":15},"end":{"line":33,"column":15}}]},"3":{"line":35,"type":"if","locations":[{"start":{"line":35,"column":15},"end":{"line":35,"column":15}},{"start":{"line":35,"column":15},"end":{"line":35,"column":15}}]}}},"contracts/mocks/MockERC20.sol":{"l":{"11":23},"path":"/Users/sergeyvagapov/Solidity/NonFungibleTokenContract/contracts/mocks/MockERC20.sol","s":{"1":23},"b":{},"f":{"1":69,"2":23},"fnMap":{"1":{"name":"constructor","line":6,"loc":{"start":{"line":6,"column":4},"end":{"line":8,"column":4}}},"2":{"name":"mint","line":10,"loc":{"start":{"line":10,"column":4},"end":{"line":12,"column":4}}}},"statementMap":{"1":{"start":{"line":11,"column":8},"end":{"line":11,"column":33}}},"branchMap":{}}}