{"contracts/ERC721UpgradeableExt.sol":{"l":{"84":6,"85":5,"89":70,"94":69,"99":60,"100":60,"101":56,"102":55,"104":54,"105":54,"106":54,"108":54,"109":54,"110":2,"111":2,"114":54,"119":8,"120":8,"121":7,"122":6,"123":6,"124":4,"126":4,"137":69,"141":5,"144":6,"160":6,"161":6,"162":5,"163":4,"165":3,"166":3,"167":3,"168":3,"170":3,"180":1,"191":1,"195":2,"196":2,"197":1,"199":3,"209":5,"215":4,"216":3,"223":5,"230":4,"231":3,"240":0,"251":112,"252":111,"261":69,"270":69,"271":68,"278":1,"285":1,"293":3,"294":3,"295":3,"298":2,"299":1,"302":1,"303":1,"305":0,"314":3,"315":3,"317":2,"322":1,"329":5,"331":5,"338":2,"340":1,"341":1,"348":5,"360":8,"362":7,"373":3,"385":4,"386":3,"398":3,"399":2,"403":58,"404":3,"405":1,"407":2,"409":3,"411":55,"412":1,"414":54,"416":55,"418":58,"437":74,"438":74,"439":74,"440":74,"442":74,"443":71,"444":10,"445":4,"448":61,"449":61,"450":61,"451":60,"452":60,"461":60,"471":0,"472":0,"473":0,"474":0,"475":0,"479":59,"480":59,"508":4,"509":4,"521":150,"525":75,"536":15,"537":15,"538":15,"552":1,"564":1,"565":1,"590":58,"591":58,"593":58,"595":58,"596":58,"598":58,"600":58,"615":2,"617":2,"620":2,"622":2,"625":2,"626":2,"630":2,"653":13,"654":13,"656":12,"659":12,"661":12,"662":12,"663":12,"667":12,"676":15,"677":15,"688":2,"689":2,"690":2,"691":2,"692":2,"693":4,"715":5,"716":5,"717":4,"719":1,"720":1,"722":0,"728":0,"754":72,"755":58,"757":14,"759":72,"760":2,"762":70,"773":70,"774":70,"775":70,"783":58,"784":58,"799":14,"800":14,"803":14,"804":0,"806":0,"807":0,"811":14,"812":14,"824":2,"825":2,"830":2,"832":2,"833":2,"836":2,"837":2},"path":"/Users/sergeyvagapov/Solidity/NonFungibleTokenContract/contracts/ERC721UpgradeableExt.sol","s":{"1":6,"2":70,"3":60,"4":60,"5":56,"6":55,"7":54,"8":54,"9":54,"10":54,"11":54,"12":2,"13":2,"14":54,"15":8,"16":8,"17":7,"18":6,"19":6,"20":4,"21":4,"22":69,"23":5,"24":6,"25":6,"26":6,"27":5,"28":4,"29":3,"30":3,"31":3,"32":3,"33":3,"34":1,"35":1,"36":2,"37":2,"38":1,"39":3,"40":5,"41":4,"42":3,"43":5,"44":4,"45":3,"46":0,"47":112,"48":111,"49":69,"50":69,"51":68,"52":1,"53":1,"54":3,"55":3,"56":3,"57":2,"58":1,"59":1,"60":1,"61":0,"62":3,"63":3,"64":2,"65":1,"66":5,"67":5,"68":2,"69":1,"70":1,"71":5,"72":8,"73":7,"74":3,"75":4,"76":3,"77":3,"78":2,"79":58,"80":3,"81":1,"82":2,"83":3,"84":55,"85":1,"86":54,"87":55,"88":58,"89":74,"90":74,"91":74,"92":74,"93":74,"94":71,"95":10,"96":4,"97":61,"98":61,"99":61,"100":60,"101":60,"102":60,"103":0,"104":0,"105":0,"106":0,"107":0,"108":59,"109":59,"110":4,"111":4,"112":150,"113":75,"114":15,"115":15,"116":15,"117":1,"118":1,"119":1,"120":58,"121":58,"122":58,"123":58,"124":58,"125":58,"126":58,"127":2,"128":2,"129":2,"130":2,"131":2,"132":2,"133":2,"134":13,"135":13,"136":12,"137":12,"138":12,"139":12,"140":12,"141":12,"142":15,"143":15,"144":2,"145":2,"146":2,"147":2,"148":2,"149":4,"150":5,"151":5,"152":4,"153":1,"154":1,"155":0,"156":72,"157":58,"158":14,"159":14,"160":72,"161":2,"162":70,"163":70,"164":70,"165":70,"166":70,"167":58,"168":58,"169":14,"170":14,"171":14,"172":0,"173":0,"174":0,"175":2,"176":2,"177":2,"178":2,"179":2,"180":2},"b":{"1":[5,1],"2":[69,1],"3":[56,4],"4":[55,1],"5":[54,1],"6":[54,0],"7":[2,52],"8":[2,0],"9":[7,1],"10":[6,1],"11":[4,2],"12":[5,1],"13":[4,1],"14":[3,1],"15":[1,1],"16":[3,1],"17":[3,1],"18":[111,1],"19":[68,1],"20":[2,1],"21":[1,1],"22":[1,0],"23":[2,1],"24":[1,1],"25":[5,0],"26":[1,1],"27":[7,1],"28":[3,1],"29":[2,1],"30":[3,55],"31":[1,2],"32":[1,54],"33":[71,3],"34":[10,61],"35":[4,6],"36":[60,1],"37":[3,1],"38":[15,0],"39":[1,0],"40":[58,0],"41":[58,0],"42":[13,0],"43":[12,1],"44":[2,0],"45":[5,0],"46":[1,0],"47":[58,14],"48":[14,0],"49":[2,70],"50":[70,0],"51":[0,14]},"f":{"1":6,"2":70,"3":60,"4":8,"5":69,"6":5,"7":6,"8":6,"9":1,"10":1,"11":2,"12":5,"13":4,"14":5,"15":4,"16":0,"17":112,"18":69,"19":1,"20":1,"21":3,"22":3,"23":5,"24":2,"25":5,"26":8,"27":3,"28":4,"29":3,"30":58,"31":74,"32":0,"33":59,"34":4,"35":150,"36":75,"37":15,"38":1,"39":1,"40":58,"41":2,"42":13,"43":15,"44":2,"45":5,"46":72,"47":70,"48":58,"49":14,"50":2},"fnMap":{"1":{"name":"onlyTokenOwner","line":83,"loc":{"start":{"line":83,"column":4},"end":{"line":86,"column":4}}},"2":{"name":"onlyOwnerOrAuthor","line":88,"loc":{"start":{"line":88,"column":4},"end":{"line":95,"column":4}}},"3":{"name":"buy","line":97,"loc":{"start":{"line":97,"column":4},"end":{"line":115,"column":4}}},"4":{"name":"buy","line":117,"loc":{"start":{"line":117,"column":4},"end":{"line":127,"column":4}}},"5":{"name":"setSeriesInfo","line":134,"loc":{"start":{"line":130,"column":5},"end":{"line":138,"column":4}}},"6":{"name":"getSaleInfo","line":140,"loc":{"start":{"line":140,"column":4},"end":{"line":142,"column":4}}},"7":{"name":"getSeriesInfo","line":143,"loc":{"start":{"line":143,"column":4},"end":{"line":145,"column":4}}},"8":{"name":"listForSale","line":152,"loc":{"start":{"line":152,"column":4},"end":{"line":171,"column":4}}},"9":{"name":"tokensByOwner","line":173,"loc":{"start":{"line":173,"column":4},"end":{"line":181,"column":4}}},"10":{"name":"tokensByOwner","line":183,"loc":{"start":{"line":183,"column":4},"end":{"line":192,"column":4}}},"11":{"name":"mintAndDistribute","line":194,"loc":{"start":{"line":194,"column":4},"end":{"line":201,"column":4}}},"12":{"name":"setSaleInfo","line":207,"loc":{"start":{"line":203,"column":4},"end":{"line":210,"column":4}}},"13":{"name":"tokenOfOwnerByIndex","line":214,"loc":{"start":{"line":214,"column":4},"end":{"line":217,"column":4}}},"14":{"name":"totalSupply","line":222,"loc":{"start":{"line":222,"column":4},"end":{"line":224,"column":4}}},"15":{"name":"tokenByIndex","line":229,"loc":{"start":{"line":229,"column":4},"end":{"line":232,"column":4}}},"16":{"name":"supportsInterface","line":239,"loc":{"start":{"line":239,"column":4},"end":{"line":245,"column":4}}},"17":{"name":"balanceOf","line":250,"loc":{"start":{"line":250,"column":4},"end":{"line":253,"column":4}}},"18":{"name":"ownerOf","line":259,"loc":{"start":{"line":259,"column":4},"end":{"line":272,"column":4}}},"19":{"name":"name","line":277,"loc":{"start":{"line":277,"column":4},"end":{"line":279,"column":4}}},"20":{"name":"symbol","line":284,"loc":{"start":{"line":284,"column":4},"end":{"line":286,"column":4}}},"21":{"name":"tokenURI","line":291,"loc":{"start":{"line":291,"column":4},"end":{"line":308,"column":4}}},"22":{"name":"approve","line":313,"loc":{"start":{"line":313,"column":4},"end":{"line":323,"column":4}}},"23":{"name":"getApproved","line":328,"loc":{"start":{"line":328,"column":4},"end":{"line":332,"column":4}}},"24":{"name":"setApprovalForAll","line":337,"loc":{"start":{"line":337,"column":4},"end":{"line":342,"column":4}}},"25":{"name":"isApprovedForAll","line":347,"loc":{"start":{"line":347,"column":4},"end":{"line":349,"column":4}}},"26":{"name":"transferFrom","line":354,"loc":{"start":{"line":354,"column":4},"end":{"line":363,"column":4}}},"27":{"name":"safeTransferFrom","line":368,"loc":{"start":{"line":368,"column":4},"end":{"line":374,"column":4}}},"28":{"name":"safeTransferFrom","line":379,"loc":{"start":{"line":379,"column":4},"end":{"line":387,"column":4}}},"29":{"name":"burn","line":396,"loc":{"start":{"line":396,"column":4},"end":{"line":400,"column":4}}},"30":{"name":"_buy","line":402,"loc":{"start":{"line":402,"column":4},"end":{"line":419,"column":4}}},"31":{"name":"_isOnSale","line":427,"loc":{"start":{"line":427,"column":4},"end":{"line":465,"column":4}}},"32":{"name":"__ERC721_init","line":470,"loc":{"start":{"line":470,"column":4},"end":{"line":476,"column":4}}},"33":{"name":"__ERC721_init_unchained","line":478,"loc":{"start":{"line":478,"column":4},"end":{"line":481,"column":4}}},"34":{"name":"_safeTransfer","line":502,"loc":{"start":{"line":502,"column":4},"end":{"line":510,"column":4}}},"35":{"name":"_exists","line":520,"loc":{"start":{"line":520,"column":4},"end":{"line":522,"column":4}}},"36":{"name":"_ownerOf","line":524,"loc":{"start":{"line":524,"column":4},"end":{"line":526,"column":4}}},"37":{"name":"_isApprovedOrOwner","line":535,"loc":{"start":{"line":535,"column":4},"end":{"line":539,"column":4}}},"38":{"name":"_safeMint","line":551,"loc":{"start":{"line":551,"column":4},"end":{"line":553,"column":4}}},"39":{"name":"_safeMint","line":559,"loc":{"start":{"line":559,"column":4},"end":{"line":569,"column":4}}},"40":{"name":"_mint","line":583,"loc":{"start":{"line":583,"column":4},"end":{"line":602,"column":4}}},"41":{"name":"_burn","line":614,"loc":{"start":{"line":614,"column":4},"end":{"line":635,"column":4}}},"42":{"name":"_transfer","line":648,"loc":{"start":{"line":648,"column":4},"end":{"line":668,"column":4}}},"43":{"name":"_approve","line":675,"loc":{"start":{"line":675,"column":4},"end":{"line":678,"column":4}}},"44":{"name":"_tokensByOwner","line":680,"loc":{"start":{"line":680,"column":4},"end":{"line":696,"column":4}}},"45":{"name":"_checkOnERC721Received","line":709,"loc":{"start":{"line":709,"column":4},"end":{"line":730,"column":4}}},"46":{"name":"_beforeTokenTransfer","line":748,"loc":{"start":{"line":748,"column":4},"end":{"line":764,"column":4}}},"47":{"name":"_addTokenToOwnerEnumeration","line":772,"loc":{"start":{"line":772,"column":4},"end":{"line":776,"column":4}}},"48":{"name":"_addTokenToAllTokensEnumeration","line":782,"loc":{"start":{"line":782,"column":4},"end":{"line":785,"column":4}}},"49":{"name":"_removeTokenFromOwnerEnumeration","line":795,"loc":{"start":{"line":795,"column":4},"end":{"line":813,"column":4}}},"50":{"name":"_removeTokenFromAllTokensEnumeration","line":820,"loc":{"start":{"line":820,"column":4},"end":{"line":838,"column":4}}}},"statementMap":{"1":{"start":{"line":84,"column":8},"end":{"line":84,"column":75}},"2":{"start":{"line":89,"column":8},"end":{"line":89,"column":3596}},"3":{"start":{"line":99,"column":8},"end":{"line":99,"column":93}},"4":{"start":{"line":100,"column":8},"end":{"line":100,"column":47}},"5":{"start":{"line":101,"column":8},"end":{"line":101,"column":60}},"6":{"start":{"line":102,"column":8},"end":{"line":102,"column":70}},"7":{"start":{"line":104,"column":8},"end":{"line":104,"column":28}},"8":{"start":{"line":105,"column":8},"end":{"line":105,"column":84}},"9":{"start":{"line":106,"column":8},"end":{"line":106,"column":52}},"10":{"start":{"line":108,"column":8},"end":{"line":108,"column":48}},"11":{"start":{"line":109,"column":8},"end":{"line":109,"column":4399}},"12":{"start":{"line":110,"column":12},"end":{"line":110,"column":88}},"13":{"start":{"line":111,"column":12},"end":{"line":111,"column":56}},"14":{"start":{"line":114,"column":8},"end":{"line":114,"column":47}},"15":{"start":{"line":119,"column":8},"end":{"line":119,"column":93}},"16":{"start":{"line":120,"column":8},"end":{"line":120,"column":47}},"17":{"start":{"line":121,"column":8},"end":{"line":121,"column":65}},"18":{"start":{"line":122,"column":8},"end":{"line":122,"column":99}},"19":{"start":{"line":123,"column":8},"end":{"line":123,"column":88}},"20":{"start":{"line":124,"column":8},"end":{"line":124,"column":86}},"21":{"start":{"line":126,"column":8},"end":{"line":126,"column":47}},"22":{"start":{"line":137,"column":8},"end":{"line":137,"column":34}},"23":{"start":{"line":141,"column":8},"end":{"line":141,"column":33}},"24":{"start":{"line":144,"column":8},"end":{"line":144,"column":35}},"25":{"start":{"line":160,"column":8},"end":{"line":160,"column":99}},"26":{"start":{"line":161,"column":8},"end":{"line":161,"column":43}},"27":{"start":{"line":162,"column":8},"end":{"line":162,"column":60}},"28":{"start":{"line":163,"column":8},"end":{"line":163,"column":48}},"29":{"start":{"line":165,"column":8},"end":{"line":165,"column":52}},"30":{"start":{"line":166,"column":8},"end":{"line":166,"column":26}},"31":{"start":{"line":167,"column":8},"end":{"line":167,"column":31}},"32":{"start":{"line":168,"column":8},"end":{"line":168,"column":33}},"33":{"start":{"line":170,"column":8},"end":{"line":170,"column":66}},"34":{"start":{"line":180,"column":8},"end":{"line":180,"column":41}},"35":{"start":{"line":191,"column":8},"end":{"line":191,"column":45}},"36":{"start":{"line":195,"column":8},"end":{"line":195,"column":34}},"37":{"start":{"line":196,"column":8},"end":{"line":196,"column":68}},"38":{"start":{"line":197,"column":8},"end":{"line":197,"column":7212}},"39":{"start":{"line":199,"column":12},"end":{"line":199,"column":39}},"40":{"start":{"line":209,"column":8},"end":{"line":209,"column":32}},"41":{"start":{"line":215,"column":8},"end":{"line":215,"column":87}},"42":{"start":{"line":216,"column":8},"end":{"line":216,"column":41}},"43":{"start":{"line":223,"column":8},"end":{"line":223,"column":32}},"44":{"start":{"line":230,"column":8},"end":{"line":230,"column":85}},"45":{"start":{"line":231,"column":8},"end":{"line":231,"column":32}},"46":{"start":{"line":240,"column":8},"end":{"line":240,"column":8656}},"47":{"start":{"line":251,"column":8},"end":{"line":251,"column":81}},"48":{"start":{"line":252,"column":8},"end":{"line":252,"column":31}},"49":{"start":{"line":261,"column":8},"end":{"line":261,"column":41}},"50":{"start":{"line":270,"column":8},"end":{"line":270,"column":80}},"51":{"start":{"line":271,"column":8},"end":{"line":271,"column":20}},"52":{"start":{"line":278,"column":8},"end":{"line":278,"column":20}},"53":{"start":{"line":285,"column":8},"end":{"line":285,"column":22}},"54":{"start":{"line":293,"column":8},"end":{"line":293,"column":52}},"55":{"start":{"line":294,"column":8},"end":{"line":294,"column":71}},"56":{"start":{"line":295,"column":8},"end":{"line":295,"column":85}},"57":{"start":{"line":298,"column":8},"end":{"line":298,"column":10580}},"58":{"start":{"line":299,"column":12},"end":{"line":299,"column":28}},"59":{"start":{"line":302,"column":8},"end":{"line":302,"column":10748}},"60":{"start":{"line":303,"column":12},"end":{"line":303,"column":60}},"61":{"start":{"line":305,"column":8},"end":{"line":305,"column":17}},"62":{"start":{"line":314,"column":8},"end":{"line":314,"column":40}},"63":{"start":{"line":315,"column":8},"end":{"line":315,"column":64}},"64":{"start":{"line":317,"column":8},"end":{"line":317,"column":11233}},"65":{"start":{"line":322,"column":8},"end":{"line":322,"column":28}},"66":{"start":{"line":329,"column":8},"end":{"line":329,"column":94}},"67":{"start":{"line":331,"column":8},"end":{"line":331,"column":39}},"68":{"start":{"line":338,"column":8},"end":{"line":338,"column":69}},"69":{"start":{"line":340,"column":8},"end":{"line":340,"column":60}},"70":{"start":{"line":341,"column":8},"end":{"line":341,"column":61}},"71":{"start":{"line":348,"column":8},"end":{"line":348,"column":50}},"72":{"start":{"line":360,"column":8},"end":{"line":360,"column":110}},"73":{"start":{"line":362,"column":8},"end":{"line":362,"column":35}},"74":{"start":{"line":373,"column":8},"end":{"line":373,"column":46}},"75":{"start":{"line":385,"column":8},"end":{"line":385,"column":110}},"76":{"start":{"line":386,"column":8},"end":{"line":386,"column":46}},"77":{"start":{"line":398,"column":8},"end":{"line":398,"column":109}},"78":{"start":{"line":399,"column":8},"end":{"line":399,"column":21}},"79":{"start":{"line":403,"column":8},"end":{"line":403,"column":13868}},"80":{"start":{"line":404,"column":12},"end":{"line":404,"column":13898}},"81":{"start":{"line":405,"column":16},"end":{"line":405,"column":72}},"82":{"start":{"line":407,"column":16},"end":{"line":407,"column":54}},"83":{"start":{"line":409,"column":12},"end":{"line":409,"column":45}},"84":{"start":{"line":411,"column":12},"end":{"line":411,"column":14154}},"85":{"start":{"line":412,"column":16},"end":{"line":412,"column":47}},"86":{"start":{"line":414,"column":16},"end":{"line":414,"column":43}},"87":{"start":{"line":416,"column":12},"end":{"line":416,"column":55}},"88":{"start":{"line":418,"column":8},"end":{"line":418,"column":56}},"89":{"start":{"line":437,"column":8},"end":{"line":437,"column":22}},"90":{"start":{"line":438,"column":8},"end":{"line":438,"column":32}},"91":{"start":{"line":439,"column":8},"end":{"line":439,"column":32}},"92":{"start":{"line":440,"column":8},"end":{"line":440,"column":31}},"93":{"start":{"line":442,"column":8},"end":{"line":442,"column":15025}},"94":{"start":{"line":443,"column":12},"end":{"line":443,"column":15072}},"95":{"start":{"line":444,"column":16},"end":{"line":444,"column":15120}},"96":{"start":{"line":445,"column":20},"end":{"line":445,"column":33}},"97":{"start":{"line":448,"column":16},"end":{"line":448,"column":57}},"98":{"start":{"line":449,"column":16},"end":{"line":449,"column":67}},"99":{"start":{"line":450,"column":16},"end":{"line":450,"column":15385}},"100":{"start":{"line":451,"column":20},"end":{"line":451,"column":33}},"101":{"start":{"line":452,"column":20},"end":{"line":452,"column":15502}},"102":{"start":{"line":461,"column":20},"end":{"line":461,"column":44}},"103":{"start":{"line":471,"column":8},"end":{"line":471,"column":33}},"104":{"start":{"line":472,"column":8},"end":{"line":472,"column":32}},"105":{"start":{"line":473,"column":8},"end":{"line":473,"column":23}},"106":{"start":{"line":474,"column":8},"end":{"line":474,"column":31}},"107":{"start":{"line":475,"column":8},"end":{"line":475,"column":46}},"108":{"start":{"line":479,"column":8},"end":{"line":479,"column":20}},"109":{"start":{"line":480,"column":8},"end":{"line":480,"column":24}},"110":{"start":{"line":508,"column":8},"end":{"line":508,"column":35}},"111":{"start":{"line":509,"column":8},"end":{"line":509,"column":118}},"112":{"start":{"line":521,"column":8},"end":{"line":521,"column":45}},"113":{"start":{"line":525,"column":8},"end":{"line":525,"column":31}},"114":{"start":{"line":536,"column":8},"end":{"line":536,"column":80}},"115":{"start":{"line":537,"column":8},"end":{"line":537,"column":40}},"116":{"start":{"line":538,"column":8},"end":{"line":538,"column":104}},"117":{"start":{"line":552,"column":8},"end":{"line":552,"column":33}},"118":{"start":{"line":564,"column":8},"end":{"line":564,"column":25}},"119":{"start":{"line":565,"column":8},"end":{"line":565,"column":19506}},"120":{"start":{"line":590,"column":8},"end":{"line":590,"column":68}},"121":{"start":{"line":591,"column":8},"end":{"line":591,"column":65}},"122":{"start":{"line":593,"column":8},"end":{"line":593,"column":52}},"123":{"start":{"line":595,"column":8},"end":{"line":595,"column":25}},"124":{"start":{"line":596,"column":8},"end":{"line":596,"column":28}},"125":{"start":{"line":598,"column":8},"end":{"line":598,"column":55}},"126":{"start":{"line":600,"column":8},"end":{"line":600,"column":46}},"127":{"start":{"line":615,"column":8},"end":{"line":615,"column":40}},"128":{"start":{"line":617,"column":8},"end":{"line":617,"column":55}},"129":{"start":{"line":620,"column":8},"end":{"line":620,"column":36}},"130":{"start":{"line":622,"column":8},"end":{"line":622,"column":28}},"131":{"start":{"line":625,"column":8},"end":{"line":625,"column":35}},"132":{"start":{"line":626,"column":8},"end":{"line":626,"column":38}},"133":{"start":{"line":630,"column":8},"end":{"line":630,"column":51}},"134":{"start":{"line":653,"column":8},"end":{"line":653,"column":85}},"135":{"start":{"line":654,"column":8},"end":{"line":654,"column":72}},"136":{"start":{"line":656,"column":8},"end":{"line":656,"column":46}},"137":{"start":{"line":659,"column":8},"end":{"line":659,"column":36}},"138":{"start":{"line":661,"column":8},"end":{"line":661,"column":27}},"139":{"start":{"line":662,"column":8},"end":{"line":662,"column":25}},"140":{"start":{"line":663,"column":8},"end":{"line":663,"column":28}},"141":{"start":{"line":667,"column":8},"end":{"line":667,"column":40}},"142":{"start":{"line":676,"column":8},"end":{"line":676,"column":36}},"143":{"start":{"line":677,"column":8},"end":{"line":677,"column":52}},"144":{"start":{"line":688,"column":8},"end":{"line":688,"column":40}},"145":{"start":{"line":689,"column":8},"end":{"line":689,"column":22842}},"146":{"start":{"line":690,"column":12},"end":{"line":690,"column":58}},"147":{"start":{"line":691,"column":12},"end":{"line":691,"column":36}},"148":{"start":{"line":692,"column":12},"end":{"line":692,"column":22973}},"149":{"start":{"line":693,"column":16},"end":{"line":693,"column":48}},"150":{"start":{"line":715,"column":8},"end":{"line":715,"column":23805}},"151":{"start":{"line":716,"column":12},"end":{"line":716,"column":23844}},"152":{"start":{"line":717,"column":16},"end":{"line":717,"column":85}},"153":{"start":{"line":719,"column":16},"end":{"line":719,"column":24109}},"154":{"start":{"line":720,"column":20},"end":{"line":720,"column":79}},"155":{"start":{"line":728,"column":12},"end":{"line":728,"column":23}},"156":{"start":{"line":754,"column":8},"end":{"line":754,"column":25167}},"157":{"start":{"line":755,"column":12},"end":{"line":755,"column":51}},"158":{"start":{"line":756,"column":15},"end":{"line":756,"column":25262}},"159":{"start":{"line":757,"column":12},"end":{"line":757,"column":58}},"160":{"start":{"line":759,"column":8},"end":{"line":759,"column":25359}},"161":{"start":{"line":760,"column":12},"end":{"line":760,"column":56}},"162":{"start":{"line":761,"column":15},"end":{"line":761,"column":25457}},"163":{"start":{"line":762,"column":12},"end":{"line":762,"column":51}},"164":{"start":{"line":773,"column":8},"end":{"line":773,"column":38}},"165":{"start":{"line":774,"column":8},"end":{"line":774,"column":41}},"166":{"start":{"line":775,"column":8},"end":{"line":775,"column":42}},"167":{"start":{"line":783,"column":8},"end":{"line":783,"column":51}},"168":{"start":{"line":784,"column":8},"end":{"line":784,"column":31}},"169":{"start":{"line":799,"column":8},"end":{"line":799,"column":52}},"170":{"start":{"line":800,"column":8},"end":{"line":800,"column":55}},"171":{"start":{"line":803,"column":8},"end":{"line":803,"column":27485}},"172":{"start":{"line":804,"column":12},"end":{"line":804,"column":68}},"173":{"start":{"line":806,"column":12},"end":{"line":806,"column":55}},"174":{"start":{"line":807,"column":12},"end":{"line":807,"column":54}},"175":{"start":{"line":824,"column":8},"end":{"line":824,"column":54}},"176":{"start":{"line":825,"column":8},"end":{"line":825,"column":53}},"177":{"start":{"line":830,"column":8},"end":{"line":830,"column":56}},"178":{"start":{"line":832,"column":8},"end":{"line":832,"column":43}},"179":{"start":{"line":833,"column":8},"end":{"line":833,"column":48}},"180":{"start":{"line":837,"column":8},"end":{"line":837,"column":23}}},"branchMap":{"1":{"line":84,"type":"if","locations":[{"start":{"line":84,"column":8},"end":{"line":84,"column":8}},{"start":{"line":84,"column":8},"end":{"line":84,"column":8}}]},"2":{"line":89,"type":"if","locations":[{"start":{"line":89,"column":8},"end":{"line":89,"column":8}},{"start":{"line":89,"column":8},"end":{"line":89,"column":8}}]},"3":{"line":100,"type":"if","locations":[{"start":{"line":100,"column":8},"end":{"line":100,"column":8}},{"start":{"line":100,"column":8},"end":{"line":100,"column":8}}]},"4":{"line":101,"type":"if","locations":[{"start":{"line":101,"column":8},"end":{"line":101,"column":8}},{"start":{"line":101,"column":8},"end":{"line":101,"column":8}}]},"5":{"line":102,"type":"if","locations":[{"start":{"line":102,"column":8},"end":{"line":102,"column":8}},{"start":{"line":102,"column":8},"end":{"line":102,"column":8}}]},"6":{"line":106,"type":"if","locations":[{"start":{"line":106,"column":8},"end":{"line":106,"column":8}},{"start":{"line":106,"column":8},"end":{"line":106,"column":8}}]},"7":{"line":109,"type":"if","locations":[{"start":{"line":109,"column":8},"end":{"line":109,"column":8}},{"start":{"line":109,"column":8},"end":{"line":109,"column":8}}]},"8":{"line":111,"type":"if","locations":[{"start":{"line":111,"column":12},"end":{"line":111,"column":12}},{"start":{"line":111,"column":12},"end":{"line":111,"column":12}}]},"9":{"line":120,"type":"if","locations":[{"start":{"line":120,"column":8},"end":{"line":120,"column":8}},{"start":{"line":120,"column":8},"end":{"line":120,"column":8}}]},"10":{"line":121,"type":"if","locations":[{"start":{"line":121,"column":8},"end":{"line":121,"column":8}},{"start":{"line":121,"column":8},"end":{"line":121,"column":8}}]},"11":{"line":123,"type":"if","locations":[{"start":{"line":123,"column":8},"end":{"line":123,"column":8}},{"start":{"line":123,"column":8},"end":{"line":123,"column":8}}]},"12":{"line":161,"type":"if","locations":[{"start":{"line":161,"column":8},"end":{"line":161,"column":8}},{"start":{"line":161,"column":8},"end":{"line":161,"column":8}}]},"13":{"line":162,"type":"if","locations":[{"start":{"line":162,"column":8},"end":{"line":162,"column":8}},{"start":{"line":162,"column":8},"end":{"line":162,"column":8}}]},"14":{"line":163,"type":"if","locations":[{"start":{"line":163,"column":8},"end":{"line":163,"column":8}},{"start":{"line":163,"column":8},"end":{"line":163,"column":8}}]},"15":{"line":196,"type":"if","locations":[{"start":{"line":196,"column":8},"end":{"line":196,"column":8}},{"start":{"line":196,"column":8},"end":{"line":196,"column":8}}]},"16":{"line":215,"type":"if","locations":[{"start":{"line":215,"column":8},"end":{"line":215,"column":8}},{"start":{"line":215,"column":8},"end":{"line":215,"column":8}}]},"17":{"line":230,"type":"if","locations":[{"start":{"line":230,"column":8},"end":{"line":230,"column":8}},{"start":{"line":230,"column":8},"end":{"line":230,"column":8}}]},"18":{"line":251,"type":"if","locations":[{"start":{"line":251,"column":8},"end":{"line":251,"column":8}},{"start":{"line":251,"column":8},"end":{"line":251,"column":8}}]},"19":{"line":270,"type":"if","locations":[{"start":{"line":270,"column":8},"end":{"line":270,"column":8}},{"start":{"line":270,"column":8},"end":{"line":270,"column":8}}]},"20":{"line":295,"type":"if","locations":[{"start":{"line":295,"column":8},"end":{"line":295,"column":8}},{"start":{"line":295,"column":8},"end":{"line":295,"column":8}}]},"21":{"line":298,"type":"if","locations":[{"start":{"line":298,"column":8},"end":{"line":298,"column":8}},{"start":{"line":298,"column":8},"end":{"line":298,"column":8}}]},"22":{"line":302,"type":"if","locations":[{"start":{"line":302,"column":8},"end":{"line":302,"column":8}},{"start":{"line":302,"column":8},"end":{"line":302,"column":8}}]},"23":{"line":315,"type":"if","locations":[{"start":{"line":315,"column":8},"end":{"line":315,"column":8}},{"start":{"line":315,"column":8},"end":{"line":315,"column":8}}]},"24":{"line":317,"type":"if","locations":[{"start":{"line":317,"column":8},"end":{"line":317,"column":8}},{"start":{"line":317,"column":8},"end":{"line":317,"column":8}}]},"25":{"line":329,"type":"if","locations":[{"start":{"line":329,"column":8},"end":{"line":329,"column":8}},{"start":{"line":329,"column":8},"end":{"line":329,"column":8}}]},"26":{"line":338,"type":"if","locations":[{"start":{"line":338,"column":8},"end":{"line":338,"column":8}},{"start":{"line":338,"column":8},"end":{"line":338,"column":8}}]},"27":{"line":360,"type":"if","locations":[{"start":{"line":360,"column":8},"end":{"line":360,"column":8}},{"start":{"line":360,"column":8},"end":{"line":360,"column":8}}]},"28":{"line":385,"type":"if","locations":[{"start":{"line":385,"column":8},"end":{"line":385,"column":8}},{"start":{"line":385,"column":8},"end":{"line":385,"column":8}}]},"29":{"line":398,"type":"if","locations":[{"start":{"line":398,"column":8},"end":{"line":398,"column":8}},{"start":{"line":398,"column":8},"end":{"line":398,"column":8}}]},"30":{"line":403,"type":"if","locations":[{"start":{"line":403,"column":8},"end":{"line":403,"column":8}},{"start":{"line":403,"column":8},"end":{"line":403,"column":8}}]},"31":{"line":404,"type":"if","locations":[{"start":{"line":404,"column":12},"end":{"line":404,"column":12}},{"start":{"line":404,"column":12},"end":{"line":404,"column":12}}]},"32":{"line":411,"type":"if","locations":[{"start":{"line":411,"column":12},"end":{"line":411,"column":12}},{"start":{"line":411,"column":12},"end":{"line":411,"column":12}}]},"33":{"line":442,"type":"if","locations":[{"start":{"line":442,"column":8},"end":{"line":442,"column":8}},{"start":{"line":442,"column":8},"end":{"line":442,"column":8}}]},"34":{"line":443,"type":"if","locations":[{"start":{"line":443,"column":12},"end":{"line":443,"column":12}},{"start":{"line":443,"column":12},"end":{"line":443,"column":12}}]},"35":{"line":444,"type":"if","locations":[{"start":{"line":444,"column":16},"end":{"line":444,"column":16}},{"start":{"line":444,"column":16},"end":{"line":444,"column":16}}]},"36":{"line":450,"type":"if","locations":[{"start":{"line":450,"column":16},"end":{"line":450,"column":16}},{"start":{"line":450,"column":16},"end":{"line":450,"column":16}}]},"37":{"line":509,"type":"if","locations":[{"start":{"line":509,"column":8},"end":{"line":509,"column":8}},{"start":{"line":509,"column":8},"end":{"line":509,"column":8}}]},"38":{"line":536,"type":"if","locations":[{"start":{"line":536,"column":8},"end":{"line":536,"column":8}},{"start":{"line":536,"column":8},"end":{"line":536,"column":8}}]},"39":{"line":565,"type":"if","locations":[{"start":{"line":565,"column":8},"end":{"line":565,"column":8}},{"start":{"line":565,"column":8},"end":{"line":565,"column":8}}]},"40":{"line":590,"type":"if","locations":[{"start":{"line":590,"column":8},"end":{"line":590,"column":8}},{"start":{"line":590,"column":8},"end":{"line":590,"column":8}}]},"41":{"line":591,"type":"if","locations":[{"start":{"line":591,"column":8},"end":{"line":591,"column":8}},{"start":{"line":591,"column":8},"end":{"line":591,"column":8}}]},"42":{"line":653,"type":"if","locations":[{"start":{"line":653,"column":8},"end":{"line":653,"column":8}},{"start":{"line":653,"column":8},"end":{"line":653,"column":8}}]},"43":{"line":654,"type":"if","locations":[{"start":{"line":654,"column":8},"end":{"line":654,"column":8}},{"start":{"line":654,"column":8},"end":{"line":654,"column":8}}]},"44":{"line":689,"type":"if","locations":[{"start":{"line":689,"column":8},"end":{"line":689,"column":8}},{"start":{"line":689,"column":8},"end":{"line":689,"column":8}}]},"45":{"line":715,"type":"if","locations":[{"start":{"line":715,"column":8},"end":{"line":715,"column":8}},{"start":{"line":715,"column":8},"end":{"line":715,"column":8}}]},"46":{"line":719,"type":"if","locations":[{"start":{"line":719,"column":16},"end":{"line":719,"column":16}},{"start":{"line":719,"column":16},"end":{"line":719,"column":16}}]},"47":{"line":754,"type":"if","locations":[{"start":{"line":754,"column":8},"end":{"line":754,"column":8}},{"start":{"line":754,"column":8},"end":{"line":754,"column":8}}]},"48":{"line":756,"type":"if","locations":[{"start":{"line":756,"column":15},"end":{"line":756,"column":15}},{"start":{"line":756,"column":15},"end":{"line":756,"column":15}}]},"49":{"line":759,"type":"if","locations":[{"start":{"line":759,"column":8},"end":{"line":759,"column":8}},{"start":{"line":759,"column":8},"end":{"line":759,"column":8}}]},"50":{"line":761,"type":"if","locations":[{"start":{"line":761,"column":15},"end":{"line":761,"column":15}},{"start":{"line":761,"column":15},"end":{"line":761,"column":15}}]},"51":{"line":803,"type":"if","locations":[{"start":{"line":803,"column":8},"end":{"line":803,"column":8}},{"start":{"line":803,"column":8},"end":{"line":803,"column":8}}]}}},"contracts/extensions/ERC721SafeHooksUpgradeable.sol":{"l":{"28":61,"29":61,"30":60,"34":9,"35":9,"36":8,"55":11,"56":11,"57":11,"59":0,"62":0,"65":11,"76":4,"77":4,"78":4,"79":7,"81":4,"95":85,"103":59,"104":59,"125":72,"126":72,"127":11,"128":11,"129":0,"132":0,"136":72,"151":58,"152":58},"path":"/Users/sergeyvagapov/Solidity/NonFungibleTokenContract/contracts/extensions/ERC721SafeHooksUpgradeable.sol","s":{"1":61,"2":61,"3":60,"4":9,"5":9,"6":8,"7":11,"8":11,"9":11,"10":0,"11":0,"12":11,"13":4,"14":4,"15":4,"16":7,"17":4,"18":85,"19":59,"20":59,"21":72,"22":72,"23":11,"24":11,"25":0,"26":0,"27":72,"28":58,"29":58},"b":{"1":[60,1],"2":[8,1],"3":[11,0],"4":[0,11]},"f":{"1":61,"2":9,"3":11,"4":4,"5":85,"6":59,"7":59,"8":72,"9":58},"fnMap":{"1":{"name":"buy","line":27,"loc":{"start":{"line":27,"column":4},"end":{"line":31,"column":4}}},"2":{"name":"buy","line":33,"loc":{"start":{"line":33,"column":4},"end":{"line":37,"column":4}}},"3":{"name":"pushTokenTransferHook","line":52,"loc":{"start":{"line":47,"column":4},"end":{"line":67,"column":4}}},"4":{"name":"getHookList","line":69,"loc":{"start":{"line":69,"column":4},"end":{"line":82,"column":4}}},"5":{"name":"hooksCount","line":88,"loc":{"start":{"line":88,"column":4},"end":{"line":96,"column":4}}},"6":{"name":"__ERC721SafeHook_init","line":99,"loc":{"start":{"line":99,"column":4},"end":{"line":105,"column":4}}},"7":{"name":"__ERC721SafeHook_init_unchained","line":107,"loc":{"start":{"line":107,"column":4},"end":{"line":108,"column":4}}},"8":{"name":"_beforeTokenTransfer","line":116,"loc":{"start":{"line":116,"column":4},"end":{"line":138,"column":4}}},"9":{"name":"_mint","line":143,"loc":{"start":{"line":143,"column":4},"end":{"line":153,"column":4}}}},"statementMap":{"1":{"start":{"line":28,"column":8},"end":{"line":28,"column":49}},"2":{"start":{"line":29,"column":8},"end":{"line":29,"column":70}},"3":{"start":{"line":30,"column":8},"end":{"line":30,"column":31}},"4":{"start":{"line":34,"column":8},"end":{"line":34,"column":49}},"5":{"start":{"line":35,"column":8},"end":{"line":35,"column":70}},"6":{"start":{"line":36,"column":8},"end":{"line":36,"column":46}},"7":{"start":{"line":55,"column":8},"end":{"line":55,"column":1863}},"8":{"start":{"line":56,"column":12},"end":{"line":56,"column":1982}},"9":{"start":{"line":57,"column":16},"end":{"line":57,"column":51}},"10":{"start":{"line":59,"column":16},"end":{"line":59,"column":40}},"11":{"start":{"line":62,"column":12},"end":{"line":62,"column":36}},"12":{"start":{"line":65,"column":8},"end":{"line":65,"column":47}},"13":{"start":{"line":76,"column":8},"end":{"line":76,"column":42}},"14":{"start":{"line":77,"column":8},"end":{"line":77,"column":54}},"15":{"start":{"line":78,"column":8},"end":{"line":78,"column":2489}},"16":{"start":{"line":79,"column":12},"end":{"line":79,"column":46}},"17":{"start":{"line":81,"column":8},"end":{"line":81,"column":23}},"18":{"start":{"line":95,"column":8},"end":{"line":95,"column":39}},"19":{"start":{"line":103,"column":8},"end":{"line":103,"column":46}},"20":{"start":{"line":104,"column":8},"end":{"line":104,"column":40}},"21":{"start":{"line":125,"column":8},"end":{"line":125,"column":49}},"22":{"start":{"line":126,"column":8},"end":{"line":126,"column":3654}},"23":{"start":{"line":127,"column":12},"end":{"line":127,"column":3729}},"24":{"start":{"line":128,"column":16},"end":{"line":128,"column":3843}},"25":{"start":{"line":129,"column":20},"end":{"line":129,"column":52}},"26":{"start":{"line":132,"column":16},"end":{"line":132,"column":48}},"27":{"start":{"line":136,"column":8},"end":{"line":136,"column":52}},"28":{"start":{"line":151,"column":8},"end":{"line":151,"column":74}},"29":{"start":{"line":152,"column":8},"end":{"line":152,"column":31}}},"branchMap":{"1":{"line":29,"type":"if","locations":[{"start":{"line":29,"column":8},"end":{"line":29,"column":8}},{"start":{"line":29,"column":8},"end":{"line":29,"column":8}}]},"2":{"line":35,"type":"if","locations":[{"start":{"line":35,"column":8},"end":{"line":35,"column":8}},{"start":{"line":35,"column":8},"end":{"line":35,"column":8}}]},"3":{"line":56,"type":"if","locations":[{"start":{"line":56,"column":12},"end":{"line":56,"column":12}},{"start":{"line":56,"column":12},"end":{"line":56,"column":12}}]},"4":{"line":128,"type":"if","locations":[{"start":{"line":128,"column":16},"end":{"line":128,"column":16}},{"start":{"line":128,"column":16},"end":{"line":128,"column":16}}]}}},"contracts/interfaces/ISafeHook.sol":{"l":{},"path":"/Users/sergeyvagapov/Solidity/NonFungibleTokenContract/contracts/interfaces/ISafeHook.sol","s":{},"b":{},"f":{},"fnMap":{},"statementMap":{},"branchMap":{}},"contracts/mocks/Buyer.sol":{"l":{"15":2},"path":"/Users/sergeyvagapov/Solidity/NonFungibleTokenContract/contracts/mocks/Buyer.sol","s":{"1":2},"b":{},"f":{"1":177,"2":2},"fnMap":{"1":{"name":"constructor","line":10,"loc":{"start":{"line":10,"column":4},"end":{"line":12,"column":4}}},"2":{"name":"buy","line":14,"loc":{"start":{"line":14,"column":4},"end":{"line":16,"column":4}}}},"statementMap":{"1":{"start":{"line":15,"column":8},"end":{"line":15,"column":90}}},"branchMap":{}},"contracts/mocks/ERC721ReceiverMock.sol":{"l":{"21":177,"22":177,"31":4,"32":0,"34":0,"36":0,"37":0,"39":4,"40":4},"path":"/Users/sergeyvagapov/Solidity/NonFungibleTokenContract/contracts/mocks/ERC721ReceiverMock.sol","s":{"1":177,"2":177,"3":4,"4":0,"5":4,"6":0,"7":4,"8":0,"9":4,"10":4},"b":{"1":[0,4],"2":[0,4],"3":[0,4]},"f":{"1":177,"2":4},"fnMap":{"1":{"name":"constructor","line":20,"loc":{"start":{"line":20,"column":4},"end":{"line":23,"column":4}}},"2":{"name":"onERC721Received","line":25,"loc":{"start":{"line":25,"column":4},"end":{"line":41,"column":4}}}},"statementMap":{"1":{"start":{"line":21,"column":8},"end":{"line":21,"column":23}},"2":{"start":{"line":22,"column":8},"end":{"line":22,"column":21}},"3":{"start":{"line":31,"column":8},"end":{"line":31,"column":745}},"4":{"start":{"line":32,"column":12},"end":{"line":32,"column":50}},"5":{"start":{"line":33,"column":15},"end":{"line":33,"column":854}},"6":{"start":{"line":34,"column":12},"end":{"line":34,"column":19}},"7":{"start":{"line":35,"column":15},"end":{"line":35,"column":935}},"8":{"start":{"line":36,"column":12},"end":{"line":36,"column":47}},"9":{"start":{"line":39,"column":8},"end":{"line":39,"column":63}},"10":{"start":{"line":40,"column":8},"end":{"line":40,"column":22}}},"branchMap":{"1":{"line":31,"type":"if","locations":[{"start":{"line":31,"column":8},"end":{"line":31,"column":8}},{"start":{"line":31,"column":8},"end":{"line":31,"column":8}}]},"2":{"line":33,"type":"if","locations":[{"start":{"line":33,"column":15},"end":{"line":33,"column":15}},{"start":{"line":33,"column":15},"end":{"line":33,"column":15}}]},"3":{"line":35,"type":"if","locations":[{"start":{"line":35,"column":15},"end":{"line":35,"column":15}},{"start":{"line":35,"column":15},"end":{"line":35,"column":15}}]}}},"contracts/mocks/MockERC20.sol":{"l":{"11":59},"path":"/Users/sergeyvagapov/Solidity/NonFungibleTokenContract/contracts/mocks/MockERC20.sol","s":{"1":59},"b":{},"f":{"1":177,"2":59},"fnMap":{"1":{"name":"constructor","line":6,"loc":{"start":{"line":6,"column":4},"end":{"line":8,"column":4}}},"2":{"name":"mint","line":10,"loc":{"start":{"line":10,"column":4},"end":{"line":12,"column":4}}}},"statementMap":{"1":{"start":{"line":11,"column":8},"end":{"line":11,"column":33}}},"branchMap":{}},"contracts/mocks/MockHook.sol":{"l":{"12":11,"13":11},"path":"/Users/sergeyvagapov/Solidity/NonFungibleTokenContract/contracts/mocks/MockHook.sol","s":{"1":11},"b":{},"f":{"1":11},"fnMap":{"1":{"name":"transferHook","line":11,"loc":{"start":{"line":11,"column":4},"end":{"line":14,"column":4}}}},"statementMap":{"1":{"start":{"line":13,"column":8},"end":{"line":13,"column":19}}},"branchMap":{}},"contracts/presets/NFT.sol":{"l":{"10":0,"11":0,"12":0},"path":"/Users/sergeyvagapov/Solidity/NonFungibleTokenContract/contracts/presets/NFT.sol","s":{"1":0,"2":0,"3":0},"b":{},"f":{"1":0},"fnMap":{"1":{"name":"initialize","line":9,"loc":{"start":{"line":9,"column":4},"end":{"line":13,"column":4}}}},"statementMap":{"1":{"start":{"line":10,"column":8},"end":{"line":10,"column":23}},"2":{"start":{"line":11,"column":8},"end":{"line":11,"column":31}},"3":{"start":{"line":12,"column":8},"end":{"line":12,"column":36}}},"branchMap":{}},"contracts/presets/NFTSafeHook.sol":{"l":{"12":59,"13":59,"14":59},"path":"/Users/sergeyvagapov/Solidity/NonFungibleTokenContract/contracts/presets/NFTSafeHook.sol","s":{"1":59,"2":59,"3":59},"b":{},"f":{"1":59},"fnMap":{"1":{"name":"initialize","line":11,"loc":{"start":{"line":11,"column":4},"end":{"line":15,"column":4}}}},"statementMap":{"1":{"start":{"line":12,"column":8},"end":{"line":12,"column":23}},"2":{"start":{"line":13,"column":8},"end":{"line":13,"column":31}},"3":{"start":{"line":14,"column":8},"end":{"line":14,"column":44}}},"branchMap":{}},"contracts/SafeHook.sol":{"l":{"16":11},"path":"/Users/sergeyvagapov/Solidity/NonFungibleTokenContract/contracts/SafeHook.sol","s":{"1":11},"b":{},"f":{"1":11},"fnMap":{"1":{"name":"supportsInterface","line":12,"loc":{"start":{"line":12,"column":4},"end":{"line":17,"column":4}}}},"statementMap":{"1":{"start":{"line":16,"column":8},"end":{"line":16,"column":57}}},"branchMap":{}}}