{
"contracts/ERC721UpgradeableExt.sol":{"l":{"167":109,"168":109,"169":104,"170":103,"172":102,"173":102,"174":102,"176":102,"177":2,"178":2,"179":2,"183":102,"184":102,"186":102,"188":102,"189":5,"190":5,"193":102,"195":98,"196":98,"213":10,"214":10,"215":9,"216":8,"217":8,"219":6,"220":6,"221":6,"222":2,"223":2,"227":6,"229":6,"231":6,"232":6,"261":108,"262":108,"265":108,"266":6,"267":6,"268":0,"270":6,"271":2,"272":2,"273":2,"278":108,"279":5,"280":5,"281":0,"283":5,"284":2,"285":2,"286":2,"302":1,"303":1,"320":1,"321":1,"339":125,"340":124,"341":111,"343":1,"346":124,"348":124,"361":1,"362":1,"373":1,"387":9,"389":9,"407":10,"408":9,"416":7,"417":6,"419":6,"436":1,"437":1,"439":1,"462":11,"464":11,"465":10,"466":9,"468":8,"469":8,"481":8,"483":8,"487":8,"503":1,"504":1,"505":1,"506":1,"508":1,"515":1,"517":1,"519":1,"520":1,"538":3,"553":1,"568":2,"569":2,"571":1,"572":3,"573":3,"576":1,"588":8,"589":6,"596":10,"604":8,"605":6,"614":0,"625":210,"626":208,"638":113,"639":113,"640":111,"647":5,"654":5,"669":2,"679":6,"680":4,"681":4,"682":4,"683":4,"684":4,"685":2,"687":4,"688":0,"691":4,"692":4,"694":0,"712":8,"713":8,"714":6,"715":6,"720":4,"731":13,"733":13,"747":4,"749":2,"750":2,"759":13,"782":13,"784":11,"806":6,"828":8,"829":6,"848":1,"849":1,"867":1,"868":1,"880":7,"881":5,"883":5,"893":108,"894":108,"895":5,"896":1,"898":4,"900":5,"901":5,"903":103,"904":2,"906":101,"908":99,"909":99,"934":131,"935":131,"936":131,"938":131,"939":131,"941":131,"942":128,"943":19,"944":7,"947":109,"948":109,"949":109,"950":108,"951":108,"952":108,"962":205,"963":205,"964":205,"965":205,"967":205,"968":205,"969":205,"971":205,"985":1,"994":1,"1021":8,"1022":8,"1034":285,"1038":155,"1052":2,"1064":2,"1065":2,"1090":106,"1091":106,"1093":106,"1095":104,"1096":104,"1098":104,"1099":104,"1101":104,"1102":102,"1106":103,"1121":5,"1123":5,"1126":5,"1128":5,"1131":5,"1132":5,"1136":5,"1159":24,"1160":24,"1162":22,"1165":22,"1167":22,"1168":22,"1169":22,"1173":22,"1175":22,"1194":9,"1203":31,"1204":31,"1219":4,"1220":4,"1221":3,"1222":3,"1223":3,"1224":7,"1236":562,"1246":223,"1257":489,"1271":207,"1272":207,"1292":10,"1293":10,"1294":7,"1296":3,"1297":3,"1299":0,"1305":0,"1331":131,"1332":104,"1334":27,"1336":131,"1337":5,"1339":126,"1350":126,"1351":126,"1352":126,"1360":104,"1361":104,"1376":27,"1377":27,"1380":27,"1381":0,"1383":0,"1384":0,"1388":27,"1389":27,"1401":5,"1402":5,"1407":5,"1409":5,"1410":5,"1413":5,"1414":5,"1424":489,"1425":210,"1432":0,"1434":0,"1440":139,"1441":139,"1451":42,"1452":42,"1453":42,"1454":42},"path":"/Users/sergeyvagapov/Solidity/NonFungibleTokenContract/contracts/ERC721UpgradeableExt.sol","s":{"1":109,"2":109,"3":104,"4":103,"5":102,"6":102,"7":102,"8":102,"9":2,"10":2,"11":2,"12":102,"13":102,"14":102,"15":102,"16":5,"17":5,"18":102,"19":98,"20":98,"21":10,"22":10,"23":9,"24":8,"25":8,"26":6,"27":6,"28":6,"29":2,"30":2,"31":6,"32":6,"33":6,"34":6,"35":108,"36":108,"37":108,"38":6,"39":6,"40":0,"41":6,"42":2,"43":2,"44":108,"45":5,"46":5,"47":0,"48":5,"49":2,"50":2,"51":1,"52":1,"53":1,"54":1,"55":125,"56":124,"57":111,"58":13,"59":1,"60":124,"61":124,"62":1,"63":1,"64":1,"65":9,"66":9,"67":10,"68":9,"69":7,"70":6,"71":6,"72":1,"73":1,"74":11,"75":11,"76":10,"77":9,"78":8,"79":8,"80":8,"81":8,"82":8,"83":1,"84":1,"85":1,"86":1,"87":1,"88":1,"89":1,"90":1,"91":1,"92":3,"93":1,"94":2,"95":2,"96":1,"97":3,"98":3,"99":1,"100":8,"101":6,"102":10,"103":8,"104":6,"105":0,"106":210,"107":208,"108":113,"109":113,"110":111,"111":5,"112":5,"113":2,"114":6,"115":4,"116":4,"117":4,"118":4,"119":4,"120":2,"121":4,"122":0,"123":4,"124":4,"125":0,"126":8,"127":8,"128":6,"129":6,"130":4,"131":13,"132":13,"133":4,"134":2,"135":2,"136":13,"137":13,"138":11,"139":6,"140":8,"141":6,"142":1,"143":1,"144":1,"145":1,"146":7,"147":5,"148":5,"149":108,"150":108,"151":5,"152":1,"153":4,"154":5,"155":5,"156":103,"157":2,"158":101,"159":99,"160":99,"161":131,"162":131,"163":131,"164":131,"165":131,"166":131,"167":128,"168":19,"169":7,"170":109,"171":109,"172":109,"173":108,"174":108,"175":108,"176":205,"177":205,"178":205,"179":205,"180":205,"181":205,"182":205,"183":205,"184":1,"185":1,"186":8,"187":8,"188":285,"189":155,"190":2,"191":2,"192":2,"193":106,"194":106,"195":106,"196":104,"197":104,"198":104,"199":104,"200":104,"201":102,"202":103,"203":5,"204":5,"205":5,"206":5,"207":5,"208":5,"209":5,"210":24,"211":24,"212":22,"213":22,"214":22,"215":22,"216":22,"217":22,"218":22,"219":9,"220":31,"221":31,"222":4,"223":4,"224":3,"225":3,"226":3,"227":7,"228":562,"229":223,"230":489,"231":207,"232":207,"233":10,"234":10,"235":7,"236":3,"237":3,"238":0,"239":131,"240":104,"241":27,"242":27,"243":131,"244":5,"245":126,"246":126,"247":126,"248":126,"249":126,"250":104,"251":104,"252":27,"253":27,"254":27,"255":0,"256":0,"257":0,"258":5,"259":5,"260":5,"261":5,"262":5,"263":5,"264":489,"265":210,"266":0,"267":0,"268":139,"269":139,"270":42,"271":42,"272":42,"273":42},"b":{"1":[104,5],"2":[103,1],"3":[102,1],"4":[2,0],"5":[102,0],"6":[5,97],"7":[5,0],"8":[9,1],"9":[8,1],"10":[6,2],"11":[6,102],"12":[0,6],"13":[2,4],"14":[5,103],"15":[0,5],"16":[2,3],"17":[111,13],"18":[1,12],"19":[7,2],"20":[6,1],"21":[9,1],"22":[8,1],"23":[1,0],"24":[1,1],"25":[6,2],"26":[6,2],"27":[208,2],"28":[111,2],"29":[4,2],"30":[2,2],"31":[0,4],"32":[4,0],"33":[6,2],"34":[4,2],"35":[13,0],"36":[2,2],"37":[5,103],"38":[1,4],"39":[2,101],"40":[128,3],"41":[19,109],"42":[7,12],"43":[108,1],"44":[1,0],"45":[6,2],"46":[1,1],"47":[106,0],"48":[106,0],"49":[102,2],"50":[101,1],"51":[24,0],"52":[22,2],"53":[3,1],"54":[10,0],"55":[3,0],"56":[104,27],"57":[27,0],"58":[5,126],"59":[126,0],"60":[0,27],"61":[210,279],"62":[137,2],"63":[42,0],"64":[35,7]},"f":{"1":109,"2":10,"3":108,"4":1,"5":1,"6":125,"7":1,"8":1,"9":9,"10":10,"11":1,"12":11,"13":1,"14":3,"15":1,"16":2,"17":8,"18":10,"19":8,"20":0,"21":210,"22":113,"23":5,"24":5,"25":2,"26":6,"27":8,"28":13,"29":4,"30":13,"31":13,"32":6,"33":8,"34":1,"35":1,"36":7,"37":108,"38":131,"39":205,"40":1,"41":8,"42":285,"43":155,"44":2,"45":2,"46":106,"47":5,"48":24,"49":9,"50":31,"51":4,"52":562,"53":223,"54":489,"55":207,"56":10,"57":131,"58":126,"59":104,"60":27,"61":5,"62":489,"63":139,"64":42},"fnMap":{"1":{"name":"buy","line":166,"loc":{"start":{"line":166,"column":4},"end":{"line":202,"column":4}}},"2":{"name":"buy","line":212,"loc":{"start":{"line":212,"column":4},"end":{"line":237,"column":4}}},"3":{"name":"calculateCommission","line":248,"loc":{"start":{"line":248,"column":4},"end":{"line":290,"column":4}}},"4":{"name":"setBaseURI","line":299,"loc":{"start":{"line":296,"column":4},"end":{"line":308,"column":4}}},"5":{"name":"setSuffix","line":317,"loc":{"start":{"line":314,"column":4},"end":{"line":326,"column":4}}},"6":{"name":"setSeriesInfo","line":333,"loc":{"start":{"line":333,"column":4},"end":{"line":354,"column":4}}},"7":{"name":"setContractURI","line":360,"loc":{"start":{"line":360,"column":4},"end":{"line":367,"column":4}}},"8":{"name":"contractURI","line":372,"loc":{"start":{"line":372,"column":4},"end":{"line":374,"column":4}}},"9":{"name":"setOwnerCommission","line":384,"loc":{"start":{"line":380,"column":4},"end":{"line":395,"column":4}}},"10":{"name":"setCommission","line":401,"loc":{"start":{"line":401,"column":4},"end":{"line":425,"column":4}}},"11":{"name":"removeCommission","line":431,"loc":{"start":{"line":431,"column":4},"end":{"line":445,"column":4}}},"12":{"name":"listForSale","line":454,"loc":{"start":{"line":454,"column":4},"end":{"line":492,"column":4}}},"13":{"name":"removeFromSale","line":498,"loc":{"start":{"line":498,"column":4},"end":{"line":525,"column":4}}},"14":{"name":"tokensByOwner","line":531,"loc":{"start":{"line":531,"column":4},"end":{"line":539,"column":4}}},"15":{"name":"tokensByOwner","line":545,"loc":{"start":{"line":545,"column":4},"end":{"line":554,"column":4}}},"16":{"name":"mintAndDistribute","line":562,"loc":{"start":{"line":562,"column":4},"end":{"line":581,"column":4}}},"17":{"name":"tokenOfOwnerByIndex","line":587,"loc":{"start":{"line":587,"column":4},"end":{"line":590,"column":4}}},"18":{"name":"totalSupply","line":595,"loc":{"start":{"line":595,"column":4},"end":{"line":597,"column":4}}},"19":{"name":"tokenByIndex","line":603,"loc":{"start":{"line":603,"column":4},"end":{"line":606,"column":4}}},"20":{"name":"supportsInterface","line":613,"loc":{"start":{"line":613,"column":4},"end":{"line":619,"column":4}}},"21":{"name":"balanceOf","line":624,"loc":{"start":{"line":624,"column":4},"end":{"line":627,"column":4}}},"22":{"name":"ownerOf","line":637,"loc":{"start":{"line":637,"column":4},"end":{"line":641,"column":4}}},"23":{"name":"name","line":646,"loc":{"start":{"line":646,"column":4},"end":{"line":648,"column":4}}},"24":{"name":"symbol","line":653,"loc":{"start":{"line":653,"column":4},"end":{"line":655,"column":4}}},"25":{"name":"setNameAndSymbol","line":667,"loc":{"start":{"line":662,"column":4},"end":{"line":670,"column":4}}},"26":{"name":"tokenURI","line":676,"loc":{"start":{"line":676,"column":4},"end":{"line":695,"column":4}}},"27":{"name":"approve","line":711,"loc":{"start":{"line":711,"column":4},"end":{"line":721,"column":4}}},"28":{"name":"getApproved","line":730,"loc":{"start":{"line":730,"column":4},"end":{"line":734,"column":4}}},"29":{"name":"setApprovalForAll","line":746,"loc":{"start":{"line":746,"column":4},"end":{"line":751,"column":4}}},"30":{"name":"isApprovedForAll","line":758,"loc":{"start":{"line":758,"column":4},"end":{"line":760,"column":4}}},"31":{"name":"transferFrom","line":776,"loc":{"start":{"line":776,"column":4},"end":{"line":785,"column":4}}},"32":{"name":"safeTransferFrom","line":801,"loc":{"start":{"line":801,"column":4},"end":{"line":807,"column":4}}},"33":{"name":"safeTransferFrom","line":822,"loc":{"start":{"line":822,"column":4},"end":{"line":830,"column":4}}},"34":{"name":"transfer","line":844,"loc":{"start":{"line":844,"column":4},"end":{"line":850,"column":4}}},"35":{"name":"safeTransfer","line":863,"loc":{"start":{"line":863,"column":4},"end":{"line":869,"column":4}}},"36":{"name":"burn","line":878,"loc":{"start":{"line":878,"column":4},"end":{"line":888,"column":4}}},"37":{"name":"_buy","line":890,"loc":{"start":{"line":890,"column":4},"end":{"line":915,"column":4}}},"38":{"name":"_isOnSale","line":922,"loc":{"start":{"line":922,"column":4},"end":{"line":956,"column":4}}},"39":{"name":"__ERC721_init","line":961,"loc":{"start":{"line":961,"column":4},"end":{"line":976,"column":4}}},"40":{"name":"overrideCostManager","line":982,"loc":{"start":{"line":982,"column":4},"end":{"line":995,"column":4}}},"41":{"name":"_safeTransfer","line":1015,"loc":{"start":{"line":1015,"column":4},"end":{"line":1023,"column":4}}},"42":{"name":"_exists","line":1033,"loc":{"start":{"line":1033,"column":4},"end":{"line":1035,"column":4}}},"43":{"name":"_ownerOf","line":1037,"loc":{"start":{"line":1037,"column":4},"end":{"line":1039,"column":4}}},"44":{"name":"_safeMint","line":1051,"loc":{"start":{"line":1051,"column":4},"end":{"line":1053,"column":4}}},"45":{"name":"_safeMint","line":1059,"loc":{"start":{"line":1059,"column":4},"end":{"line":1069,"column":4}}},"46":{"name":"_mint","line":1083,"loc":{"start":{"line":1083,"column":4},"end":{"line":1108,"column":4}}},"47":{"name":"_burn","line":1120,"loc":{"start":{"line":1120,"column":4},"end":{"line":1141,"column":4}}},"48":{"name":"_transfer","line":1154,"loc":{"start":{"line":1154,"column":4},"end":{"line":1181,"column":4}}},"49":{"name":"_setSaleInfo","line":1188,"loc":{"start":{"line":1188,"column":4},"end":{"line":1195,"column":4}}},"50":{"name":"_approve","line":1202,"loc":{"start":{"line":1202,"column":4},"end":{"line":1205,"column":4}}},"51":{"name":"_tokensByOwner","line":1211,"loc":{"start":{"line":1211,"column":4},"end":{"line":1227,"column":4}}},"52":{"name":"getSeriesId","line":1229,"loc":{"start":{"line":1229,"column":4},"end":{"line":1237,"column":4}}},"53":{"name":"getOperationId","line":1239,"loc":{"start":{"line":1239,"column":4},"end":{"line":1247,"column":4}}},"54":{"name":"getOperationId","line":1249,"loc":{"start":{"line":1249,"column":4},"end":{"line":1258,"column":4}}},"55":{"name":"_setNameAndSymbol","line":1265,"loc":{"start":{"line":1265,"column":4},"end":{"line":1273,"column":4}}},"56":{"name":"_checkOnERC721Received","line":1286,"loc":{"start":{"line":1286,"column":4},"end":{"line":1307,"column":4}}},"57":{"name":"_beforeTokenTransfer","line":1325,"loc":{"start":{"line":1325,"column":4},"end":{"line":1341,"column":4}}},"58":{"name":"_addTokenToOwnerEnumeration","line":1349,"loc":{"start":{"line":1349,"column":4},"end":{"line":1353,"column":4}}},"59":{"name":"_addTokenToAllTokensEnumeration","line":1359,"loc":{"start":{"line":1359,"column":4},"end":{"line":1362,"column":4}}},"60":{"name":"_removeTokenFromOwnerEnumeration","line":1372,"loc":{"start":{"line":1372,"column":4},"end":{"line":1390,"column":4}}},"61":{"name":"_removeTokenFromAllTokensEnumeration","line":1397,"loc":{"start":{"line":1397,"column":4},"end":{"line":1415,"column":4}}},"62":{"name":"_accountForOperation","line":1423,"loc":{"start":{"line":1423,"column":4},"end":{"line":1437,"column":4}}},"63":{"name":"_requireOnlyOwnerAuthorOrOperator","line":1439,"loc":{"start":{"line":1439,"column":4},"end":{"line":1447,"column":4}}},"64":{"name":"_requireOnlyTokenOwnerOrOperator","line":1450,"loc":{"start":{"line":1450,"column":4},"end":{"line":1462,"column":4}}}},"statementMap":{"1":{"start":{"line":167,"column":8},"end":{"line":167,"column":93}},"2":{"start":{"line":168,"column":8},"end":{"line":168,"column":47}},"3":{"start":{"line":169,"column":8},"end":{"line":169,"column":90}},"4":{"start":{"line":170,"column":8},"end":{"line":170,"column":70}},"5":{"start":{"line":172,"column":8},"end":{"line":172,"column":28}},"6":{"start":{"line":173,"column":8},"end":{"line":173,"column":33}},"7":{"start":{"line":174,"column":8},"end":{"line":174,"column":130}},"8":{"start":{"line":176,"column":8},"end":{"line":176,"column":5994}},"9":{"start":{"line":177,"column":12},"end":{"line":177,"column":93}},"10":{"start":{"line":178,"column":12},"end":{"line":178,"column":65}},"11":{"start":{"line":179,"column":12},"end":{"line":179,"column":28}},"12":{"start":{"line":183,"column":8},"end":{"line":183,"column":77}},"13":{"start":{"line":184,"column":8},"end":{"line":184,"column":59}},"14":{"start":{"line":186,"column":8},"end":{"line":186,"column":47}},"15":{"start":{"line":188,"column":8},"end":{"line":188,"column":6504}},"16":{"start":{"line":189,"column":12},"end":{"line":189,"column":88}},"17":{"start":{"line":190,"column":12},"end":{"line":190,"column":52}},"18":{"start":{"line":193,"column":8},"end":{"line":193,"column":47}},"19":{"start":{"line":195,"column":8},"end":{"line":195,"column":46}},"20":{"start":{"line":196,"column":8},"end":{"line":196,"column":6843}},"21":{"start":{"line":213,"column":8},"end":{"line":213,"column":93}},"22":{"start":{"line":214,"column":8},"end":{"line":214,"column":47}},"23":{"start":{"line":215,"column":8},"end":{"line":215,"column":68}},"24":{"start":{"line":216,"column":8},"end":{"line":216,"column":99}},"25":{"start":{"line":217,"column":8},"end":{"line":217,"column":85}},"26":{"start":{"line":219,"column":8},"end":{"line":219,"column":33}},"27":{"start":{"line":220,"column":8},"end":{"line":220,"column":130}},"28":{"start":{"line":221,"column":8},"end":{"line":221,"column":8020}},"29":{"start":{"line":222,"column":12},"end":{"line":222,"column":95}},"30":{"start":{"line":223,"column":12},"end":{"line":223,"column":28}},"31":{"start":{"line":227,"column":8},"end":{"line":227,"column":79}},"32":{"start":{"line":229,"column":8},"end":{"line":229,"column":47}},"33":{"start":{"line":231,"column":8},"end":{"line":231,"column":46}},"34":{"start":{"line":232,"column":8},"end":{"line":232,"column":8494}},"35":{"start":{"line":261,"column":8},"end":{"line":261,"column":46}},"36":{"start":{"line":262,"column":8},"end":{"line":262,"column":17}},"37":{"start":{"line":265,"column":8},"end":{"line":265,"column":9471}},"38":{"start":{"line":266,"column":12},"end":{"line":266,"column":64}},"39":{"start":{"line":267,"column":12},"end":{"line":267,"column":9615}},"40":{"start":{"line":268,"column":16},"end":{"line":268,"column":56}},"41":{"start":{"line":270,"column":12},"end":{"line":270,"column":9759}},"42":{"start":{"line":271,"column":16},"end":{"line":271,"column":75}},"43":{"start":{"line":272,"column":16},"end":{"line":272,"column":53}},"44":{"start":{"line":278,"column":8},"end":{"line":278,"column":9992}},"45":{"start":{"line":279,"column":12},"end":{"line":279,"column":65}},"46":{"start":{"line":280,"column":12},"end":{"line":280,"column":10138}},"47":{"start":{"line":281,"column":16},"end":{"line":281,"column":57}},"48":{"start":{"line":283,"column":12},"end":{"line":283,"column":10284}},"49":{"start":{"line":284,"column":16},"end":{"line":284,"column":76}},"50":{"start":{"line":285,"column":16},"end":{"line":285,"column":53}},"51":{"start":{"line":302,"column":8},"end":{"line":302,"column":25}},"52":{"start":{"line":303,"column":8},"end":{"line":303,"column":10756}},"53":{"start":{"line":320,"column":8},"end":{"line":320,"column":23}},"54":{"start":{"line":321,"column":8},"end":{"line":321,"column":11149}},"55":{"start":{"line":339,"column":8},"end":{"line":339,"column":50}},"56":{"start":{"line":340,"column":8},"end":{"line":340,"column":11588}},"57":{"start":{"line":341,"column":12},"end":{"line":341,"column":114}},"58":{"start":{"line":342,"column":15},"end":{"line":342,"column":11796}},"59":{"start":{"line":343,"column":12},"end":{"line":343,"column":48}},"60":{"start":{"line":346,"column":8},"end":{"line":346,"column":34}},"61":{"start":{"line":348,"column":8},"end":{"line":348,"column":11950}},"62":{"start":{"line":361,"column":8},"end":{"line":361,"column":36}},"63":{"start":{"line":362,"column":8},"end":{"line":362,"column":12364}},"64":{"start":{"line":373,"column":8},"end":{"line":373,"column":27}},"65":{"start":{"line":387,"column":8},"end":{"line":387,"column":34}},"66":{"start":{"line":389,"column":8},"end":{"line":389,"column":12932}},"67":{"start":{"line":407,"column":8},"end":{"line":407,"column":50}},"68":{"start":{"line":408,"column":8},"end":{"line":408,"column":13430}},"69":{"start":{"line":416,"column":8},"end":{"line":416,"column":74}},"70":{"start":{"line":417,"column":8},"end":{"line":417,"column":103}},"71":{"start":{"line":419,"column":8},"end":{"line":419,"column":13933}},"72":{"start":{"line":436,"column":8},"end":{"line":436,"column":50}},"73":{"start":{"line":439,"column":8},"end":{"line":439,"column":14417}},"74":{"start":{"line":462,"column":8},"end":{"line":462,"column":103}},"75":{"start":{"line":464,"column":8},"end":{"line":464,"column":48}},"76":{"start":{"line":465,"column":8},"end":{"line":465,"column":43}},"77":{"start":{"line":466,"column":8},"end":{"line":466,"column":48}},"78":{"start":{"line":468,"column":8},"end":{"line":468,"column":46}},"79":{"start":{"line":469,"column":8},"end":{"line":469,"column":15276}},"80":{"start":{"line":481,"column":8},"end":{"line":481,"column":43}},"81":{"start":{"line":483,"column":8},"end":{"line":483,"column":15949}},"82":{"start":{"line":487,"column":8},"end":{"line":487,"column":16076}},"83":{"start":{"line":503,"column":8},"end":{"line":503,"column":103}},"84":{"start":{"line":504,"column":8},"end":{"line":504,"column":44}},"85":{"start":{"line":505,"column":8},"end":{"line":505,"column":33}},"86":{"start":{"line":506,"column":8},"end":{"line":506,"column":48}},"87":{"start":{"line":508,"column":8},"end":{"line":508,"column":16671}},"88":{"start":{"line":515,"column":8},"end":{"line":515,"column":43}},"89":{"start":{"line":517,"column":8},"end":{"line":517,"column":46}},"90":{"start":{"line":519,"column":8},"end":{"line":519,"column":46}},"91":{"start":{"line":520,"column":8},"end":{"line":520,"column":17064}},"92":{"start":{"line":538,"column":8},"end":{"line":538,"column":41}},"93":{"start":{"line":553,"column":8},"end":{"line":553,"column":45}},"94":{"start":{"line":568,"column":8},"end":{"line":568,"column":38}},"95":{"start":{"line":569,"column":8},"end":{"line":569,"column":68}},"96":{"start":{"line":571,"column":8},"end":{"line":571,"column":18356}},"97":{"start":{"line":572,"column":12},"end":{"line":572,"column":70}},"98":{"start":{"line":573,"column":12},"end":{"line":573,"column":43}},"99":{"start":{"line":576,"column":8},"end":{"line":576,"column":18537}},"100":{"start":{"line":588,"column":8},"end":{"line":588,"column":87}},"101":{"start":{"line":589,"column":8},"end":{"line":589,"column":41}},"102":{"start":{"line":596,"column":8},"end":{"line":596,"column":32}},"103":{"start":{"line":604,"column":8},"end":{"line":604,"column":85}},"104":{"start":{"line":605,"column":8},"end":{"line":605,"column":32}},"105":{"start":{"line":614,"column":8},"end":{"line":614,"column":19939}},"106":{"start":{"line":625,"column":8},"end":{"line":625,"column":81}},"107":{"start":{"line":626,"column":8},"end":{"line":626,"column":31}},"108":{"start":{"line":638,"column":8},"end":{"line":638,"column":41}},"109":{"start":{"line":639,"column":8},"end":{"line":639,"column":80}},"110":{"start":{"line":640,"column":8},"end":{"line":640,"column":20}},"111":{"start":{"line":647,"column":8},"end":{"line":647,"column":20}},"112":{"start":{"line":654,"column":8},"end":{"line":654,"column":22}},"113":{"start":{"line":669,"column":8},"end":{"line":669,"column":44}},"114":{"start":{"line":679,"column":8},"end":{"line":679,"column":85}},"115":{"start":{"line":680,"column":8},"end":{"line":680,"column":63}},"116":{"start":{"line":681,"column":8},"end":{"line":681,"column":46}},"117":{"start":{"line":682,"column":8},"end":{"line":682,"column":61}},"118":{"start":{"line":683,"column":8},"end":{"line":683,"column":59}},"119":{"start":{"line":684,"column":8},"end":{"line":684,"column":22055}},"120":{"start":{"line":685,"column":12},"end":{"line":685,"column":29}},"121":{"start":{"line":687,"column":8},"end":{"line":687,"column":22140}},"122":{"start":{"line":688,"column":12},"end":{"line":688,"column":27}},"123":{"start":{"line":691,"column":8},"end":{"line":691,"column":22261}},"124":{"start":{"line":692,"column":12},"end":{"line":692,"column":81}},"125":{"start":{"line":694,"column":8},"end":{"line":694,"column":17}},"126":{"start":{"line":712,"column":8},"end":{"line":712,"column":40}},"127":{"start":{"line":713,"column":8},"end":{"line":713,"column":64}},"128":{"start":{"line":714,"column":8},"end":{"line":714,"column":33}},"129":{"start":{"line":715,"column":8},"end":{"line":715,"column":23109}},"130":{"start":{"line":720,"column":8},"end":{"line":720,"column":28}},"131":{"start":{"line":731,"column":8},"end":{"line":731,"column":94}},"132":{"start":{"line":733,"column":8},"end":{"line":733,"column":39}},"133":{"start":{"line":747,"column":8},"end":{"line":747,"column":69}},"134":{"start":{"line":749,"column":8},"end":{"line":749,"column":60}},"135":{"start":{"line":750,"column":8},"end":{"line":750,"column":61}},"136":{"start":{"line":759,"column":8},"end":{"line":759,"column":50}},"137":{"start":{"line":782,"column":8},"end":{"line":782,"column":48}},"138":{"start":{"line":784,"column":8},"end":{"line":784,"column":35}},"139":{"start":{"line":806,"column":8},"end":{"line":806,"column":46}},"140":{"start":{"line":828,"column":8},"end":{"line":828,"column":48}},"141":{"start":{"line":829,"column":8},"end":{"line":829,"column":46}},"142":{"start":{"line":848,"column":8},"end":{"line":848,"column":48}},"143":{"start":{"line":849,"column":8},"end":{"line":849,"column":43}},"144":{"start":{"line":867,"column":8},"end":{"line":867,"column":48}},"145":{"start":{"line":868,"column":8},"end":{"line":868,"column":51}},"146":{"start":{"line":880,"column":8},"end":{"line":880,"column":48}},"147":{"start":{"line":881,"column":8},"end":{"line":881,"column":21}},"148":{"start":{"line":883,"column":8},"end":{"line":883,"column":28588}},"149":{"start":{"line":893,"column":8},"end":{"line":893,"column":33}},"150":{"start":{"line":894,"column":8},"end":{"line":894,"column":28879}},"151":{"start":{"line":895,"column":12},"end":{"line":895,"column":28909}},"152":{"start":{"line":896,"column":16},"end":{"line":896,"column":62}},"153":{"start":{"line":898,"column":16},"end":{"line":898,"column":44}},"154":{"start":{"line":900,"column":12},"end":{"line":900,"column":45}},"155":{"start":{"line":901,"column":12},"end":{"line":901,"column":75}},"156":{"start":{"line":903,"column":12},"end":{"line":903,"column":29222}},"157":{"start":{"line":904,"column":16},"end":{"line":904,"column":37}},"158":{"start":{"line":906,"column":16},"end":{"line":906,"column":33}},"159":{"start":{"line":908,"column":12},"end":{"line":908,"column":45}},"160":{"start":{"line":909,"column":12},"end":{"line":909,"column":29405}},"161":{"start":{"line":934,"column":8},"end":{"line":934,"column":56}},"162":{"start":{"line":935,"column":8},"end":{"line":935,"column":50}},"163":{"start":{"line":936,"column":8},"end":{"line":936,"column":44}},"164":{"start":{"line":938,"column":8},"end":{"line":938,"column":32}},"165":{"start":{"line":939,"column":8},"end":{"line":939,"column":31}},"166":{"start":{"line":941,"column":8},"end":{"line":941,"column":30227}},"167":{"start":{"line":942,"column":12},"end":{"line":942,"column":30272}},"168":{"start":{"line":943,"column":16},"end":{"line":943,"column":30320}},"169":{"start":{"line":944,"column":20},"end":{"line":944,"column":33}},"170":{"start":{"line":947,"column":16},"end":{"line":947,"column":54}},"171":{"start":{"line":948,"column":16},"end":{"line":948,"column":67}},"172":{"start":{"line":949,"column":16},"end":{"line":949,"column":30582}},"173":{"start":{"line":950,"column":20},"end":{"line":950,"column":33}},"174":{"start":{"line":951,"column":20},"end":{"line":951,"column":45}},"175":{"start":{"line":952,"column":20},"end":{"line":952,"column":44}},"176":{"start":{"line":962,"column":8},"end":{"line":962,"column":23}},"177":{"start":{"line":963,"column":8},"end":{"line":963,"column":22}},"178":{"start":{"line":964,"column":8},"end":{"line":964,"column":23}},"179":{"start":{"line":965,"column":8},"end":{"line":965,"column":31}},"180":{"start":{"line":967,"column":8},"end":{"line":967,"column":40}},"181":{"start":{"line":968,"column":8},"end":{"line":968,"column":33}},"182":{"start":{"line":969,"column":8},"end":{"line":969,"column":29}},"183":{"start":{"line":971,"column":8},"end":{"line":971,"column":31307}},"184":{"start":{"line":985,"column":8},"end":{"line":985,"column":31780}},"185":{"start":{"line":994,"column":8},"end":{"line":994,"column":33}},"186":{"start":{"line":1021,"column":8},"end":{"line":1021,"column":35}},"187":{"start":{"line":1022,"column":8},"end":{"line":1022,"column":118}},"188":{"start":{"line":1034,"column":8},"end":{"line":1034,"column":45}},"189":{"start":{"line":1038,"column":8},"end":{"line":1038,"column":31}},"190":{"start":{"line":1052,"column":8},"end":{"line":1052,"column":33}},"191":{"start":{"line":1064,"column":8},"end":{"line":1064,"column":25}},"192":{"start":{"line":1065,"column":8},"end":{"line":1065,"column":34636}},"193":{"start":{"line":1090,"column":8},"end":{"line":1090,"column":68}},"194":{"start":{"line":1091,"column":8},"end":{"line":1091,"column":65}},"195":{"start":{"line":1093,"column":8},"end":{"line":1093,"column":52}},"196":{"start":{"line":1095,"column":8},"end":{"line":1095,"column":25}},"197":{"start":{"line":1096,"column":8},"end":{"line":1096,"column":28}},"198":{"start":{"line":1098,"column":8},"end":{"line":1098,"column":46}},"199":{"start":{"line":1099,"column":8},"end":{"line":1099,"column":41}},"200":{"start":{"line":1101,"column":8},"end":{"line":1101,"column":35611}},"201":{"start":{"line":1102,"column":12},"end":{"line":1102,"column":102}},"202":{"start":{"line":1106,"column":8},"end":{"line":1106,"column":46}},"203":{"start":{"line":1121,"column":8},"end":{"line":1121,"column":40}},"204":{"start":{"line":1123,"column":8},"end":{"line":1123,"column":55}},"205":{"start":{"line":1126,"column":8},"end":{"line":1126,"column":36}},"206":{"start":{"line":1128,"column":8},"end":{"line":1128,"column":28}},"207":{"start":{"line":1131,"column":8},"end":{"line":1131,"column":35}},"208":{"start":{"line":1132,"column":8},"end":{"line":1132,"column":38}},"209":{"start":{"line":1136,"column":8},"end":{"line":1136,"column":51}},"210":{"start":{"line":1159,"column":8},"end":{"line":1159,"column":85}},"211":{"start":{"line":1160,"column":8},"end":{"line":1160,"column":72}},"212":{"start":{"line":1162,"column":8},"end":{"line":1162,"column":46}},"213":{"start":{"line":1165,"column":8},"end":{"line":1165,"column":36}},"214":{"start":{"line":1167,"column":8},"end":{"line":1167,"column":27}},"215":{"start":{"line":1168,"column":8},"end":{"line":1168,"column":25}},"216":{"start":{"line":1169,"column":8},"end":{"line":1169,"column":28}},"217":{"start":{"line":1173,"column":8},"end":{"line":1173,"column":40}},"218":{"start":{"line":1175,"column":8},"end":{"line":1175,"column":37693}},"219":{"start":{"line":1194,"column":8},"end":{"line":1194,"column":32}},"220":{"start":{"line":1203,"column":8},"end":{"line":1203,"column":36}},"221":{"start":{"line":1204,"column":8},"end":{"line":1204,"column":52}},"222":{"start":{"line":1219,"column":8},"end":{"line":1219,"column":40}},"223":{"start":{"line":1220,"column":8},"end":{"line":1220,"column":38742}},"224":{"start":{"line":1221,"column":12},"end":{"line":1221,"column":58}},"225":{"start":{"line":1222,"column":12},"end":{"line":1222,"column":37}},"226":{"start":{"line":1223,"column":12},"end":{"line":1223,"column":38874}},"227":{"start":{"line":1224,"column":16},"end":{"line":1224,"column":50}},"228":{"start":{"line":1236,"column":8},"end":{"line":1236,"column":45}},"229":{"start":{"line":1246,"column":8},"end":{"line":1246,"column":51}},"230":{"start":{"line":1257,"column":8},"end":{"line":1257,"column":77}},"231":{"start":{"line":1271,"column":8},"end":{"line":1271,"column":22}},"232":{"start":{"line":1272,"column":8},"end":{"line":1272,"column":26}},"233":{"start":{"line":1292,"column":8},"end":{"line":1292,"column":40606}},"234":{"start":{"line":1293,"column":12},"end":{"line":1293,"column":40645}},"235":{"start":{"line":1294,"column":16},"end":{"line":1294,"column":85}},"236":{"start":{"line":1296,"column":16},"end":{"line":1296,"column":40910}},"237":{"start":{"line":1297,"column":20},"end":{"line":1297,"column":79}},"238":{"start":{"line":1305,"column":12},"end":{"line":1305,"column":23}},"239":{"start":{"line":1331,"column":8},"end":{"line":1331,"column":41968}},"240":{"start":{"line":1332,"column":12},"end":{"line":1332,"column":51}},"241":{"start":{"line":1333,"column":15},"end":{"line":1333,"column":42063}},"242":{"start":{"line":1334,"column":12},"end":{"line":1334,"column":58}},"243":{"start":{"line":1336,"column":8},"end":{"line":1336,"column":42160}},"244":{"start":{"line":1337,"column":12},"end":{"line":1337,"column":56}},"245":{"start":{"line":1338,"column":15},"end":{"line":1338,"column":42258}},"246":{"start":{"line":1339,"column":12},"end":{"line":1339,"column":51}},"247":{"start":{"line":1350,"column":8},"end":{"line":1350,"column":38}},"248":{"start":{"line":1351,"column":8},"end":{"line":1351,"column":41}},"249":{"start":{"line":1352,"column":8},"end":{"line":1352,"column":42}},"250":{"start":{"line":1360,"column":8},"end":{"line":1360,"column":51}},"251":{"start":{"line":1361,"column":8},"end":{"line":1361,"column":31}},"252":{"start":{"line":1376,"column":8},"end":{"line":1376,"column":52}},"253":{"start":{"line":1377,"column":8},"end":{"line":1377,"column":55}},"254":{"start":{"line":1380,"column":8},"end":{"line":1380,"column":44286}},"255":{"start":{"line":1381,"column":12},"end":{"line":1381,"column":68}},"256":{"start":{"line":1383,"column":12},"end":{"line":1383,"column":55}},"257":{"start":{"line":1384,"column":12},"end":{"line":1384,"column":54}},"258":{"start":{"line":1401,"column":8},"end":{"line":1401,"column":54}},"259":{"start":{"line":1402,"column":8},"end":{"line":1402,"column":53}},"260":{"start":{"line":1407,"column":8},"end":{"line":1407,"column":56}},"261":{"start":{"line":1409,"column":8},"end":{"line":1409,"column":43}},"262":{"start":{"line":1410,"column":8},"end":{"line":1410,"column":48}},"263":{"start":{"line":1414,"column":8},"end":{"line":1414,"column":23}},"264":{"start":{"line":1424,"column":8},"end":{"line":1424,"column":46547}},"265":{"start":{"line":1425,"column":12},"end":{"line":1425,"column":46596}},"266":{"start":{"line":1432,"column":16},"end":{"line":1432,"column":29}},"267":{"start":{"line":1434,"column":16},"end":{"line":1434,"column":66}},"268":{"start":{"line":1440,"column":8},"end":{"line":1440,"column":33}},"269":{"start":{"line":1441,"column":8},"end":{"line":1441,"column":47255}},"270":{"start":{"line":1451,"column":8},"end":{"line":1451,"column":33}},"271":{"start":{"line":1452,"column":8},"end":{"line":1452,"column":41}},"272":{"start":{"line":1453,"column":8},"end":{"line":1453,"column":80}},"273":{"start":{"line":1454,"column":8},"end":{"line":1454,"column":47734}}},"branchMap":{"1":{"line":168,"type":"if","locations":[{"start":{"line":168,"column":8},"end":{"line":168,"column":8}},{"start":{"line":168,"column":8},"end":{"line":168,"column":8}}]},"2":{"line":169,"type":"if","locations":[{"start":{"line":169,"column":8},"end":{"line":169,"column":8}},{"start":{"line":169,"column":8},"end":{"line":169,"column":8}}]},"3":{"line":170,"type":"if","locations":[{"start":{"line":170,"column":8},"end":{"line":170,"column":8}},{"start":{"line":170,"column":8},"end":{"line":170,"column":8}}]},"4":{"line":178,"type":"if","locations":[{"start":{"line":178,"column":12},"end":{"line":178,"column":12}},{"start":{"line":178,"column":12},"end":{"line":178,"column":12}}]},"5":{"line":184,"type":"if","locations":[{"start":{"line":184,"column":8},"end":{"line":184,"column":8}},{"start":{"line":184,"column":8},"end":{"line":184,"column":8}}]},"6":{"line":188,"type":"if","locations":[{"start":{"line":188,"column":8},"end":{"line":188,"column":8}},{"start":{"line":188,"column":8},"end":{"line":188,"column":8}}]},"7":{"line":190,"type":"if","locations":[{"start":{"line":190,"column":12},"end":{"line":190,"column":12}},{"start":{"line":190,"column":12},"end":{"line":190,"column":12}}]},"8":{"line":214,"type":"if","locations":[{"start":{"line":214,"column":8},"end":{"line":214,"column":8}},{"start":{"line":214,"column":8},"end":{"line":214,"column":8}}]},"9":{"line":215,"type":"if","locations":[{"start":{"line":215,"column":8},"end":{"line":215,"column":8}},{"start":{"line":215,"column":8},"end":{"line":215,"column":8}}]},"10":{"line":217,"type":"if","locations":[{"start":{"line":217,"column":8},"end":{"line":217,"column":8}},{"start":{"line":217,"column":8},"end":{"line":217,"column":8}}]},"11":{"line":265,"type":"if","locations":[{"start":{"line":265,"column":8},"end":{"line":265,"column":8}},{"start":{"line":265,"column":8},"end":{"line":265,"column":8}}]},"12":{"line":267,"type":"if","locations":[{"start":{"line":267,"column":12},"end":{"line":267,"column":12}},{"start":{"line":267,"column":12},"end":{"line":267,"column":12}}]},"13":{"line":270,"type":"if","locations":[{"start":{"line":270,"column":12},"end":{"line":270,"column":12}},{"start":{"line":270,"column":12},"end":{"line":270,"column":12}}]},"14":{"line":278,"type":"if","locations":[{"start":{"line":278,"column":8},"end":{"line":278,"column":8}},{"start":{"line":278,"column":8},"end":{"line":278,"column":8}}]},"15":{"line":280,"type":"if","locations":[{"start":{"line":280,"column":12},"end":{"line":280,"column":12}},{"start":{"line":280,"column":12},"end":{"line":280,"column":12}}]},"16":{"line":283,"type":"if","locations":[{"start":{"line":283,"column":12},"end":{"line":283,"column":12}},{"start":{"line":283,"column":12},"end":{"line":283,"column":12}}]},"17":{"line":340,"type":"if","locations":[{"start":{"line":340,"column":8},"end":{"line":340,"column":8}},{"start":{"line":340,"column":8},"end":{"line":340,"column":8}}]},"18":{"line":342,"type":"if","locations":[{"start":{"line":342,"column":15},"end":{"line":342,"column":15}},{"start":{"line":342,"column":15},"end":{"line":342,"column":15}}]},"19":{"line":408,"type":"if","locations":[{"start":{"line":408,"column":8},"end":{"line":408,"column":8}},{"start":{"line":408,"column":8},"end":{"line":408,"column":8}}]},"20":{"line":416,"type":"if","locations":[{"start":{"line":416,"column":8},"end":{"line":416,"column":8}},{"start":{"line":416,"column":8},"end":{"line":416,"column":8}}]},"21":{"line":465,"type":"if","locations":[{"start":{"line":465,"column":8},"end":{"line":465,"column":8}},{"start":{"line":465,"column":8},"end":{"line":465,"column":8}}]},"22":{"line":466,"type":"if","locations":[{"start":{"line":466,"column":8},"end":{"line":466,"column":8}},{"start":{"line":466,"column":8},"end":{"line":466,"column":8}}]},"23":{"line":504,"type":"if","locations":[{"start":{"line":504,"column":8},"end":{"line":504,"column":8}},{"start":{"line":504,"column":8},"end":{"line":504,"column":8}}]},"24":{"line":569,"type":"if","locations":[{"start":{"line":569,"column":8},"end":{"line":569,"column":8}},{"start":{"line":569,"column":8},"end":{"line":569,"column":8}}]},"25":{"line":588,"type":"if","locations":[{"start":{"line":588,"column":8},"end":{"line":588,"column":8}},{"start":{"line":588,"column":8},"end":{"line":588,"column":8}}]},"26":{"line":604,"type":"if","locations":[{"start":{"line":604,"column":8},"end":{"line":604,"column":8}},{"start":{"line":604,"column":8},"end":{"line":604,"column":8}}]},"27":{"line":625,"type":"if","locations":[{"start":{"line":625,"column":8},"end":{"line":625,"column":8}},{"start":{"line":625,"column":8},"end":{"line":625,"column":8}}]},"28":{"line":639,"type":"if","locations":[{"start":{"line":639,"column":8},"end":{"line":639,"column":8}},{"start":{"line":639,"column":8},"end":{"line":639,"column":8}}]},"29":{"line":679,"type":"if","locations":[{"start":{"line":679,"column":8},"end":{"line":679,"column":8}},{"start":{"line":679,"column":8},"end":{"line":679,"column":8}}]},"30":{"line":684,"type":"if","locations":[{"start":{"line":684,"column":8},"end":{"line":684,"column":8}},{"start":{"line":684,"column":8},"end":{"line":684,"column":8}}]},"31":{"line":687,"type":"if","locations":[{"start":{"line":687,"column":8},"end":{"line":687,"column":8}},{"start":{"line":687,"column":8},"end":{"line":687,"column":8}}]},"32":{"line":691,"type":"if","locations":[{"start":{"line":691,"column":8},"end":{"line":691,"column":8}},{"start":{"line":691,"column":8},"end":{"line":691,"column":8}}]},"33":{"line":713,"type":"if","locations":[{"start":{"line":713,"column":8},"end":{"line":713,"column":8}},{"start":{"line":713,"column":8},"end":{"line":713,"column":8}}]},"34":{"line":715,"type":"if","locations":[{"start":{"line":715,"column":8},"end":{"line":715,"column":8}},{"start":{"line":715,"column":8},"end":{"line":715,"column":8}}]},"35":{"line":731,"type":"if","locations":[{"start":{"line":731,"column":8},"end":{"line":731,"column":8}},{"start":{"line":731,"column":8},"end":{"line":731,"column":8}}]},"36":{"line":747,"type":"if","locations":[{"start":{"line":747,"column":8},"end":{"line":747,"column":8}},{"start":{"line":747,"column":8},"end":{"line":747,"column":8}}]},"37":{"line":894,"type":"if","locations":[{"start":{"line":894,"column":8},"end":{"line":894,"column":8}},{"start":{"line":894,"column":8},"end":{"line":894,"column":8}}]},"38":{"line":895,"type":"if","locations":[{"start":{"line":895,"column":12},"end":{"line":895,"column":12}},{"start":{"line":895,"column":12},"end":{"line":895,"column":12}}]},"39":{"line":903,"type":"if","locations":[{"start":{"line":903,"column":12},"end":{"line":903,"column":12}},{"start":{"line":903,"column":12},"end":{"line":903,"column":12}}]},"40":{"line":941,"type":"if","locations":[{"start":{"line":941,"column":8},"end":{"line":941,"column":8}},{"start":{"line":941,"column":8},"end":{"line":941,"column":8}}]},"41":{"line":942,"type":"if","locations":[{"start":{"line":942,"column":12},"end":{"line":942,"column":12}},{"start":{"line":942,"column":12},"end":{"line":942,"column":12}}]},"42":{"line":943,"type":"if","locations":[{"start":{"line":943,"column":16},"end":{"line":943,"column":16}},{"start":{"line":943,"column":16},"end":{"line":943,"column":16}}]},"43":{"line":949,"type":"if","locations":[{"start":{"line":949,"column":16},"end":{"line":949,"column":16}},{"start":{"line":949,"column":16},"end":{"line":949,"column":16}}]},"44":{"line":985,"type":"if","locations":[{"start":{"line":985,"column":8},"end":{"line":985,"column":8}},{"start":{"line":985,"column":8},"end":{"line":985,"column":8}}]},"45":{"line":1022,"type":"if","locations":[{"start":{"line":1022,"column":8},"end":{"line":1022,"column":8}},{"start":{"line":1022,"column":8},"end":{"line":1022,"column":8}}]},"46":{"line":1065,"type":"if","locations":[{"start":{"line":1065,"column":8},"end":{"line":1065,"column":8}},{"start":{"line":1065,"column":8},"end":{"line":1065,"column":8}}]},"47":{"line":1090,"type":"if","locations":[{"start":{"line":1090,"column":8},"end":{"line":1090,"column":8}},{"start":{"line":1090,"column":8},"end":{"line":1090,"column":8}}]},"48":{"line":1091,"type":"if","locations":[{"start":{"line":1091,"column":8},"end":{"line":1091,"column":8}},{"start":{"line":1091,"column":8},"end":{"line":1091,"column":8}}]},"49":{"line":1101,"type":"if","locations":[{"start":{"line":1101,"column":8},"end":{"line":1101,"column":8}},{"start":{"line":1101,"column":8},"end":{"line":1101,"column":8}}]},"50":{"line":1102,"type":"if","locations":[{"start":{"line":1102,"column":12},"end":{"line":1102,"column":12}},{"start":{"line":1102,"column":12},"end":{"line":1102,"column":12}}]},"51":{"line":1159,"type":"if","locations":[{"start":{"line":1159,"column":8},"end":{"line":1159,"column":8}},{"start":{"line":1159,"column":8},"end":{"line":1159,"column":8}}]},"52":{"line":1160,"type":"if","locations":[{"start":{"line":1160,"column":8},"end":{"line":1160,"column":8}},{"start":{"line":1160,"column":8},"end":{"line":1160,"column":8}}]},"53":{"line":1220,"type":"if","locations":[{"start":{"line":1220,"column":8},"end":{"line":1220,"column":8}},{"start":{"line":1220,"column":8},"end":{"line":1220,"column":8}}]},"54":{"line":1292,"type":"if","locations":[{"start":{"line":1292,"column":8},"end":{"line":1292,"column":8}},{"start":{"line":1292,"column":8},"end":{"line":1292,"column":8}}]},"55":{"line":1296,"type":"if","locations":[{"start":{"line":1296,"column":16},"end":{"line":1296,"column":16}},{"start":{"line":1296,"column":16},"end":{"line":1296,"column":16}}]},"56":{"line":1331,"type":"if","locations":[{"start":{"line":1331,"column":8},"end":{"line":1331,"column":8}},{"start":{"line":1331,"column":8},"end":{"line":1331,"column":8}}]},"57":{"line":1333,"type":"if","locations":[{"start":{"line":1333,"column":15},"end":{"line":1333,"column":15}},{"start":{"line":1333,"column":15},"end":{"line":1333,"column":15}}]},"58":{"line":1336,"type":"if","locations":[{"start":{"line":1336,"column":8},"end":{"line":1336,"column":8}},{"start":{"line":1336,"column":8},"end":{"line":1336,"column":8}}]},"59":{"line":1338,"type":"if","locations":[{"start":{"line":1338,"column":15},"end":{"line":1338,"column":15}},{"start":{"line":1338,"column":15},"end":{"line":1338,"column":15}}]},"60":{"line":1380,"type":"if","locations":[{"start":{"line":1380,"column":8},"end":{"line":1380,"column":8}},{"start":{"line":1380,"column":8},"end":{"line":1380,"column":8}}]},"61":{"line":1424,"type":"if","locations":[{"start":{"line":1424,"column":8},"end":{"line":1424,"column":8}},{"start":{"line":1424,"column":8},"end":{"line":1424,"column":8}}]},"62":{"line":1441,"type":"if","locations":[{"start":{"line":1441,"column":8},"end":{"line":1441,"column":8}},{"start":{"line":1441,"column":8},"end":{"line":1441,"column":8}}]},"63":{"line":1453,"type":"if","locations":[{"start":{"line":1453,"column":8},"end":{"line":1453,"column":8}},{"start":{"line":1453,"column":8},"end":{"line":1453,"column":8}}]},"64":{"line":1454,"type":"if","locations":[{"start":{"line":1454,"column":8},"end":{"line":1454,"column":8}},{"start":{"line":1454,"column":8},"end":{"line":1454,"column":8}}]}}},
"contracts/extensions/ERC721SafeHooksUpgradeable.sol":{"l":{"35":110,"36":110,"37":109,"50":11,"51":11,"52":10,"68":15,"69":14,"70":13,"72":1,"75":1,"78":13,"93":4,"94":4,"95":4,"96":7,"98":4,"112":136,"128":205,"147":133,"148":133,"149":13,"151":12,"152":1,"156":1,"158":0,"162":131,"178":106,"179":106,"197":108,"198":108,"210":214},"path":"/Users/sergeyvagapov/Solidity/NonFungibleTokenContract/contracts/extensions/ERC721SafeHooksUpgradeable.sol","s":{"1":110,"2":110,"3":109,"4":11,"5":11,"6":10,"7":15,"8":14,"9":13,"10":1,"11":1,"12":13,"13":4,"14":4,"15":4,"16":7,"17":4,"18":136,"19":205,"20":133,"21":133,"22":13,"23":12,"24":1,"25":1,"26":0,"27":131,"28":106,"29":106,"30":108,"31":108,"32":214},"b":{"1":[109,1],"2":[10,1],"3":[13,1],"4":[1,11]},"f":{"1":110,"2":11,"3":15,"4":4,"5":136,"6":205,"7":133,"8":106,"9":108,"10":214},"fnMap":{"1":{"name":"buy","line":34,"loc":{"start":{"line":34,"column":4},"end":{"line":38,"column":4}}},"2":{"name":"buy","line":49,"loc":{"start":{"line":49,"column":4},"end":{"line":53,"column":4}}},"3":{"name":"pushTokenTransferHook","line":65,"loc":{"start":{"line":60,"column":4},"end":{"line":80,"column":4}}},"4":{"name":"getHookList","line":86,"loc":{"start":{"line":86,"column":4},"end":{"line":99,"column":4}}},"5":{"name":"hooksCount","line":105,"loc":{"start":{"line":105,"column":4},"end":{"line":113,"column":4}}},"6":{"name":"__ERC721SafeHook_init","line":126,"loc":{"start":{"line":119,"column":4},"end":{"line":129,"column":4}}},"7":{"name":"_beforeTokenTransfer","line":138,"loc":{"start":{"line":138,"column":4},"end":{"line":164,"column":4}}},"8":{"name":"_mint","line":170,"loc":{"start":{"line":170,"column":4},"end":{"line":180,"column":4}}},"9":{"name":"_buy","line":187,"loc":{"start":{"line":187,"column":4},"end":{"line":200,"column":4}}},"10":{"name":"_storeHookCount","line":205,"loc":{"start":{"line":205,"column":4},"end":{"line":211,"column":4}}}},"statementMap":{"1":{"start":{"line":35,"column":8},"end":{"line":35,"column":49}},"2":{"start":{"line":36,"column":8},"end":{"line":36,"column":68}},"3":{"start":{"line":37,"column":8},"end":{"line":37,"column":38}},"4":{"start":{"line":50,"column":8},"end":{"line":50,"column":49}},"5":{"start":{"line":51,"column":8},"end":{"line":51,"column":68}},"6":{"start":{"line":52,"column":8},"end":{"line":52,"column":48}},"7":{"start":{"line":68,"column":8},"end":{"line":68,"column":2359}},"8":{"start":{"line":69,"column":12},"end":{"line":69,"column":2478}},"9":{"start":{"line":70,"column":16},"end":{"line":70,"column":51}},"10":{"start":{"line":72,"column":16},"end":{"line":72,"column":40}},"11":{"start":{"line":75,"column":12},"end":{"line":75,"column":36}},"12":{"start":{"line":78,"column":8},"end":{"line":78,"column":47}},"13":{"start":{"line":93,"column":8},"end":{"line":93,"column":42}},"14":{"start":{"line":94,"column":8},"end":{"line":94,"column":54}},"15":{"start":{"line":95,"column":8},"end":{"line":95,"column":3093}},"16":{"start":{"line":96,"column":12},"end":{"line":96,"column":46}},"17":{"start":{"line":98,"column":8},"end":{"line":98,"column":23}},"18":{"start":{"line":112,"column":8},"end":{"line":112,"column":39}},"19":{"start":{"line":128,"column":8},"end":{"line":128,"column":62}},"20":{"start":{"line":147,"column":8},"end":{"line":147,"column":49}},"21":{"start":{"line":148,"column":8},"end":{"line":148,"column":4226}},"22":{"start":{"line":149,"column":12},"end":{"line":149,"column":4301}},"23":{"start":{"line":151,"column":16},"end":{"line":151,"column":4417}},"24":{"start":{"line":152,"column":20},"end":{"line":152,"column":52}},"25":{"start":{"line":156,"column":13},"end":{"line":156,"column":26}},"26":{"start":{"line":158,"column":16},"end":{"line":158,"column":48}},"27":{"start":{"line":162,"column":8},"end":{"line":162,"column":52}},"28":{"start":{"line":178,"column":8},"end":{"line":178,"column":31}},"29":{"start":{"line":179,"column":8},"end":{"line":179,"column":31}},"30":{"start":{"line":197,"column":8},"end":{"line":197,"column":31}},"31":{"start":{"line":198,"column":8},"end":{"line":198,"column":53}},"32":{"start":{"line":210,"column":8},"end":{"line":210,"column":74}}},"branchMap":{"1":{"line":36,"type":"if","locations":[{"start":{"line":36,"column":8},"end":{"line":36,"column":8}},{"start":{"line":36,"column":8},"end":{"line":36,"column":8}}]},"2":{"line":51,"type":"if","locations":[{"start":{"line":51,"column":8},"end":{"line":51,"column":8}},{"start":{"line":51,"column":8},"end":{"line":51,"column":8}}]},"3":{"line":69,"type":"if","locations":[{"start":{"line":69,"column":12},"end":{"line":69,"column":12}},{"start":{"line":69,"column":12},"end":{"line":69,"column":12}}]},"4":{"line":151,"type":"if","locations":[{"start":{"line":151,"column":16},"end":{"line":151,"column":16}},{"start":{"line":151,"column":16},"end":{"line":151,"column":16}}]}}},
"contracts/Factory.sol":{"l":{"36":90,"37":90,"38":90,"39":90,"40":90,"41":90,"42":90,"53":2,"60":0,"67":0,"68":0,"79":0,"96":35,"103":5,"104":5,"115":35,"116":31,"117":31,"118":31,"119":31,"122":31,"123":31,"130":35,"131":34,"132":33,"133":33,"141":31,"143":31,"144":31,"145":31,"150":31,"154":31,"155":31},"path":"/Users/sergeyvagapov/Solidity/NonFungibleTokenContract/contracts/Factory.sol","s":{"1":90,"2":90,"3":90,"4":90,"5":90,"6":90,"7":90,"8":2,"9":0,"10":0,"11":0,"12":0,"13":35,"14":5,"15":5,"16":35,"17":31,"18":31,"19":31,"20":31,"21":31,"22":31,"23":35,"24":34,"25":33,"26":33,"27":31,"28":31,"29":31,"30":31,"31":31,"32":31},"b":{"1":[31,0],"2":[34,1],"3":[33,1],"4":[31,2]},"f":{"1":90,"2":2,"3":0,"4":0,"5":0,"6":35,"7":5,"8":35,"9":35,"10":31,"11":31},"fnMap":{"1":{"name":"constructor","line":35,"loc":{"start":{"line":35,"column":4},"end":{"line":47,"column":4}}},"2":{"name":"instancesCount","line":52,"loc":{"start":{"line":52,"column":4},"end":{"line":54,"column":4}}},"3":{"name":"setCostManager","line":59,"loc":{"start":{"line":59,"column":4},"end":{"line":61,"column":4}}},"4":{"name":"renounceOverrideCostManager","line":66,"loc":{"start":{"line":66,"column":4},"end":{"line":69,"column":4}}},"5":{"name":"canOverrideCostManager","line":75,"loc":{"start":{"line":75,"column":4},"end":{"line":80,"column":4}}},"6":{"name":"produce","line":88,"loc":{"start":{"line":88,"column":4},"end":{"line":97,"column":4}}},"7":{"name":"getInstanceInfo","line":99,"loc":{"start":{"line":99,"column":4},"end":{"line":105,"column":4}}},"8":{"name":"_produce","line":107,"loc":{"start":{"line":107,"column":4},"end":{"line":124,"column":4}}},"9":{"name":"_createInstanceValidate","line":126,"loc":{"start":{"line":126,"column":4},"end":{"line":134,"column":4}}},"10":{"name":"_createInstance","line":136,"loc":{"start":{"line":136,"column":4},"end":{"line":151,"column":4}}},"11":{"name":"_createClone","line":153,"loc":{"start":{"line":153,"column":4},"end":{"line":162,"column":4}}}},"statementMap":{"1":{"start":{"line":36,"column":8},"end":{"line":36,"column":32}},"2":{"start":{"line":37,"column":8},"end":{"line":37,"column":33}},"3":{"start":{"line":38,"column":8},"end":{"line":38,"column":100}},"4":{"start":{"line":39,"column":8},"end":{"line":39,"column":56}},"5":{"start":{"line":40,"column":8},"end":{"line":40,"column":72}},"6":{"start":{"line":41,"column":8},"end":{"line":41,"column":31}},"7":{"start":{"line":42,"column":8},"end":{"line":42,"column":1777}},"8":{"start":{"line":53,"column":8},"end":{"line":53,"column":31}},"9":{"start":{"line":60,"column":8},"end":{"line":60,"column":33}},"10":{"start":{"line":67,"column":8},"end":{"line":67,"column":50}},"11":{"start":{"line":68,"column":8},"end":{"line":68,"column":62}},"12":{"start":{"line":79,"column":8},"end":{"line":79,"column":88}},"13":{"start":{"line":96,"column":8},"end":{"line":96,"column":50}},"14":{"start":{"line":103,"column":8},"end":{"line":103,"column":48}},"15":{"start":{"line":104,"column":8},"end":{"line":104,"column":39}},"16":{"start":{"line":115,"column":8},"end":{"line":115,"column":44}},"17":{"start":{"line":116,"column":8},"end":{"line":116,"column":80}},"18":{"start":{"line":117,"column":8},"end":{"line":117,"column":89}},"19":{"start":{"line":118,"column":8},"end":{"line":118,"column":33}},"20":{"start":{"line":119,"column":8},"end":{"line":119,"column":4086}},"21":{"start":{"line":122,"column":8},"end":{"line":122,"column":53}},"22":{"start":{"line":123,"column":8},"end":{"line":123,"column":33}},"23":{"start":{"line":130,"column":8},"end":{"line":130,"column":64}},"24":{"start":{"line":131,"column":8},"end":{"line":131,"column":68}},"25":{"start":{"line":132,"column":8},"end":{"line":132,"column":81}},"26":{"start":{"line":133,"column":8},"end":{"line":133,"column":65}},"27":{"start":{"line":141,"column":8},"end":{"line":141,"column":46}},"28":{"start":{"line":143,"column":8},"end":{"line":143,"column":72}},"29":{"start":{"line":144,"column":8},"end":{"line":144,"column":31}},"30":{"start":{"line":145,"column":8},"end":{"line":145,"column":5030}},"31":{"start":{"line":150,"column":8},"end":{"line":150,"column":70}},"32":{"start":{"line":154,"column":8},"end":{"line":154,"column":45}}},"branchMap":{"1":{"line":117,"type":"if","locations":[{"start":{"line":117,"column":8},"end":{"line":117,"column":8}},{"start":{"line":117,"column":8},"end":{"line":117,"column":8}}]},"2":{"line":130,"type":"if","locations":[{"start":{"line":130,"column":8},"end":{"line":130,"column":8}},{"start":{"line":130,"column":8},"end":{"line":130,"column":8}}]},"3":{"line":131,"type":"if","locations":[{"start":{"line":131,"column":8},"end":{"line":131,"column":8}},{"start":{"line":131,"column":8},"end":{"line":131,"column":8}}]},"4":{"line":133,"type":"if","locations":[{"start":{"line":133,"column":8},"end":{"line":133,"column":8}},{"start":{"line":133,"column":8},"end":{"line":133,"column":8}}]}}},
"contracts/interfaces/ICostManager.sol":{"l":{},"path":"/Users/sergeyvagapov/Solidity/NonFungibleTokenContract/contracts/interfaces/ICostManager.sol","s":{},"b":{},"f":{},"fnMap":{},"statementMap":{},"branchMap":{}},
"contracts/interfaces/IFactory.sol":{"l":{},"path":"/Users/sergeyvagapov/Solidity/NonFungibleTokenContract/contracts/interfaces/IFactory.sol","s":{},"b":{},"f":{},"fnMap":{},"statementMap":{},"branchMap":{}},
"contracts/interfaces/ISafeHook.sol":{"l":{},"path":"/Users/sergeyvagapov/Solidity/NonFungibleTokenContract/contracts/interfaces/ISafeHook.sol","s":{},"b":{},"f":{},"fnMap":{},"statementMap":{},"branchMap":{}},
"contracts/lib/StringsW0x.sol":{"l":{"17":4,"18":0,"20":4,"21":4,"22":4,"23":104,"24":104,"26":4,"33":4,"34":4,"35":208,"36":208,"38":4,"39":4},"path":"/Users/sergeyvagapov/Solidity/NonFungibleTokenContract/contracts/lib/StringsW0x.sol","s":{"1":4,"2":0,"3":4,"4":4,"5":4,"6":104,"7":4,"8":4,"9":4,"10":208,"11":208,"12":4,"13":4},"b":{"1":[0,4],"2":[4,0]},"f":{"1":4,"2":4},"fnMap":{"1":{"name":"toHexString","line":16,"loc":{"start":{"line":16,"column":4},"end":{"line":27,"column":4}}},"2":{"name":"toHexString","line":32,"loc":{"start":{"line":32,"column":4},"end":{"line":40,"column":4}}}},"statementMap":{"1":{"start":{"line":17,"column":8},"end":{"line":17,"column":433}},"2":{"start":{"line":18,"column":12},"end":{"line":18,"column":25}},"3":{"start":{"line":20,"column":8},"end":{"line":20,"column":28}},"4":{"start":{"line":21,"column":8},"end":{"line":21,"column":25}},"5":{"start":{"line":22,"column":8},"end":{"line":22,"column":553}},"6":{"start":{"line":24,"column":12},"end":{"line":24,"column":21}},"7":{"start":{"line":26,"column":8},"end":{"line":26,"column":41}},"8":{"start":{"line":33,"column":8},"end":{"line":33,"column":60}},"9":{"start":{"line":34,"column":8},"end":{"line":34,"column":961}},"10":{"start":{"line":35,"column":12},"end":{"line":35,"column":57}},"11":{"start":{"line":36,"column":12},"end":{"line":36,"column":22}},"12":{"start":{"line":38,"column":8},"end":{"line":38,"column":62}},"13":{"start":{"line":39,"column":8},"end":{"line":39,"column":29}}},"branchMap":{"1":{"line":17,"type":"if","locations":[{"start":{"line":17,"column":8},"end":{"line":17,"column":8}},{"start":{"line":17,"column":8},"end":{"line":17,"column":8}}]},"2":{"line":38,"type":"if","locations":[{"start":{"line":38,"column":8},"end":{"line":38,"column":8}},{"start":{"line":38,"column":8},"end":{"line":38,"column":8}}]}}},
"contracts/mocks/BadBuyer.sol":{"l":{"11":1},"path":"/Users/sergeyvagapov/Solidity/NonFungibleTokenContract/contracts/mocks/BadBuyer.sol","s":{"1":1},"b":{},"f":{"1":1},"fnMap":{"1":{"name":"buy","line":10,"loc":{"start":{"line":10,"column":4},"end":{"line":12,"column":4}}}},"statementMap":{"1":{"start":{"line":11,"column":8},"end":{"line":11,"column":101}}},"branchMap":{}},
"contracts/mocks/Buyer.sol":{"l":{"15":2},"path":"/Users/sergeyvagapov/Solidity/NonFungibleTokenContract/contracts/mocks/Buyer.sol","s":{"1":2},"b":{},"f":{"1":330,"2":2},"fnMap":{"1":{"name":"constructor","line":10,"loc":{"start":{"line":10,"column":4},"end":{"line":12,"column":4}}},"2":{"name":"buy","line":14,"loc":{"start":{"line":14,"column":4},"end":{"line":16,"column":4}}}},"statementMap":{"1":{"start":{"line":15,"column":8},"end":{"line":15,"column":101}}},"branchMap":{}},
"contracts/mocks/ERC721ReceiverMock.sol":{"l":{"21":330,"22":330,"31":7,"32":0,"34":0,"36":0,"37":0,"39":7,"40":7},"path":"/Users/sergeyvagapov/Solidity/NonFungibleTokenContract/contracts/mocks/ERC721ReceiverMock.sol","s":{"1":330,"2":330,"3":7,"4":0,"5":7,"6":0,"7":7,"8":0,"9":7,"10":7},"b":{"1":[0,7],"2":[0,7],"3":[0,7]},"f":{"1":330,"2":7},"fnMap":{"1":{"name":"constructor","line":20,"loc":{"start":{"line":20,"column":4},"end":{"line":23,"column":4}}},"2":{"name":"onERC721Received","line":25,"loc":{"start":{"line":25,"column":4},"end":{"line":41,"column":4}}}},"statementMap":{"1":{"start":{"line":21,"column":8},"end":{"line":21,"column":23}},"2":{"start":{"line":22,"column":8},"end":{"line":22,"column":21}},"3":{"start":{"line":31,"column":8},"end":{"line":31,"column":748}},"4":{"start":{"line":32,"column":12},"end":{"line":32,"column":50}},"5":{"start":{"line":33,"column":15},"end":{"line":33,"column":857}},"6":{"start":{"line":34,"column":12},"end":{"line":34,"column":19}},"7":{"start":{"line":35,"column":15},"end":{"line":35,"column":938}},"8":{"start":{"line":36,"column":12},"end":{"line":36,"column":47}},"9":{"start":{"line":39,"column":8},"end":{"line":39,"column":63}},"10":{"start":{"line":40,"column":8},"end":{"line":40,"column":22}}},"branchMap":{"1":{"line":31,"type":"if","locations":[{"start":{"line":31,"column":8},"end":{"line":31,"column":8}},{"start":{"line":31,"column":8},"end":{"line":31,"column":8}}]},"2":{"line":33,"type":"if","locations":[{"start":{"line":33,"column":15},"end":{"line":33,"column":15}},{"start":{"line":33,"column":15},"end":{"line":33,"column":15}}]},"3":{"line":35,"type":"if","locations":[{"start":{"line":35,"column":15},"end":{"line":35,"column":15}},{"start":{"line":35,"column":15},"end":{"line":35,"column":15}}]}}},
"contracts/mocks/MockBadHook.sol":{"l":{"10":1,"11":0},"path":"/Users/sergeyvagapov/Solidity/NonFungibleTokenContract/contracts/mocks/MockBadHook.sol","s":{"1":1,"2":0},"b":{"1":[0,1]},"f":{"1":1},"fnMap":{"1":{"name":"executeHook","line":9,"loc":{"start":{"line":9,"column":4},"end":{"line":12,"column":4}}}},"statementMap":{"1":{"start":{"line":10,"column":8},"end":{"line":10,"column":32}},"2":{"start":{"line":11,"column":8},"end":{"line":11,"column":19}}},"branchMap":{"1":{"line":10,"type":"if","locations":[{"start":{"line":10,"column":8},"end":{"line":10,"column":8}},{"start":{"line":10,"column":8},"end":{"line":10,"column":8}}]}}},
"contracts/mocks/MockCostManager.sol":{"l":{"16":210,"17":210},"path":"/Users/sergeyvagapov/Solidity/NonFungibleTokenContract/contracts/mocks/MockCostManager.sol","s":{"1":210,"2":210},"b":{},"f":{"1":210},"fnMap":{"1":{"name":"accountForOperation","line":15,"loc":{"start":{"line":15,"column":4},"end":{"line":19,"column":4}}}},"statementMap":{"1":{"start":{"line":16,"column":8},"end":{"line":16,"column":42}},"2":{"start":{"line":17,"column":8},"end":{"line":17,"column":42}}},"branchMap":{}},
"contracts/mocks/MockERC20.sol":{"l":{"11":110},"path":"/Users/sergeyvagapov/Solidity/NonFungibleTokenContract/contracts/mocks/MockERC20.sol","s":{"1":110},"b":{},"f":{"1":330,"2":110},"fnMap":{"1":{"name":"constructor","line":6,"loc":{"start":{"line":6,"column":4},"end":{"line":8,"column":4}}},"2":{"name":"mint","line":10,"loc":{"start":{"line":10,"column":4},"end":{"line":12,"column":4}}}},"statementMap":{"1":{"start":{"line":11,"column":8},"end":{"line":11,"column":33}}},"branchMap":{}},
"contracts/mocks/MockFalseHook.sol":{"l":{"10":1},"path":"/Users/sergeyvagapov/Solidity/NonFungibleTokenContract/contracts/mocks/MockFalseHook.sol","s":{"1":1},"b":{},"f":{"1":1},"fnMap":{"1":{"name":"executeHook","line":9,"loc":{"start":{"line":9,"column":4},"end":{"line":11,"column":4}}}},"statementMap":{"1":{"start":{"line":10,"column":8},"end":{"line":10,"column":20}}},"branchMap":{}},
"contracts/mocks/MockHook.sol":{"l":{"12":11,"13":11},"path":"/Users/sergeyvagapov/Solidity/NonFungibleTokenContract/contracts/mocks/MockHook.sol","s":{"1":11},"b":{},"f":{"1":11},"fnMap":{"1":{"name":"executeHook","line":11,"loc":{"start":{"line":11,"column":4},"end":{"line":14,"column":4}}}},"statementMap":{"1":{"start":{"line":13,"column":8},"end":{"line":13,"column":19}}},"branchMap":{}},
"contracts/mocks/MockNotSupportingHook.sol":{"l":{"10":1,"13":0},"path":"/Users/sergeyvagapov/Solidity/NonFungibleTokenContract/contracts/mocks/MockNotSupportingHook.sol","s":{"1":1,"2":0},"b":{},"f":{"1":1,"2":0},"fnMap":{"1":{"name":"supportsInterface","line":9,"loc":{"start":{"line":9,"column":4},"end":{"line":11,"column":4}}},"2":{"name":"executeHook","line":12,"loc":{"start":{"line":12,"column":4},"end":{"line":14,"column":4}}}},"statementMap":{"1":{"start":{"line":10,"column":8},"end":{"line":10,"column":20}},"2":{"start":{"line":13,"column":8},"end":{"line":13,"column":20}}},"branchMap":{}},
"contracts/mocks/MockWithoutFunctionHook.sol":{"l":{"9":0},"path":"/Users/sergeyvagapov/Solidity/NonFungibleTokenContract/contracts/mocks/MockWithoutFunctionHook.sol","s":{"1":0},"b":{},"f":{"1":0},"fnMap":{"1":{"name":"executeHook","line":8,"loc":{"start":{"line":8,"column":4},"end":{"line":10,"column":4}}}},"statementMap":{"1":{"start":{"line":9,"column":8},"end":{"line":9,"column":20}}},"branchMap":{}},
"contracts/presets/NFT.sol":{"l":{"17":0,"18":0,"19":0},"path":"/Users/sergeyvagapov/Solidity/NonFungibleTokenContract/contracts/presets/NFT.sol","s":{"1":0,"2":0,"3":0},"b":{},"f":{"1":0},"fnMap":{"1":{"name":"initialize","line":16,"loc":{"start":{"line":9,"column":4},"end":{"line":20,"column":4}}}},"statementMap":{"1":{"start":{"line":17,"column":8},"end":{"line":17,"column":23}},"2":{"start":{"line":18,"column":8},"end":{"line":18,"column":31}},"3":{"start":{"line":19,"column":8},"end":{"line":19,"column":62}}},"branchMap":{}},
"contracts/presets/NFTSafeHook.sol":{"l":{"24":205,"25":205,"26":205,"27":205},"path":"/Users/sergeyvagapov/Solidity/NonFungibleTokenContract/contracts/presets/NFTSafeHook.sol","s":{"1":205,"2":205,"3":205,"4":205},"b":{},"f":{"1":205},"fnMap":{"1":{"name":"initialize","line":22,"loc":{"start":{"line":14,"column":4},"end":{"line":29,"column":4}}}},"statementMap":{"1":{"start":{"line":24,"column":8},"end":{"line":24,"column":23}},"2":{"start":{"line":25,"column":8},"end":{"line":25,"column":31}},"3":{"start":{"line":26,"column":8},"end":{"line":26,"column":70}},"4":{"start":{"line":27,"column":8},"end":{"line":27,"column":34}}},"branchMap":{}},
"contracts/SafeHook.sol":{"l":{"16":13},"path":"/Users/sergeyvagapov/Solidity/NonFungibleTokenContract/contracts/SafeHook.sol","s":{"1":13},"b":{},"f":{"1":13},"fnMap":{"1":{"name":"supportsInterface","line":12,"loc":{"start":{"line":12,"column":4},"end":{"line":17,"column":4}}}},"statementMap":{"1":{"start":{"line":16,"column":8},"end":{"line":16,"column":57}}},"branchMap":{}}}
