{
"contracts\\extensions\\ERC721SafeHooksUpgradeable.sol":{"l":{"40":110,"41":109,"62":11,"63":10,"79":15,"80":14,"81":13,"83":1,"86":1,"89":13,"104":4,"105":4,"106":4,"107":7,"109":4,"123":136,"138":121,"139":121,"155":117,"171":136,"172":136,"173":13,"175":12,"176":1,"180":1,"182":0,"186":134,"202":109,"203":109,"221":108,"222":108,"234":217},"path":"g:\\_projects\\intercoin\\NonFungibleTokenContract\\src\\contracts\\extensions\\ERC721SafeHooksUpgradeable.sol","s":{"1":110,"2":109,"3":11,"4":10,"5":15,"6":14,"7":13,"8":1,"9":1,"10":13,"11":4,"12":4,"13":4,"14":7,"15":4,"16":136,"17":121,"18":121,"19":117,"20":136,"21":136,"22":13,"23":12,"24":1,"25":1,"26":0,"27":134,"28":109,"29":109,"30":108,"31":108,"32":217},"b":{"1":[13,1],"2":[119,2],"3":[1,11]},"f":{"1":110,"2":11,"3":15,"4":4,"5":136,"6":121,"7":117,"8":136,"9":109,"10":108,"11":217},"fnMap":{"1":{"name":"buy","line":31,"loc":{"start":{"line":31,"column":4},"end":{"line":42,"column":4}}},"2":{"name":"buy","line":53,"loc":{"start":{"line":53,"column":4},"end":{"line":64,"column":4}}},"3":{"name":"pushTokenTransferHook","line":76,"loc":{"start":{"line":71,"column":4},"end":{"line":91,"column":4}}},"4":{"name":"getHookList","line":97,"loc":{"start":{"line":97,"column":4},"end":{"line":110,"column":4}}},"5":{"name":"hooksCount","line":116,"loc":{"start":{"line":116,"column":4},"end":{"line":124,"column":4}}},"6":{"name":"validateHookCount","line":131,"loc":{"start":{"line":131,"column":4},"end":{"line":140,"column":4}}},"7":{"name":"__ERC721SafeHook_init","line":153,"loc":{"start":{"line":146,"column":4},"end":{"line":156,"column":4}}},"8":{"name":"_beforeTokenTransfer","line":162,"loc":{"start":{"line":162,"column":4},"end":{"line":188,"column":4}}},"9":{"name":"_mint","line":194,"loc":{"start":{"line":194,"column":4},"end":{"line":204,"column":4}}},"10":{"name":"_buy","line":211,"loc":{"start":{"line":211,"column":4},"end":{"line":224,"column":4}}},"11":{"name":"_storeHookCount","line":229,"loc":{"start":{"line":229,"column":4},"end":{"line":235,"column":4}}}},"statementMap":{"1":{"start":{"line":40,"column":8},"end":{"line":40,"column":44}},"2":{"start":{"line":41,"column":8},"end":{"line":41,"column":38}},"3":{"start":{"line":62,"column":8},"end":{"line":62,"column":44}},"4":{"start":{"line":63,"column":8},"end":{"line":63,"column":48}},"5":{"start":{"line":79,"column":8},"end":{"line":79,"column":2308}},"6":{"start":{"line":80,"column":12},"end":{"line":80,"column":2427}},"7":{"start":{"line":81,"column":16},"end":{"line":81,"column":51}},"8":{"start":{"line":83,"column":16},"end":{"line":83,"column":40}},"9":{"start":{"line":86,"column":12},"end":{"line":86,"column":36}},"10":{"start":{"line":89,"column":8},"end":{"line":89,"column":47}},"11":{"start":{"line":104,"column":8},"end":{"line":104,"column":42}},"12":{"start":{"line":105,"column":8},"end":{"line":105,"column":54}},"13":{"start":{"line":106,"column":8},"end":{"line":106,"column":3045}},"14":{"start":{"line":107,"column":12},"end":{"line":107,"column":46}},"15":{"start":{"line":109,"column":8},"end":{"line":109,"column":23}},"16":{"start":{"line":123,"column":8},"end":{"line":123,"column":39}},"17":{"start":{"line":138,"column":8},"end":{"line":138,"column":55}},"18":{"start":{"line":139,"column":8},"end":{"line":139,"column":68}},"19":{"start":{"line":155,"column":8},"end":{"line":155,"column":62}},"20":{"start":{"line":171,"column":8},"end":{"line":171,"column":55}},"21":{"start":{"line":172,"column":8},"end":{"line":172,"column":4522}},"22":{"start":{"line":173,"column":12},"end":{"line":173,"column":4597}},"23":{"start":{"line":175,"column":16},"end":{"line":175,"column":4713}},"24":{"start":{"line":176,"column":20},"end":{"line":176,"column":52}},"25":{"start":{"line":180,"column":13},"end":{"line":180,"column":26}},"26":{"start":{"line":182,"column":16},"end":{"line":182,"column":48}},"27":{"start":{"line":186,"column":8},"end":{"line":186,"column":52}},"28":{"start":{"line":202,"column":8},"end":{"line":202,"column":31}},"29":{"start":{"line":203,"column":8},"end":{"line":203,"column":31}},"30":{"start":{"line":221,"column":8},"end":{"line":221,"column":31}},"31":{"start":{"line":222,"column":8},"end":{"line":222,"column":53}},"32":{"start":{"line":234,"column":8},"end":{"line":234,"column":80}}},"branchMap":{"1":{"line":80,"type":"if","locations":[{"start":{"line":80,"column":12},"end":{"line":80,"column":12}},{"start":{"line":80,"column":12},"end":{"line":80,"column":12}}]},"2":{"line":139,"type":"if","locations":[{"start":{"line":139,"column":8},"end":{"line":139,"column":8}},{"start":{"line":139,"column":8},"end":{"line":139,"column":8}}]},"3":{"line":175,"type":"if","locations":[{"start":{"line":175,"column":16},"end":{"line":175,"column":16}},{"start":{"line":175,"column":16},"end":{"line":175,"column":16}}]}}},
"contracts\\interfaces\\ICostManager.sol":{"l":{},"path":"g:\\_projects\\intercoin\\NonFungibleTokenContract\\src\\contracts\\interfaces\\ICostManager.sol","s":{},"b":{},"f":{},"fnMap":{},"statementMap":{},"branchMap":{}},
"contracts\\interfaces\\IFactory.sol":{"l":{},"path":"g:\\_projects\\intercoin\\NonFungibleTokenContract\\src\\contracts\\interfaces\\IFactory.sol","s":{},"b":{},"f":{},"fnMap":{},"statementMap":{},"branchMap":{}},
"contracts\\interfaces\\IInstanceContract.sol":{"l":{},"path":"g:\\_projects\\intercoin\\NonFungibleTokenContract\\src\\contracts\\interfaces\\IInstanceContract.sol","s":{},"b":{},"f":{},"fnMap":{},"statementMap":{},"branchMap":{}},
"contracts\\interfaces\\ISafeHook.sol":{"l":{},"path":"g:\\_projects\\intercoin\\NonFungibleTokenContract\\src\\contracts\\interfaces\\ISafeHook.sol","s":{},"b":{},"f":{},"fnMap":{},"statementMap":{},"branchMap":{}},
"contracts\\lib\\StringsW0x.sol":{"l":{"17":14,"18":0,"20":14,"21":14,"22":14,"23":364,"24":364,"26":14,"33":14,"34":14,"35":728,"36":728,"38":14,"39":14},"path":"g:\\_projects\\intercoin\\NonFungibleTokenContract\\src\\contracts\\lib\\StringsW0x.sol","s":{"1":14,"2":0,"3":14,"4":14,"5":14,"6":364,"7":14,"8":14,"9":14,"10":728,"11":728,"12":14,"13":14},"b":{"1":[0,14],"2":[14,0]},"f":{"1":14,"2":14},"fnMap":{"1":{"name":"toHexString","line":16,"loc":{"start":{"line":16,"column":4},"end":{"line":27,"column":4}}},"2":{"name":"toHexString","line":32,"loc":{"start":{"line":32,"column":4},"end":{"line":40,"column":4}}}},"statementMap":{"1":{"start":{"line":17,"column":8},"end":{"line":17,"column":433}},"2":{"start":{"line":18,"column":12},"end":{"line":18,"column":25}},"3":{"start":{"line":20,"column":8},"end":{"line":20,"column":28}},"4":{"start":{"line":21,"column":8},"end":{"line":21,"column":25}},"5":{"start":{"line":22,"column":8},"end":{"line":22,"column":553}},"6":{"start":{"line":24,"column":12},"end":{"line":24,"column":21}},"7":{"start":{"line":26,"column":8},"end":{"line":26,"column":41}},"8":{"start":{"line":33,"column":8},"end":{"line":33,"column":60}},"9":{"start":{"line":34,"column":8},"end":{"line":34,"column":961}},"10":{"start":{"line":35,"column":12},"end":{"line":35,"column":57}},"11":{"start":{"line":36,"column":12},"end":{"line":36,"column":22}},"12":{"start":{"line":38,"column":8},"end":{"line":38,"column":62}},"13":{"start":{"line":39,"column":8},"end":{"line":39,"column":29}}},"branchMap":{"1":{"line":17,"type":"if","locations":[{"start":{"line":17,"column":8},"end":{"line":17,"column":8}},{"start":{"line":17,"column":8},"end":{"line":17,"column":8}}]},"2":{"line":38,"type":"if","locations":[{"start":{"line":38,"column":8},"end":{"line":38,"column":8}},{"start":{"line":38,"column":8},"end":{"line":38,"column":8}}]}}},
"contracts\\mocks\\BadBuyer.sol":{"l":{"11":2},"path":"g:\\_projects\\intercoin\\NonFungibleTokenContract\\src\\contracts\\mocks\\BadBuyer.sol","s":{"1":2},"b":{},"f":{"1":2},"fnMap":{"1":{"name":"buy","line":10,"loc":{"start":{"line":10,"column":4},"end":{"line":12,"column":4}}}},"statementMap":{"1":{"start":{"line":11,"column":8},"end":{"line":11,"column":101}}},"branchMap":{}},
"contracts\\mocks\\Buyer.sol":{"l":{"15":4},"path":"g:\\_projects\\intercoin\\NonFungibleTokenContract\\src\\contracts\\mocks\\Buyer.sol","s":{"1":4},"b":{},"f":{"1":684,"2":4},"fnMap":{"1":{"name":"constructor","line":10,"loc":{"start":{"line":10,"column":4},"end":{"line":12,"column":4}}},"2":{"name":"buy","line":14,"loc":{"start":{"line":14,"column":4},"end":{"line":16,"column":4}}}},"statementMap":{"1":{"start":{"line":15,"column":8},"end":{"line":15,"column":101}}},"branchMap":{}},
"contracts\\mocks\\ERC721ReceiverMock.sol":{"l":{"21":684,"22":684,"31":14,"32":0,"34":0,"36":0,"37":0,"39":14,"40":14},"path":"g:\\_projects\\intercoin\\NonFungibleTokenContract\\src\\contracts\\mocks\\ERC721ReceiverMock.sol","s":{"1":684,"2":684,"3":14,"4":0,"5":14,"6":0,"7":14,"8":0,"9":14,"10":14},"b":{"1":[0,14],"2":[0,14],"3":[0,14]},"f":{"1":684,"2":14},"fnMap":{"1":{"name":"constructor","line":20,"loc":{"start":{"line":20,"column":4},"end":{"line":23,"column":4}}},"2":{"name":"onERC721Received","line":25,"loc":{"start":{"line":25,"column":4},"end":{"line":41,"column":4}}}},"statementMap":{"1":{"start":{"line":21,"column":8},"end":{"line":21,"column":23}},"2":{"start":{"line":22,"column":8},"end":{"line":22,"column":21}},"3":{"start":{"line":31,"column":8},"end":{"line":31,"column":748}},"4":{"start":{"line":32,"column":12},"end":{"line":32,"column":50}},"5":{"start":{"line":33,"column":15},"end":{"line":33,"column":857}},"6":{"start":{"line":34,"column":12},"end":{"line":34,"column":19}},"7":{"start":{"line":35,"column":15},"end":{"line":35,"column":938}},"8":{"start":{"line":36,"column":12},"end":{"line":36,"column":47}},"9":{"start":{"line":39,"column":8},"end":{"line":39,"column":63}},"10":{"start":{"line":40,"column":8},"end":{"line":40,"column":22}}},"branchMap":{"1":{"line":31,"type":"if","locations":[{"start":{"line":31,"column":8},"end":{"line":31,"column":8}},{"start":{"line":31,"column":8},"end":{"line":31,"column":8}}]},"2":{"line":33,"type":"if","locations":[{"start":{"line":33,"column":15},"end":{"line":33,"column":15}},{"start":{"line":33,"column":15},"end":{"line":33,"column":15}}]},"3":{"line":35,"type":"if","locations":[{"start":{"line":35,"column":15},"end":{"line":35,"column":15}},{"start":{"line":35,"column":15},"end":{"line":35,"column":15}}]}}},
"contracts\\mocks\\MockBadHook.sol":{"l":{"10":2,"11":0},"path":"g:\\_projects\\intercoin\\NonFungibleTokenContract\\src\\contracts\\mocks\\MockBadHook.sol","s":{"1":2,"2":0},"b":{"1":[0,2]},"f":{"1":2},"fnMap":{"1":{"name":"executeHook","line":9,"loc":{"start":{"line":9,"column":4},"end":{"line":12,"column":4}}}},"statementMap":{"1":{"start":{"line":10,"column":8},"end":{"line":10,"column":32}},"2":{"start":{"line":11,"column":8},"end":{"line":11,"column":19}}},"branchMap":{"1":{"line":10,"type":"if","locations":[{"start":{"line":10,"column":8},"end":{"line":10,"column":8}},{"start":{"line":10,"column":8},"end":{"line":10,"column":8}}]}}},
"contracts\\mocks\\MockCostManager.sol":{"l":{"15":441,"16":441},"path":"g:\\_projects\\intercoin\\NonFungibleTokenContract\\src\\contracts\\mocks\\MockCostManager.sol","s":{"1":441,"2":441},"b":{},"f":{"1":441},"fnMap":{"1":{"name":"accountForOperation","line":14,"loc":{"start":{"line":14,"column":4},"end":{"line":18,"column":4}}}},"statementMap":{"1":{"start":{"line":15,"column":8},"end":{"line":15,"column":42}},"2":{"start":{"line":16,"column":8},"end":{"line":16,"column":42}}},"branchMap":{}},
"contracts\\mocks\\MockERC20.sol":{"l":{"11":229},"path":"g:\\_projects\\intercoin\\NonFungibleTokenContract\\src\\contracts\\mocks\\MockERC20.sol","s":{"1":229},"b":{},"f":{"1":687,"2":229},"fnMap":{"1":{"name":"constructor","line":6,"loc":{"start":{"line":6,"column":4},"end":{"line":8,"column":4}}},"2":{"name":"mint","line":10,"loc":{"start":{"line":10,"column":4},"end":{"line":12,"column":4}}}},"statementMap":{"1":{"start":{"line":11,"column":8},"end":{"line":11,"column":33}}},"branchMap":{}},
"contracts\\mocks\\MockFalseHook.sol":{"l":{"10":2},"path":"g:\\_projects\\intercoin\\NonFungibleTokenContract\\src\\contracts\\mocks\\MockFalseHook.sol","s":{"1":2},"b":{},"f":{"1":2},"fnMap":{"1":{"name":"executeHook","line":9,"loc":{"start":{"line":9,"column":4},"end":{"line":11,"column":4}}}},"statementMap":{"1":{"start":{"line":10,"column":8},"end":{"line":10,"column":20}}},"branchMap":{}},
"contracts\\mocks\\MockHook.sol":{"l":{"12":22,"13":22},"path":"g:\\_projects\\intercoin\\NonFungibleTokenContract\\src\\contracts\\mocks\\MockHook.sol","s":{"1":22},"b":{},"f":{"1":22},"fnMap":{"1":{"name":"executeHook","line":11,"loc":{"start":{"line":11,"column":4},"end":{"line":14,"column":4}}}},"statementMap":{"1":{"start":{"line":13,"column":8},"end":{"line":13,"column":19}}},"branchMap":{}},
"contracts\\mocks\\MockNotSupportingHook.sol":{"l":{"10":2,"13":0},"path":"g:\\_projects\\intercoin\\NonFungibleTokenContract\\src\\contracts\\mocks\\MockNotSupportingHook.sol","s":{"1":2,"2":0},"b":{},"f":{"1":2,"2":0},"fnMap":{"1":{"name":"supportsInterface","line":9,"loc":{"start":{"line":9,"column":4},"end":{"line":11,"column":4}}},"2":{"name":"executeHook","line":12,"loc":{"start":{"line":12,"column":4},"end":{"line":14,"column":4}}}},"statementMap":{"1":{"start":{"line":10,"column":8},"end":{"line":10,"column":20}},"2":{"start":{"line":13,"column":8},"end":{"line":13,"column":20}}},"branchMap":{}},
"contracts\\mocks\\MockWithoutFunctionHook.sol":{"l":{"9":0},"path":"g:\\_projects\\intercoin\\NonFungibleTokenContract\\src\\contracts\\mocks\\MockWithoutFunctionHook.sol","s":{"1":0},"b":{},"f":{"1":0},"fnMap":{"1":{"name":"executeHook","line":8,"loc":{"start":{"line":8,"column":4},"end":{"line":10,"column":4}}}},"statementMap":{"1":{"start":{"line":9,"column":8},"end":{"line":9,"column":20}}},"branchMap":{}},
"contracts\\presets\\Factory.sol":{"l":{},"path":"g:\\_projects\\intercoin\\NonFungibleTokenContract\\src\\contracts\\presets\\Factory.sol","s":{},"b":{},"f":{"1":0},"fnMap":{"1":{"name":"constructor","line":78,"loc":{"start":{"line":75,"column":4},"end":{"line":80,"column":4}}}},"statementMap":{},"branchMap":{}},
"contracts\\presets\\NFT.sol":{"l":{},"path":"g:\\_projects\\intercoin\\NonFungibleTokenContract\\src\\contracts\\presets\\NFT.sol","s":{},"b":{},"f":{},"fnMap":{},"statementMap":{},"branchMap":{}},
"contracts\\presets\\NFTBulkSale.sol":{"l":{},"path":"g:\\_projects\\intercoin\\NonFungibleTokenContract\\src\\contracts\\presets\\NFTBulkSale.sol","s":{},"b":{},"f":{},"fnMap":{},"statementMap":{},"branchMap":{}},
"contracts\\SafeHook.sol":{"l":{"16":26},"path":"g:\\_projects\\intercoin\\NonFungibleTokenContract\\src\\contracts\\SafeHook.sol","s":{"1":26},"b":{},"f":{"1":26},"fnMap":{"1":{"name":"supportsInterface","line":12,"loc":{"start":{"line":12,"column":4},"end":{"line":17,"column":4}}}},"statementMap":{"1":{"start":{"line":16,"column":8},"end":{"line":16,"column":57}}},"branchMap":{}},
"contracts\\v1\\ERC721UpgradeableExt.sol":{"l":{"178":1,"179":1,"196":1,"197":1,"209":1,"210":1,"228":126,"229":125,"232":112,"239":1,"242":125,"244":125,"261":9,"263":9,"281":10,"282":9,"290":7,"291":6,"293":6,"310":1,"311":1,"313":1,"336":11,"338":11,"339":10,"340":9,"342":8,"343":8,"348":8,"353":8,"355":8,"363":8,"379":1,"380":1,"381":1,"382":1,"384":1,"386":1,"387":1,"406":4,"422":4,"423":4,"424":3,"425":7,"426":6,"429":2,"443":1,"452":1,"466":144,"477":0,"486":0,"498":109,"499":109,"500":104,"501":103,"503":102,"504":102,"505":102,"508":102,"509":2,"510":2,"511":2,"514":102,"515":102,"517":102,"519":102,"520":5,"521":5,"524":102,"526":98,"527":98,"544":10,"545":10,"546":9,"547":8,"548":8,"550":6,"551":6,"553":6,"554":2,"555":2,"558":6,"559":6,"560":6,"561":6,"588":108,"589":108,"590":108,"592":108,"593":6,"594":6,"595":0,"596":6,"597":2,"598":2,"599":2,"600":2,"605":108,"606":5,"607":5,"608":0,"609":5,"610":2,"611":2,"612":2,"613":2,"617":108,"625":1,"633":8,"634":6,"641":10,"649":8,"650":6,"657":0,"668":219,"669":217,"681":116,"682":116,"683":114,"690":5,"697":5,"712":2,"728":6,"729":4,"730":4,"731":4,"732":4,"733":4,"734":2,"736":4,"737":0,"740":4,"741":4,"743":0,"760":8,"761":8,"762":6,"763":6,"768":4,"779":13,"781":13,"795":4,"797":2,"798":2,"807":11,"830":13,"832":11,"854":6,"876":8,"877":6,"896":1,"897":1,"915":1,"916":1,"928":7,"929":5,"931":5,"955":131,"957":131,"958":131,"960":131,"961":22,"962":7,"965":109,"966":109,"967":109,"968":108,"969":108,"970":108,"985":1,"1001":1012,"1002":1012,"1003":4,"1014":267,"1024":266,"1025":266,"1038":108,"1039":108,"1040":5,"1041":1,"1043":4,"1045":5,"1054":103,"1055":2,"1057":101,"1059":99,"1060":99,"1084":117,"1085":117,"1086":117,"1087":117,"1089":117,"1090":117,"1091":117,"1093":117,"1124":8,"1125":8,"1129":167,"1143":2,"1155":2,"1156":2,"1181":109,"1182":109,"1184":109,"1186":107,"1187":107,"1189":107,"1190":107,"1192":107,"1193":105,"1200":106,"1215":5,"1217":5,"1220":5,"1222":5,"1224":5,"1225":5,"1226":5,"1227":5,"1247":24,"1248":24,"1250":22,"1253":22,"1255":22,"1256":22,"1257":22,"1259":22,"1261":22,"1263":22,"1282":8,"1291":31,"1292":31,"1307":4,"1308":4,"1309":3,"1310":3,"1311":3,"1312":7,"1324":470,"1338":119,"1339":119,"1363":134,"1364":107,"1366":27,"1368":134,"1369":5,"1371":129,"1376":28,"1380":144,"1385":42,"1386":42,"1390":179,"1395":42,"1421":10,"1422":10,"1423":7,"1425":3,"1426":3,"1428":0,"1434":0,"1446":129,"1447":129,"1448":129,"1456":107,"1457":107,"1472":27,"1473":27,"1476":27,"1477":0,"1479":0,"1480":0,"1484":27,"1485":27,"1497":5,"1498":5,"1503":5,"1505":5,"1506":5,"1509":5,"1510":5,"1520":403,"1521":213,"1528":0,"1530":0},"path":"g:\\_projects\\intercoin\\NonFungibleTokenContract\\src\\contracts\\v1\\ERC721UpgradeableExt.sol","s":{"1":1,"2":1,"3":1,"4":1,"5":1,"6":1,"7":126,"8":125,"9":112,"10":13,"11":1,"12":125,"13":125,"14":9,"15":9,"16":10,"17":9,"18":7,"19":6,"20":6,"21":1,"22":1,"23":11,"24":11,"25":10,"26":9,"27":8,"28":8,"29":8,"30":8,"31":8,"32":8,"33":1,"34":1,"35":1,"36":1,"37":1,"38":1,"39":1,"40":4,"41":4,"42":4,"43":3,"44":7,"45":6,"46":2,"47":1,"48":1,"49":144,"50":0,"51":0,"52":109,"53":109,"54":104,"55":103,"56":102,"57":102,"58":102,"59":102,"60":2,"61":2,"62":2,"63":102,"64":102,"65":102,"66":102,"67":5,"68":5,"69":102,"70":98,"71":98,"72":10,"73":10,"74":9,"75":8,"76":8,"77":6,"78":6,"79":6,"80":2,"81":2,"82":6,"83":6,"84":6,"85":6,"86":108,"87":108,"88":108,"89":108,"90":6,"91":6,"92":0,"93":6,"94":2,"95":2,"96":2,"97":108,"98":5,"99":5,"100":0,"101":5,"102":2,"103":2,"104":2,"105":108,"106":1,"107":8,"108":6,"109":10,"110":8,"111":6,"112":0,"113":219,"114":217,"115":116,"116":116,"117":114,"118":5,"119":5,"120":2,"121":6,"122":4,"123":4,"124":4,"125":4,"126":4,"127":2,"128":4,"129":0,"130":4,"131":4,"132":0,"133":8,"134":8,"135":6,"136":6,"137":4,"138":13,"139":13,"140":4,"141":2,"142":2,"143":11,"144":13,"145":11,"146":6,"147":8,"148":6,"149":1,"150":1,"151":1,"152":1,"153":7,"154":5,"155":5,"156":131,"157":131,"158":131,"159":131,"160":22,"161":7,"162":109,"163":109,"164":109,"165":108,"166":108,"167":108,"168":1,"169":1012,"170":1012,"171":267,"172":266,"173":266,"174":108,"175":108,"176":5,"177":1,"178":4,"179":5,"180":103,"181":2,"182":101,"183":99,"184":99,"185":117,"186":117,"187":117,"188":117,"189":117,"190":117,"191":117,"192":117,"193":8,"194":8,"195":167,"196":2,"197":2,"198":2,"199":109,"200":109,"201":109,"202":107,"203":107,"204":107,"205":107,"206":107,"207":105,"208":106,"209":5,"210":5,"211":5,"212":5,"213":5,"214":5,"215":5,"216":5,"217":24,"218":24,"219":22,"220":22,"221":22,"222":22,"223":22,"224":22,"225":22,"226":22,"227":8,"228":31,"229":31,"230":4,"231":4,"232":3,"233":3,"234":3,"235":7,"236":470,"237":119,"238":119,"239":134,"240":107,"241":27,"242":27,"243":134,"244":5,"245":129,"246":129,"247":28,"248":6,"249":144,"250":42,"251":42,"252":179,"253":42,"254":10,"255":10,"256":7,"257":3,"258":3,"259":0,"260":129,"261":129,"262":129,"263":107,"264":107,"265":27,"266":27,"267":27,"268":0,"269":0,"270":0,"271":5,"272":5,"273":5,"274":5,"275":5,"276":5,"277":403,"278":213,"279":0,"280":0},"b":{"1":[112,13],"2":[1,12],"3":[7,2],"4":[6,1],"5":[9,1],"6":[8,1],"7":[1,0],"8":[3,1],"9":[1,0],"10":[104,5],"11":[103,1],"12":[102,1],"13":[2,0],"14":[102,0],"15":[5,97],"16":[5,0],"17":[9,1],"18":[8,1],"19":[6,2],"20":[6,102],"21":[0,6],"22":[2,4],"23":[5,103],"24":[0,5],"25":[2,3],"26":[108,0],"27":[6,2],"28":[6,2],"29":[217,2],"30":[114,2],"31":[4,2],"32":[2,2],"33":[0,4],"34":[4,0],"35":[6,2],"36":[4,2],"37":[13,0],"38":[2,2],"39":[22,109],"40":[7,15],"41":[108,1],"42":[4,1008],"43":[5,103],"44":[1,4],"45":[2,101],"46":[6,2],"47":[1,1],"48":[109,0],"49":[109,0],"50":[105,2],"51":[104,1],"52":[24,0],"53":[22,2],"54":[3,1],"55":[107,27],"56":[27,0],"57":[5,129],"58":[129,0],"59":[6,22],"60":[141,3],"61":[42,0],"62":[35,7],"63":[10,0],"64":[3,0],"65":[0,27],"66":[213,190]},"f":{"1":1,"2":1,"3":1,"4":126,"5":9,"6":10,"7":1,"8":11,"9":1,"10":4,"11":4,"12":1,"13":144,"14":0,"15":0,"16":109,"17":10,"18":108,"19":1,"20":8,"21":10,"22":8,"23":0,"24":219,"25":116,"26":5,"27":5,"28":2,"29":6,"30":8,"31":13,"32":4,"33":11,"34":13,"35":6,"36":8,"37":1,"38":1,"39":7,"40":131,"41":1,"42":1012,"43":267,"44":266,"45":108,"46":117,"47":8,"48":167,"49":2,"50":2,"51":109,"52":5,"53":24,"54":8,"55":31,"56":4,"57":470,"58":119,"59":134,"60":28,"61":144,"62":42,"63":179,"64":42,"65":10,"66":129,"67":107,"68":27,"69":5,"70":403},"fnMap":{"1":{"name":"setBaseURI","line":175,"loc":{"start":{"line":172,"column":4},"end":{"line":184,"column":4}}},"2":{"name":"setSuffix","line":193,"loc":{"start":{"line":190,"column":4},"end":{"line":202,"column":4}}},"3":{"name":"setContractURI","line":208,"loc":{"start":{"line":208,"column":4},"end":{"line":215,"column":4}}},"4":{"name":"setSeriesInfo","line":222,"loc":{"start":{"line":222,"column":4},"end":{"line":250,"column":4}}},"5":{"name":"setOwnerCommission","line":259,"loc":{"start":{"line":255,"column":4},"end":{"line":269,"column":4}}},"6":{"name":"setCommission","line":275,"loc":{"start":{"line":275,"column":4},"end":{"line":299,"column":4}}},"7":{"name":"removeCommission","line":305,"loc":{"start":{"line":305,"column":4},"end":{"line":319,"column":4}}},"8":{"name":"listForSale","line":328,"loc":{"start":{"line":328,"column":4},"end":{"line":368,"column":4}}},"9":{"name":"removeFromSale","line":374,"loc":{"start":{"line":374,"column":4},"end":{"line":392,"column":4}}},"10":{"name":"tokensByOwner","line":398,"loc":{"start":{"line":398,"column":4},"end":{"line":407,"column":4}}},"11":{"name":"mintAndDistribute","line":415,"loc":{"start":{"line":415,"column":4},"end":{"line":434,"column":4}}},"12":{"name":"overrideCostManager","line":440,"loc":{"start":{"line":440,"column":4},"end":{"line":453,"column":4}}},"13":{"name":"canManageSeries","line":465,"loc":{"start":{"line":465,"column":4},"end":{"line":467,"column":4}}},"14":{"name":"canManageToken","line":476,"loc":{"start":{"line":476,"column":4},"end":{"line":478,"column":4}}},"15":{"name":"tokenExists","line":485,"loc":{"start":{"line":485,"column":4},"end":{"line":487,"column":4}}},"16":{"name":"buy","line":497,"loc":{"start":{"line":497,"column":4},"end":{"line":532,"column":4}}},"17":{"name":"buy","line":543,"loc":{"start":{"line":543,"column":4},"end":{"line":566,"column":4}}},"18":{"name":"calculateCommission","line":576,"loc":{"start":{"line":576,"column":4},"end":{"line":619,"column":4}}},"19":{"name":"contractURI","line":624,"loc":{"start":{"line":624,"column":4},"end":{"line":626,"column":4}}},"20":{"name":"tokenOfOwnerByIndex","line":632,"loc":{"start":{"line":632,"column":4},"end":{"line":635,"column":4}}},"21":{"name":"totalSupply","line":640,"loc":{"start":{"line":640,"column":4},"end":{"line":642,"column":4}}},"22":{"name":"tokenByIndex","line":648,"loc":{"start":{"line":648,"column":4},"end":{"line":651,"column":4}}},"23":{"name":"supportsInterface","line":656,"loc":{"start":{"line":656,"column":4},"end":{"line":662,"column":4}}},"24":{"name":"balanceOf","line":667,"loc":{"start":{"line":667,"column":4},"end":{"line":670,"column":4}}},"25":{"name":"ownerOf","line":680,"loc":{"start":{"line":680,"column":4},"end":{"line":684,"column":4}}},"26":{"name":"name","line":689,"loc":{"start":{"line":689,"column":4},"end":{"line":691,"column":4}}},"27":{"name":"symbol","line":696,"loc":{"start":{"line":696,"column":4},"end":{"line":698,"column":4}}},"28":{"name":"setNameAndSymbol","line":710,"loc":{"start":{"line":705,"column":4},"end":{"line":713,"column":4}}},"29":{"name":"tokenURI","line":719,"loc":{"start":{"line":719,"column":4},"end":{"line":744,"column":4}}},"30":{"name":"approve","line":759,"loc":{"start":{"line":759,"column":4},"end":{"line":769,"column":4}}},"31":{"name":"getApproved","line":778,"loc":{"start":{"line":778,"column":4},"end":{"line":782,"column":4}}},"32":{"name":"setApprovalForAll","line":794,"loc":{"start":{"line":794,"column":4},"end":{"line":799,"column":4}}},"33":{"name":"isApprovedForAll","line":806,"loc":{"start":{"line":806,"column":4},"end":{"line":808,"column":4}}},"34":{"name":"transferFrom","line":824,"loc":{"start":{"line":824,"column":4},"end":{"line":833,"column":4}}},"35":{"name":"safeTransferFrom","line":849,"loc":{"start":{"line":849,"column":4},"end":{"line":855,"column":4}}},"36":{"name":"safeTransferFrom","line":870,"loc":{"start":{"line":870,"column":4},"end":{"line":878,"column":4}}},"37":{"name":"transfer","line":892,"loc":{"start":{"line":892,"column":4},"end":{"line":898,"column":4}}},"38":{"name":"safeTransfer","line":911,"loc":{"start":{"line":911,"column":4},"end":{"line":917,"column":4}}},"39":{"name":"burn","line":926,"loc":{"start":{"line":926,"column":4},"end":{"line":936,"column":4}}},"40":{"name":"getTokenSaleInfo","line":944,"loc":{"start":{"line":944,"column":4},"end":{"line":973,"column":4}}},"41":{"name":"setTrustedForwarder","line":982,"loc":{"start":{"line":979,"column":4},"end":{"line":986,"column":4}}},"42":{"name":"_msgSender","line":994,"loc":{"start":{"line":994,"column":4},"end":{"line":1007,"column":4}}},"43":{"name":"_setTrustedForwarder","line":1009,"loc":{"start":{"line":1009,"column":4},"end":{"line":1015,"column":4}}},"44":{"name":"_transferOwnership","line":1017,"loc":{"start":{"line":1017,"column":4},"end":{"line":1026,"column":4}}},"45":{"name":"_buy","line":1028,"loc":{"start":{"line":1028,"column":4},"end":{"line":1069,"column":4}}},"46":{"name":"__ERC721_init","line":1082,"loc":{"start":{"line":1075,"column":4},"end":{"line":1098,"column":4}}},"47":{"name":"_safeTransfer","line":1118,"loc":{"start":{"line":1118,"column":4},"end":{"line":1126,"column":4}}},"48":{"name":"_ownerOf","line":1128,"loc":{"start":{"line":1128,"column":4},"end":{"line":1130,"column":4}}},"49":{"name":"_safeMint","line":1142,"loc":{"start":{"line":1142,"column":4},"end":{"line":1144,"column":4}}},"50":{"name":"_safeMint","line":1150,"loc":{"start":{"line":1150,"column":4},"end":{"line":1160,"column":4}}},"51":{"name":"_mint","line":1174,"loc":{"start":{"line":1174,"column":4},"end":{"line":1202,"column":4}}},"52":{"name":"_burn","line":1214,"loc":{"start":{"line":1214,"column":4},"end":{"line":1229,"column":4}}},"53":{"name":"_transfer","line":1242,"loc":{"start":{"line":1242,"column":4},"end":{"line":1269,"column":4}}},"54":{"name":"_setSaleInfo","line":1276,"loc":{"start":{"line":1276,"column":4},"end":{"line":1283,"column":4}}},"55":{"name":"_approve","line":1290,"loc":{"start":{"line":1290,"column":4},"end":{"line":1293,"column":4}}},"56":{"name":"_tokensByOwner","line":1299,"loc":{"start":{"line":1299,"column":4},"end":{"line":1315,"column":4}}},"57":{"name":"getSeriesId","line":1317,"loc":{"start":{"line":1317,"column":4},"end":{"line":1325,"column":4}}},"58":{"name":"_setNameAndSymbol","line":1332,"loc":{"start":{"line":1332,"column":4},"end":{"line":1340,"column":4}}},"59":{"name":"_beforeTokenTransfer","line":1357,"loc":{"start":{"line":1357,"column":4},"end":{"line":1373,"column":4}}},"60":{"name":"clearOnSaleUntil","line":1375,"loc":{"start":{"line":1375,"column":4},"end":{"line":1377,"column":4}}},"61":{"name":"_requireCanManageSeries","line":1379,"loc":{"start":{"line":1379,"column":4},"end":{"line":1381,"column":4}}},"62":{"name":"_requireCanManageToken","line":1383,"loc":{"start":{"line":1383,"column":4},"end":{"line":1387,"column":4}}},"63":{"name":"_exists","line":1389,"loc":{"start":{"line":1389,"column":4},"end":{"line":1392,"column":4}}},"64":{"name":"_canManageToken","line":1394,"loc":{"start":{"line":1394,"column":4},"end":{"line":1398,"column":4}}},"65":{"name":"_checkOnERC721Received","line":1415,"loc":{"start":{"line":1415,"column":4},"end":{"line":1436,"column":4}}},"66":{"name":"_addTokenToOwnerEnumeration","line":1445,"loc":{"start":{"line":1445,"column":4},"end":{"line":1449,"column":4}}},"67":{"name":"_addTokenToAllTokensEnumeration","line":1455,"loc":{"start":{"line":1455,"column":4},"end":{"line":1458,"column":4}}},"68":{"name":"_removeTokenFromOwnerEnumeration","line":1468,"loc":{"start":{"line":1468,"column":4},"end":{"line":1486,"column":4}}},"69":{"name":"_removeTokenFromAllTokensEnumeration","line":1493,"loc":{"start":{"line":1493,"column":4},"end":{"line":1511,"column":4}}},"70":{"name":"_accountForOperation","line":1519,"loc":{"start":{"line":1519,"column":4},"end":{"line":1533,"column":4}}}},"statementMap":{"1":{"start":{"line":178,"column":8},"end":{"line":178,"column":25}},"2":{"start":{"line":179,"column":8},"end":{"line":179,"column":5689}},"3":{"start":{"line":196,"column":8},"end":{"line":196,"column":23}},"4":{"start":{"line":197,"column":8},"end":{"line":197,"column":6090}},"5":{"start":{"line":209,"column":8},"end":{"line":209,"column":36}},"6":{"start":{"line":210,"column":8},"end":{"line":210,"column":6440}},"7":{"start":{"line":228,"column":8},"end":{"line":228,"column":40}},"8":{"start":{"line":229,"column":8},"end":{"line":229,"column":6877}},"9":{"start":{"line":232,"column":12},"end":{"line":232,"column":7040}},"10":{"start":{"line":238,"column":15},"end":{"line":238,"column":7235}},"11":{"start":{"line":239,"column":12},"end":{"line":239,"column":48}},"12":{"start":{"line":242,"column":8},"end":{"line":242,"column":34}},"13":{"start":{"line":244,"column":8},"end":{"line":244,"column":7403}},"14":{"start":{"line":261,"column":8},"end":{"line":261,"column":34}},"15":{"start":{"line":263,"column":8},"end":{"line":263,"column":7880}},"16":{"start":{"line":281,"column":8},"end":{"line":281,"column":40}},"17":{"start":{"line":282,"column":8},"end":{"line":282,"column":8376}},"18":{"start":{"line":290,"column":8},"end":{"line":290,"column":75}},"19":{"start":{"line":291,"column":8},"end":{"line":291,"column":55}},"20":{"start":{"line":293,"column":8},"end":{"line":293,"column":8832}},"21":{"start":{"line":310,"column":8},"end":{"line":310,"column":40}},"22":{"start":{"line":313,"column":8},"end":{"line":313,"column":9318}},"23":{"start":{"line":336,"column":8},"end":{"line":336,"column":114}},"24":{"start":{"line":338,"column":8},"end":{"line":338,"column":38}},"25":{"start":{"line":339,"column":8},"end":{"line":339,"column":43}},"26":{"start":{"line":340,"column":8},"end":{"line":340,"column":48}},"27":{"start":{"line":342,"column":8},"end":{"line":342,"column":46}},"28":{"start":{"line":343,"column":8},"end":{"line":343,"column":10189}},"29":{"start":{"line":348,"column":8},"end":{"line":348,"column":10368}},"30":{"start":{"line":353,"column":8},"end":{"line":353,"column":43}},"31":{"start":{"line":355,"column":8},"end":{"line":355,"column":10667}},"32":{"start":{"line":363,"column":8},"end":{"line":363,"column":10867}},"33":{"start":{"line":379,"column":8},"end":{"line":379,"column":110}},"34":{"start":{"line":380,"column":8},"end":{"line":380,"column":44}},"35":{"start":{"line":381,"column":8},"end":{"line":381,"column":38}},"36":{"start":{"line":382,"column":8},"end":{"line":382,"column":32}},"37":{"start":{"line":384,"column":8},"end":{"line":384,"column":56}},"38":{"start":{"line":386,"column":8},"end":{"line":386,"column":46}},"39":{"start":{"line":387,"column":8},"end":{"line":387,"column":11583}},"40":{"start":{"line":406,"column":8},"end":{"line":406,"column":45}},"41":{"start":{"line":422,"column":8},"end":{"line":422,"column":38}},"42":{"start":{"line":423,"column":8},"end":{"line":423,"column":68}},"43":{"start":{"line":424,"column":8},"end":{"line":424,"column":12556}},"44":{"start":{"line":425,"column":12},"end":{"line":425,"column":60}},"45":{"start":{"line":426,"column":12},"end":{"line":426,"column":43}},"46":{"start":{"line":429,"column":8},"end":{"line":429,"column":12727}},"47":{"start":{"line":443,"column":8},"end":{"line":443,"column":13190}},"48":{"start":{"line":452,"column":8},"end":{"line":452,"column":33}},"49":{"start":{"line":466,"column":8},"end":{"line":466,"column":85}},"50":{"start":{"line":477,"column":8},"end":{"line":477,"column":39}},"51":{"start":{"line":486,"column":8},"end":{"line":486,"column":31}},"52":{"start":{"line":498,"column":8},"end":{"line":498,"column":106}},"53":{"start":{"line":499,"column":8},"end":{"line":499,"column":47}},"54":{"start":{"line":500,"column":8},"end":{"line":500,"column":90}},"55":{"start":{"line":501,"column":8},"end":{"line":501,"column":70}},"56":{"start":{"line":503,"column":8},"end":{"line":503,"column":28}},"57":{"start":{"line":504,"column":8},"end":{"line":504,"column":33}},"58":{"start":{"line":505,"column":8},"end":{"line":505,"column":122}},"59":{"start":{"line":508,"column":8},"end":{"line":508,"column":15828}},"60":{"start":{"line":509,"column":12},"end":{"line":509,"column":93}},"61":{"start":{"line":510,"column":12},"end":{"line":510,"column":65}},"62":{"start":{"line":511,"column":12},"end":{"line":511,"column":28}},"63":{"start":{"line":514,"column":8},"end":{"line":514,"column":83}},"64":{"start":{"line":515,"column":8},"end":{"line":515,"column":59}},"65":{"start":{"line":517,"column":8},"end":{"line":517,"column":47}},"66":{"start":{"line":519,"column":8},"end":{"line":519,"column":16287}},"67":{"start":{"line":520,"column":12},"end":{"line":520,"column":88}},"68":{"start":{"line":521,"column":12},"end":{"line":521,"column":52}},"69":{"start":{"line":524,"column":8},"end":{"line":524,"column":53}},"70":{"start":{"line":526,"column":8},"end":{"line":526,"column":46}},"71":{"start":{"line":527,"column":8},"end":{"line":527,"column":16583}},"72":{"start":{"line":544,"column":8},"end":{"line":544,"column":100}},"73":{"start":{"line":545,"column":8},"end":{"line":545,"column":47}},"74":{"start":{"line":546,"column":8},"end":{"line":546,"column":68}},"75":{"start":{"line":547,"column":8},"end":{"line":547,"column":99}},"76":{"start":{"line":548,"column":8},"end":{"line":548,"column":85}},"77":{"start":{"line":550,"column":8},"end":{"line":550,"column":33}},"78":{"start":{"line":551,"column":8},"end":{"line":551,"column":122}},"79":{"start":{"line":553,"column":8},"end":{"line":553,"column":17793}},"80":{"start":{"line":554,"column":12},"end":{"line":554,"column":95}},"81":{"start":{"line":555,"column":12},"end":{"line":555,"column":28}},"82":{"start":{"line":558,"column":8},"end":{"line":558,"column":79}},"83":{"start":{"line":559,"column":8},"end":{"line":559,"column":47}},"84":{"start":{"line":560,"column":8},"end":{"line":560,"column":46}},"85":{"start":{"line":561,"column":8},"end":{"line":561,"column":18159}},"86":{"start":{"line":588,"column":8},"end":{"line":588,"column":46}},"87":{"start":{"line":589,"column":8},"end":{"line":589,"column":17}},"88":{"start":{"line":590,"column":8},"end":{"line":590,"column":19}},"89":{"start":{"line":592,"column":8},"end":{"line":592,"column":19113}},"90":{"start":{"line":593,"column":12},"end":{"line":593,"column":69}},"91":{"start":{"line":594,"column":12},"end":{"line":594,"column":19307}},"92":{"start":{"line":595,"column":16},"end":{"line":595,"column":56}},"93":{"start":{"line":596,"column":12},"end":{"line":596,"column":19380}},"94":{"start":{"line":597,"column":16},"end":{"line":597,"column":75}},"95":{"start":{"line":598,"column":16},"end":{"line":598,"column":24}},"96":{"start":{"line":599,"column":16},"end":{"line":599,"column":53}},"97":{"start":{"line":605,"column":8},"end":{"line":605,"column":19640}},"98":{"start":{"line":606,"column":12},"end":{"line":606,"column":70}},"99":{"start":{"line":607,"column":12},"end":{"line":607,"column":19837}},"100":{"start":{"line":608,"column":16},"end":{"line":608,"column":57}},"101":{"start":{"line":609,"column":12},"end":{"line":609,"column":19912}},"102":{"start":{"line":610,"column":16},"end":{"line":610,"column":76}},"103":{"start":{"line":611,"column":16},"end":{"line":611,"column":24}},"104":{"start":{"line":612,"column":16},"end":{"line":612,"column":53}},"105":{"start":{"line":617,"column":8},"end":{"line":617,"column":52}},"106":{"start":{"line":625,"column":8},"end":{"line":625,"column":27}},"107":{"start":{"line":633,"column":8},"end":{"line":633,"column":87}},"108":{"start":{"line":634,"column":8},"end":{"line":634,"column":41}},"109":{"start":{"line":641,"column":8},"end":{"line":641,"column":32}},"110":{"start":{"line":649,"column":8},"end":{"line":649,"column":85}},"111":{"start":{"line":650,"column":8},"end":{"line":650,"column":32}},"112":{"start":{"line":657,"column":8},"end":{"line":657,"column":21612}},"113":{"start":{"line":668,"column":8},"end":{"line":668,"column":81}},"114":{"start":{"line":669,"column":8},"end":{"line":669,"column":31}},"115":{"start":{"line":681,"column":8},"end":{"line":681,"column":41}},"116":{"start":{"line":682,"column":8},"end":{"line":682,"column":80}},"117":{"start":{"line":683,"column":8},"end":{"line":683,"column":20}},"118":{"start":{"line":690,"column":8},"end":{"line":690,"column":20}},"119":{"start":{"line":697,"column":8},"end":{"line":697,"column":22}},"120":{"start":{"line":712,"column":8},"end":{"line":712,"column":44}},"121":{"start":{"line":728,"column":8},"end":{"line":728,"column":85}},"122":{"start":{"line":729,"column":8},"end":{"line":729,"column":63}},"123":{"start":{"line":730,"column":8},"end":{"line":730,"column":46}},"124":{"start":{"line":731,"column":8},"end":{"line":731,"column":61}},"125":{"start":{"line":732,"column":8},"end":{"line":732,"column":59}},"126":{"start":{"line":733,"column":8},"end":{"line":733,"column":23782}},"127":{"start":{"line":734,"column":12},"end":{"line":734,"column":29}},"128":{"start":{"line":736,"column":8},"end":{"line":736,"column":23867}},"129":{"start":{"line":737,"column":12},"end":{"line":737,"column":27}},"130":{"start":{"line":740,"column":8},"end":{"line":740,"column":23988}},"131":{"start":{"line":741,"column":12},"end":{"line":741,"column":81}},"132":{"start":{"line":743,"column":8},"end":{"line":743,"column":17}},"133":{"start":{"line":760,"column":8},"end":{"line":760,"column":40}},"134":{"start":{"line":761,"column":8},"end":{"line":761,"column":64}},"135":{"start":{"line":762,"column":8},"end":{"line":762,"column":33}},"136":{"start":{"line":763,"column":8},"end":{"line":763,"column":24835}},"137":{"start":{"line":768,"column":8},"end":{"line":768,"column":28}},"138":{"start":{"line":779,"column":8},"end":{"line":779,"column":94}},"139":{"start":{"line":781,"column":8},"end":{"line":781,"column":39}},"140":{"start":{"line":795,"column":8},"end":{"line":795,"column":69}},"141":{"start":{"line":797,"column":8},"end":{"line":797,"column":60}},"142":{"start":{"line":798,"column":8},"end":{"line":798,"column":61}},"143":{"start":{"line":807,"column":8},"end":{"line":807,"column":50}},"144":{"start":{"line":830,"column":8},"end":{"line":830,"column":38}},"145":{"start":{"line":832,"column":8},"end":{"line":832,"column":35}},"146":{"start":{"line":854,"column":8},"end":{"line":854,"column":46}},"147":{"start":{"line":876,"column":8},"end":{"line":876,"column":38}},"148":{"start":{"line":877,"column":8},"end":{"line":877,"column":46}},"149":{"start":{"line":896,"column":8},"end":{"line":896,"column":38}},"150":{"start":{"line":897,"column":8},"end":{"line":897,"column":43}},"151":{"start":{"line":915,"column":8},"end":{"line":915,"column":38}},"152":{"start":{"line":916,"column":8},"end":{"line":916,"column":51}},"153":{"start":{"line":928,"column":8},"end":{"line":928,"column":38}},"154":{"start":{"line":929,"column":8},"end":{"line":929,"column":21}},"155":{"start":{"line":931,"column":8},"end":{"line":931,"column":30264}},"156":{"start":{"line":955,"column":8},"end":{"line":955,"column":46}},"157":{"start":{"line":957,"column":8},"end":{"line":957,"column":32}},"158":{"start":{"line":958,"column":8},"end":{"line":958,"column":31}},"159":{"start":{"line":960,"column":8},"end":{"line":960,"column":30930}},"160":{"start":{"line":961,"column":12},"end":{"line":961,"column":30974}},"161":{"start":{"line":962,"column":16},"end":{"line":962,"column":30}},"162":{"start":{"line":965,"column":12},"end":{"line":965,"column":50}},"163":{"start":{"line":966,"column":12},"end":{"line":966,"column":63}},"164":{"start":{"line":967,"column":12},"end":{"line":967,"column":31213}},"165":{"start":{"line":968,"column":16},"end":{"line":968,"column":30}},"166":{"start":{"line":969,"column":16},"end":{"line":969,"column":41}},"167":{"start":{"line":970,"column":16},"end":{"line":970,"column":40}},"168":{"start":{"line":985,"column":8},"end":{"line":985,"column":46}},"169":{"start":{"line":1001,"column":8},"end":{"line":1001,"column":26}},"170":{"start":{"line":1002,"column":8},"end":{"line":1002,"column":32151}},"171":{"start":{"line":1014,"column":8},"end":{"line":1014,"column":43}},"172":{"start":{"line":1024,"column":8},"end":{"line":1024,"column":41}},"173":{"start":{"line":1025,"column":8},"end":{"line":1025,"column":39}},"174":{"start":{"line":1038,"column":8},"end":{"line":1038,"column":33}},"175":{"start":{"line":1039,"column":8},"end":{"line":1039,"column":32938}},"176":{"start":{"line":1040,"column":12},"end":{"line":1040,"column":32968}},"177":{"start":{"line":1041,"column":16},"end":{"line":1041,"column":62}},"178":{"start":{"line":1043,"column":16},"end":{"line":1043,"column":44}},"179":{"start":{"line":1045,"column":12},"end":{"line":1045,"column":33140}},"180":{"start":{"line":1054,"column":12},"end":{"line":1054,"column":33332}},"181":{"start":{"line":1055,"column":16},"end":{"line":1055,"column":37}},"182":{"start":{"line":1057,"column":16},"end":{"line":1057,"column":33}},"183":{"start":{"line":1059,"column":12},"end":{"line":1059,"column":45}},"184":{"start":{"line":1060,"column":12},"end":{"line":1060,"column":33515}},"185":{"start":{"line":1084,"column":8},"end":{"line":1084,"column":23}},"186":{"start":{"line":1085,"column":8},"end":{"line":1085,"column":22}},"187":{"start":{"line":1086,"column":8},"end":{"line":1086,"column":23}},"188":{"start":{"line":1087,"column":8},"end":{"line":1087,"column":31}},"189":{"start":{"line":1089,"column":8},"end":{"line":1089,"column":40}},"190":{"start":{"line":1090,"column":8},"end":{"line":1090,"column":33}},"191":{"start":{"line":1091,"column":8},"end":{"line":1091,"column":29}},"192":{"start":{"line":1093,"column":8},"end":{"line":1093,"column":34264}},"193":{"start":{"line":1124,"column":8},"end":{"line":1124,"column":35}},"194":{"start":{"line":1125,"column":8},"end":{"line":1125,"column":117}},"195":{"start":{"line":1129,"column":8},"end":{"line":1129,"column":31}},"196":{"start":{"line":1143,"column":8},"end":{"line":1143,"column":33}},"197":{"start":{"line":1155,"column":8},"end":{"line":1155,"column":25}},"198":{"start":{"line":1156,"column":8},"end":{"line":1156,"column":36522}},"199":{"start":{"line":1181,"column":8},"end":{"line":1181,"column":66}},"200":{"start":{"line":1182,"column":8},"end":{"line":1182,"column":70}},"201":{"start":{"line":1184,"column":8},"end":{"line":1184,"column":52}},"202":{"start":{"line":1186,"column":8},"end":{"line":1186,"column":25}},"203":{"start":{"line":1187,"column":8},"end":{"line":1187,"column":28}},"204":{"start":{"line":1189,"column":8},"end":{"line":1189,"column":46}},"205":{"start":{"line":1190,"column":8},"end":{"line":1190,"column":41}},"206":{"start":{"line":1192,"column":8},"end":{"line":1192,"column":37500}},"207":{"start":{"line":1193,"column":12},"end":{"line":1193,"column":37555}},"208":{"start":{"line":1200,"column":8},"end":{"line":1200,"column":46}},"209":{"start":{"line":1215,"column":8},"end":{"line":1215,"column":40}},"210":{"start":{"line":1217,"column":8},"end":{"line":1217,"column":55}},"211":{"start":{"line":1220,"column":8},"end":{"line":1220,"column":36}},"212":{"start":{"line":1222,"column":8},"end":{"line":1222,"column":28}},"213":{"start":{"line":1224,"column":8},"end":{"line":1224,"column":35}},"214":{"start":{"line":1225,"column":8},"end":{"line":1225,"column":38}},"215":{"start":{"line":1226,"column":8},"end":{"line":1226,"column":32}},"216":{"start":{"line":1227,"column":8},"end":{"line":1227,"column":51}},"217":{"start":{"line":1247,"column":8},"end":{"line":1247,"column":77}},"218":{"start":{"line":1248,"column":8},"end":{"line":1248,"column":70}},"219":{"start":{"line":1250,"column":8},"end":{"line":1250,"column":46}},"220":{"start":{"line":1253,"column":8},"end":{"line":1253,"column":36}},"221":{"start":{"line":1255,"column":8},"end":{"line":1255,"column":27}},"222":{"start":{"line":1256,"column":8},"end":{"line":1256,"column":25}},"223":{"start":{"line":1257,"column":8},"end":{"line":1257,"column":28}},"224":{"start":{"line":1259,"column":8},"end":{"line":1259,"column":32}},"225":{"start":{"line":1261,"column":8},"end":{"line":1261,"column":40}},"226":{"start":{"line":1263,"column":8},"end":{"line":1263,"column":39346}},"227":{"start":{"line":1282,"column":8},"end":{"line":1282,"column":37}},"228":{"start":{"line":1291,"column":8},"end":{"line":1291,"column":36}},"229":{"start":{"line":1292,"column":8},"end":{"line":1292,"column":52}},"230":{"start":{"line":1307,"column":8},"end":{"line":1307,"column":40}},"231":{"start":{"line":1308,"column":8},"end":{"line":1308,"column":40412}},"232":{"start":{"line":1309,"column":12},"end":{"line":1309,"column":58}},"233":{"start":{"line":1310,"column":12},"end":{"line":1310,"column":37}},"234":{"start":{"line":1311,"column":12},"end":{"line":1311,"column":40544}},"235":{"start":{"line":1312,"column":16},"end":{"line":1312,"column":50}},"236":{"start":{"line":1324,"column":8},"end":{"line":1324,"column":51}},"237":{"start":{"line":1338,"column":8},"end":{"line":1338,"column":22}},"238":{"start":{"line":1339,"column":8},"end":{"line":1339,"column":26}},"239":{"start":{"line":1363,"column":8},"end":{"line":1363,"column":41880}},"240":{"start":{"line":1364,"column":12},"end":{"line":1364,"column":51}},"241":{"start":{"line":1365,"column":15},"end":{"line":1365,"column":41975}},"242":{"start":{"line":1366,"column":12},"end":{"line":1366,"column":58}},"243":{"start":{"line":1368,"column":8},"end":{"line":1368,"column":42072}},"244":{"start":{"line":1369,"column":12},"end":{"line":1369,"column":56}},"245":{"start":{"line":1370,"column":15},"end":{"line":1370,"column":42170}},"246":{"start":{"line":1371,"column":12},"end":{"line":1371,"column":51}},"247":{"start":{"line":1376,"column":8},"end":{"line":1376,"column":111}},"248":{"start":{"line":1376,"column":63},"end":{"line":1376,"column":110}},"249":{"start":{"line":1380,"column":8},"end":{"line":1380,"column":73}},"250":{"start":{"line":1385,"column":8},"end":{"line":1385,"column":55}},"251":{"start":{"line":1386,"column":8},"end":{"line":1386,"column":71}},"252":{"start":{"line":1390,"column":8},"end":{"line":1390,"column":42960}},"253":{"start":{"line":1395,"column":8},"end":{"line":1395,"column":43156}},"254":{"start":{"line":1421,"column":8},"end":{"line":1421,"column":44212}},"255":{"start":{"line":1422,"column":12},"end":{"line":1422,"column":44251}},"256":{"start":{"line":1423,"column":16},"end":{"line":1423,"column":85}},"257":{"start":{"line":1425,"column":16},"end":{"line":1425,"column":44516}},"258":{"start":{"line":1426,"column":20},"end":{"line":1426,"column":79}},"259":{"start":{"line":1434,"column":12},"end":{"line":1434,"column":23}},"260":{"start":{"line":1446,"column":8},"end":{"line":1446,"column":38}},"261":{"start":{"line":1447,"column":8},"end":{"line":1447,"column":41}},"262":{"start":{"line":1448,"column":8},"end":{"line":1448,"column":42}},"263":{"start":{"line":1456,"column":8},"end":{"line":1456,"column":51}},"264":{"start":{"line":1457,"column":8},"end":{"line":1457,"column":31}},"265":{"start":{"line":1472,"column":8},"end":{"line":1472,"column":52}},"266":{"start":{"line":1473,"column":8},"end":{"line":1473,"column":55}},"267":{"start":{"line":1476,"column":8},"end":{"line":1476,"column":46791}},"268":{"start":{"line":1477,"column":12},"end":{"line":1477,"column":68}},"269":{"start":{"line":1479,"column":12},"end":{"line":1479,"column":55}},"270":{"start":{"line":1480,"column":12},"end":{"line":1480,"column":54}},"271":{"start":{"line":1497,"column":8},"end":{"line":1497,"column":54}},"272":{"start":{"line":1498,"column":8},"end":{"line":1498,"column":53}},"273":{"start":{"line":1503,"column":8},"end":{"line":1503,"column":56}},"274":{"start":{"line":1505,"column":8},"end":{"line":1505,"column":43}},"275":{"start":{"line":1506,"column":8},"end":{"line":1506,"column":48}},"276":{"start":{"line":1510,"column":8},"end":{"line":1510,"column":23}},"277":{"start":{"line":1520,"column":8},"end":{"line":1520,"column":49053}},"278":{"start":{"line":1521,"column":12},"end":{"line":1521,"column":49102}},"279":{"start":{"line":1528,"column":16},"end":{"line":1528,"column":29}},"280":{"start":{"line":1530,"column":16},"end":{"line":1530,"column":66}}},"branchMap":{"1":{"line":229,"type":"if","locations":[{"start":{"line":229,"column":8},"end":{"line":229,"column":8}},{"start":{"line":229,"column":8},"end":{"line":229,"column":8}}]},"2":{"line":238,"type":"if","locations":[{"start":{"line":238,"column":15},"end":{"line":238,"column":15}},{"start":{"line":238,"column":15},"end":{"line":238,"column":15}}]},"3":{"line":282,"type":"if","locations":[{"start":{"line":282,"column":8},"end":{"line":282,"column":8}},{"start":{"line":282,"column":8},"end":{"line":282,"column":8}}]},"4":{"line":290,"type":"if","locations":[{"start":{"line":290,"column":8},"end":{"line":290,"column":8}},{"start":{"line":290,"column":8},"end":{"line":290,"column":8}}]},"5":{"line":339,"type":"if","locations":[{"start":{"line":339,"column":8},"end":{"line":339,"column":8}},{"start":{"line":339,"column":8},"end":{"line":339,"column":8}}]},"6":{"line":340,"type":"if","locations":[{"start":{"line":340,"column":8},"end":{"line":340,"column":8}},{"start":{"line":340,"column":8},"end":{"line":340,"column":8}}]},"7":{"line":380,"type":"if","locations":[{"start":{"line":380,"column":8},"end":{"line":380,"column":8}},{"start":{"line":380,"column":8},"end":{"line":380,"column":8}}]},"8":{"line":423,"type":"if","locations":[{"start":{"line":423,"column":8},"end":{"line":423,"column":8}},{"start":{"line":423,"column":8},"end":{"line":423,"column":8}}]},"9":{"line":443,"type":"if","locations":[{"start":{"line":443,"column":8},"end":{"line":443,"column":8}},{"start":{"line":443,"column":8},"end":{"line":443,"column":8}}]},"10":{"line":499,"type":"if","locations":[{"start":{"line":499,"column":8},"end":{"line":499,"column":8}},{"start":{"line":499,"column":8},"end":{"line":499,"column":8}}]},"11":{"line":500,"type":"if","locations":[{"start":{"line":500,"column":8},"end":{"line":500,"column":8}},{"start":{"line":500,"column":8},"end":{"line":500,"column":8}}]},"12":{"line":501,"type":"if","locations":[{"start":{"line":501,"column":8},"end":{"line":501,"column":8}},{"start":{"line":501,"column":8},"end":{"line":501,"column":8}}]},"13":{"line":510,"type":"if","locations":[{"start":{"line":510,"column":12},"end":{"line":510,"column":12}},{"start":{"line":510,"column":12},"end":{"line":510,"column":12}}]},"14":{"line":515,"type":"if","locations":[{"start":{"line":515,"column":8},"end":{"line":515,"column":8}},{"start":{"line":515,"column":8},"end":{"line":515,"column":8}}]},"15":{"line":519,"type":"if","locations":[{"start":{"line":519,"column":8},"end":{"line":519,"column":8}},{"start":{"line":519,"column":8},"end":{"line":519,"column":8}}]},"16":{"line":521,"type":"if","locations":[{"start":{"line":521,"column":12},"end":{"line":521,"column":12}},{"start":{"line":521,"column":12},"end":{"line":521,"column":12}}]},"17":{"line":545,"type":"if","locations":[{"start":{"line":545,"column":8},"end":{"line":545,"column":8}},{"start":{"line":545,"column":8},"end":{"line":545,"column":8}}]},"18":{"line":546,"type":"if","locations":[{"start":{"line":546,"column":8},"end":{"line":546,"column":8}},{"start":{"line":546,"column":8},"end":{"line":546,"column":8}}]},"19":{"line":548,"type":"if","locations":[{"start":{"line":548,"column":8},"end":{"line":548,"column":8}},{"start":{"line":548,"column":8},"end":{"line":548,"column":8}}]},"20":{"line":592,"type":"if","locations":[{"start":{"line":592,"column":8},"end":{"line":592,"column":8}},{"start":{"line":592,"column":8},"end":{"line":592,"column":8}}]},"21":{"line":594,"type":"if","locations":[{"start":{"line":594,"column":12},"end":{"line":594,"column":12}},{"start":{"line":594,"column":12},"end":{"line":594,"column":12}}]},"22":{"line":596,"type":"if","locations":[{"start":{"line":596,"column":12},"end":{"line":596,"column":12}},{"start":{"line":596,"column":12},"end":{"line":596,"column":12}}]},"23":{"line":605,"type":"if","locations":[{"start":{"line":605,"column":8},"end":{"line":605,"column":8}},{"start":{"line":605,"column":8},"end":{"line":605,"column":8}}]},"24":{"line":607,"type":"if","locations":[{"start":{"line":607,"column":12},"end":{"line":607,"column":12}},{"start":{"line":607,"column":12},"end":{"line":607,"column":12}}]},"25":{"line":609,"type":"if","locations":[{"start":{"line":609,"column":12},"end":{"line":609,"column":12}},{"start":{"line":609,"column":12},"end":{"line":609,"column":12}}]},"26":{"line":617,"type":"if","locations":[{"start":{"line":617,"column":8},"end":{"line":617,"column":8}},{"start":{"line":617,"column":8},"end":{"line":617,"column":8}}]},"27":{"line":633,"type":"if","locations":[{"start":{"line":633,"column":8},"end":{"line":633,"column":8}},{"start":{"line":633,"column":8},"end":{"line":633,"column":8}}]},"28":{"line":649,"type":"if","locations":[{"start":{"line":649,"column":8},"end":{"line":649,"column":8}},{"start":{"line":649,"column":8},"end":{"line":649,"column":8}}]},"29":{"line":668,"type":"if","locations":[{"start":{"line":668,"column":8},"end":{"line":668,"column":8}},{"start":{"line":668,"column":8},"end":{"line":668,"column":8}}]},"30":{"line":682,"type":"if","locations":[{"start":{"line":682,"column":8},"end":{"line":682,"column":8}},{"start":{"line":682,"column":8},"end":{"line":682,"column":8}}]},"31":{"line":728,"type":"if","locations":[{"start":{"line":728,"column":8},"end":{"line":728,"column":8}},{"start":{"line":728,"column":8},"end":{"line":728,"column":8}}]},"32":{"line":733,"type":"if","locations":[{"start":{"line":733,"column":8},"end":{"line":733,"column":8}},{"start":{"line":733,"column":8},"end":{"line":733,"column":8}}]},"33":{"line":736,"type":"if","locations":[{"start":{"line":736,"column":8},"end":{"line":736,"column":8}},{"start":{"line":736,"column":8},"end":{"line":736,"column":8}}]},"34":{"line":740,"type":"if","locations":[{"start":{"line":740,"column":8},"end":{"line":740,"column":8}},{"start":{"line":740,"column":8},"end":{"line":740,"column":8}}]},"35":{"line":761,"type":"if","locations":[{"start":{"line":761,"column":8},"end":{"line":761,"column":8}},{"start":{"line":761,"column":8},"end":{"line":761,"column":8}}]},"36":{"line":763,"type":"if","locations":[{"start":{"line":763,"column":8},"end":{"line":763,"column":8}},{"start":{"line":763,"column":8},"end":{"line":763,"column":8}}]},"37":{"line":779,"type":"if","locations":[{"start":{"line":779,"column":8},"end":{"line":779,"column":8}},{"start":{"line":779,"column":8},"end":{"line":779,"column":8}}]},"38":{"line":795,"type":"if","locations":[{"start":{"line":795,"column":8},"end":{"line":795,"column":8}},{"start":{"line":795,"column":8},"end":{"line":795,"column":8}}]},"39":{"line":960,"type":"if","locations":[{"start":{"line":960,"column":8},"end":{"line":960,"column":8}},{"start":{"line":960,"column":8},"end":{"line":960,"column":8}}]},"40":{"line":961,"type":"if","locations":[{"start":{"line":961,"column":12},"end":{"line":961,"column":12}},{"start":{"line":961,"column":12},"end":{"line":961,"column":12}}]},"41":{"line":967,"type":"if","locations":[{"start":{"line":967,"column":12},"end":{"line":967,"column":12}},{"start":{"line":967,"column":12},"end":{"line":967,"column":12}}]},"42":{"line":1002,"type":"if","locations":[{"start":{"line":1002,"column":8},"end":{"line":1002,"column":8}},{"start":{"line":1002,"column":8},"end":{"line":1002,"column":8}}]},"43":{"line":1039,"type":"if","locations":[{"start":{"line":1039,"column":8},"end":{"line":1039,"column":8}},{"start":{"line":1039,"column":8},"end":{"line":1039,"column":8}}]},"44":{"line":1040,"type":"if","locations":[{"start":{"line":1040,"column":12},"end":{"line":1040,"column":12}},{"start":{"line":1040,"column":12},"end":{"line":1040,"column":12}}]},"45":{"line":1054,"type":"if","locations":[{"start":{"line":1054,"column":12},"end":{"line":1054,"column":12}},{"start":{"line":1054,"column":12},"end":{"line":1054,"column":12}}]},"46":{"line":1125,"type":"if","locations":[{"start":{"line":1125,"column":8},"end":{"line":1125,"column":8}},{"start":{"line":1125,"column":8},"end":{"line":1125,"column":8}}]},"47":{"line":1156,"type":"if","locations":[{"start":{"line":1156,"column":8},"end":{"line":1156,"column":8}},{"start":{"line":1156,"column":8},"end":{"line":1156,"column":8}}]},"48":{"line":1181,"type":"if","locations":[{"start":{"line":1181,"column":8},"end":{"line":1181,"column":8}},{"start":{"line":1181,"column":8},"end":{"line":1181,"column":8}}]},"49":{"line":1182,"type":"if","locations":[{"start":{"line":1182,"column":8},"end":{"line":1182,"column":8}},{"start":{"line":1182,"column":8},"end":{"line":1182,"column":8}}]},"50":{"line":1192,"type":"if","locations":[{"start":{"line":1192,"column":8},"end":{"line":1192,"column":8}},{"start":{"line":1192,"column":8},"end":{"line":1192,"column":8}}]},"51":{"line":1193,"type":"if","locations":[{"start":{"line":1193,"column":12},"end":{"line":1193,"column":12}},{"start":{"line":1193,"column":12},"end":{"line":1193,"column":12}}]},"52":{"line":1247,"type":"if","locations":[{"start":{"line":1247,"column":8},"end":{"line":1247,"column":8}},{"start":{"line":1247,"column":8},"end":{"line":1247,"column":8}}]},"53":{"line":1248,"type":"if","locations":[{"start":{"line":1248,"column":8},"end":{"line":1248,"column":8}},{"start":{"line":1248,"column":8},"end":{"line":1248,"column":8}}]},"54":{"line":1308,"type":"if","locations":[{"start":{"line":1308,"column":8},"end":{"line":1308,"column":8}},{"start":{"line":1308,"column":8},"end":{"line":1308,"column":8}}]},"55":{"line":1363,"type":"if","locations":[{"start":{"line":1363,"column":8},"end":{"line":1363,"column":8}},{"start":{"line":1363,"column":8},"end":{"line":1363,"column":8}}]},"56":{"line":1365,"type":"if","locations":[{"start":{"line":1365,"column":15},"end":{"line":1365,"column":15}},{"start":{"line":1365,"column":15},"end":{"line":1365,"column":15}}]},"57":{"line":1368,"type":"if","locations":[{"start":{"line":1368,"column":8},"end":{"line":1368,"column":8}},{"start":{"line":1368,"column":8},"end":{"line":1368,"column":8}}]},"58":{"line":1370,"type":"if","locations":[{"start":{"line":1370,"column":15},"end":{"line":1370,"column":15}},{"start":{"line":1370,"column":15},"end":{"line":1370,"column":15}}]},"59":{"line":1376,"type":"if","locations":[{"start":{"line":1376,"column":8},"end":{"line":1376,"column":8}},{"start":{"line":1376,"column":8},"end":{"line":1376,"column":8}}]},"60":{"line":1380,"type":"if","locations":[{"start":{"line":1380,"column":8},"end":{"line":1380,"column":8}},{"start":{"line":1380,"column":8},"end":{"line":1380,"column":8}}]},"61":{"line":1385,"type":"if","locations":[{"start":{"line":1385,"column":8},"end":{"line":1385,"column":8}},{"start":{"line":1385,"column":8},"end":{"line":1385,"column":8}}]},"62":{"line":1386,"type":"if","locations":[{"start":{"line":1386,"column":8},"end":{"line":1386,"column":8}},{"start":{"line":1386,"column":8},"end":{"line":1386,"column":8}}]},"63":{"line":1421,"type":"if","locations":[{"start":{"line":1421,"column":8},"end":{"line":1421,"column":8}},{"start":{"line":1421,"column":8},"end":{"line":1421,"column":8}}]},"64":{"line":1425,"type":"if","locations":[{"start":{"line":1425,"column":16},"end":{"line":1425,"column":16}},{"start":{"line":1425,"column":16},"end":{"line":1425,"column":16}}]},"65":{"line":1476,"type":"if","locations":[{"start":{"line":1476,"column":8},"end":{"line":1476,"column":8}},{"start":{"line":1476,"column":8},"end":{"line":1476,"column":8}}]},"66":{"line":1520,"type":"if","locations":[{"start":{"line":1520,"column":8},"end":{"line":1520,"column":8}},{"start":{"line":1520,"column":8},"end":{"line":1520,"column":8}}]}}},
"contracts\\v1\\FactoryV1.sol":{"l":{"99":93,"100":93,"109":2,"116":0,"123":0,"124":0,"141":0,"159":35,"187":0,"207":35,"208":32,"209":32,"210":32,"211":32,"220":32,"221":32,"233":4,"234":4,"242":35,"243":34,"244":33,"245":33,"253":32,"255":32,"256":32,"257":32,"262":32,"266":32,"267":32},"path":"g:\\_projects\\intercoin\\NonFungibleTokenContract\\src\\contracts\\v1\\FactoryV1.sol","s":{"1":93,"2":93,"3":2,"4":0,"5":0,"6":0,"7":0,"8":35,"9":0,"10":35,"11":32,"12":32,"13":32,"14":32,"15":32,"16":32,"17":4,"18":4,"19":35,"20":34,"21":33,"22":33,"23":32,"24":32,"25":32,"26":32,"27":32,"28":32},"b":{"1":[32,0],"2":[34,1],"3":[33,1],"4":[32,1]},"f":{"1":93,"2":2,"3":0,"4":0,"5":0,"6":35,"7":0,"8":35,"9":4,"10":35,"11":32,"12":32},"fnMap":{"1":{"name":"constructor","line":95,"loc":{"start":{"line":95,"column":4},"end":{"line":103,"column":4}}},"2":{"name":"instancesCount","line":108,"loc":{"start":{"line":108,"column":4},"end":{"line":110,"column":4}}},"3":{"name":"setCostManager","line":115,"loc":{"start":{"line":115,"column":4},"end":{"line":117,"column":4}}},"4":{"name":"renounceOverrideCostManager","line":122,"loc":{"start":{"line":122,"column":4},"end":{"line":125,"column":4}}},"5":{"name":"canOverrideCostManager","line":132,"loc":{"start":{"line":132,"column":4},"end":{"line":142,"column":4}}},"6":{"name":"produce","line":151,"loc":{"start":{"line":151,"column":4},"end":{"line":166,"column":4}}},"7":{"name":"produce","line":177,"loc":{"start":{"line":177,"column":4},"end":{"line":194,"column":4}}},"8":{"name":"_produce","line":196,"loc":{"start":{"line":196,"column":4},"end":{"line":222,"column":4}}},"9":{"name":"getInstanceInfo","line":229,"loc":{"start":{"line":229,"column":4},"end":{"line":235,"column":4}}},"10":{"name":"_createInstanceValidate","line":238,"loc":{"start":{"line":238,"column":4},"end":{"line":246,"column":4}}},"11":{"name":"_createInstance","line":248,"loc":{"start":{"line":248,"column":4},"end":{"line":263,"column":4}}},"12":{"name":"_createClone","line":265,"loc":{"start":{"line":265,"column":4},"end":{"line":274,"column":4}}}},"statementMap":{"1":{"start":{"line":99,"column":8},"end":{"line":99,"column":32}},"2":{"start":{"line":100,"column":8},"end":{"line":100,"column":33}},"3":{"start":{"line":109,"column":8},"end":{"line":109,"column":31}},"4":{"start":{"line":116,"column":8},"end":{"line":116,"column":33}},"5":{"start":{"line":123,"column":8},"end":{"line":123,"column":50}},"6":{"start":{"line":124,"column":8},"end":{"line":124,"column":62}},"7":{"start":{"line":141,"column":8},"end":{"line":141,"column":88}},"8":{"start":{"line":159,"column":8},"end":{"line":159,"column":11131}},"9":{"start":{"line":187,"column":8},"end":{"line":187,"column":11813}},"10":{"start":{"line":207,"column":8},"end":{"line":207,"column":44}},"11":{"start":{"line":208,"column":8},"end":{"line":208,"column":63}},"12":{"start":{"line":209,"column":8},"end":{"line":209,"column":89}},"13":{"start":{"line":210,"column":8},"end":{"line":210,"column":33}},"14":{"start":{"line":211,"column":8},"end":{"line":211,"column":12447}},"15":{"start":{"line":220,"column":8},"end":{"line":220,"column":53}},"16":{"start":{"line":221,"column":8},"end":{"line":221,"column":33}},"17":{"start":{"line":233,"column":8},"end":{"line":233,"column":48}},"18":{"start":{"line":234,"column":8},"end":{"line":234,"column":39}},"19":{"start":{"line":242,"column":8},"end":{"line":242,"column":64}},"20":{"start":{"line":243,"column":8},"end":{"line":243,"column":68}},"21":{"start":{"line":244,"column":8},"end":{"line":244,"column":81}},"22":{"start":{"line":245,"column":8},"end":{"line":245,"column":65}},"23":{"start":{"line":253,"column":8},"end":{"line":253,"column":46}},"24":{"start":{"line":255,"column":8},"end":{"line":255,"column":72}},"25":{"start":{"line":256,"column":8},"end":{"line":256,"column":31}},"26":{"start":{"line":257,"column":8},"end":{"line":257,"column":13795}},"27":{"start":{"line":262,"column":8},"end":{"line":262,"column":70}},"28":{"start":{"line":266,"column":8},"end":{"line":266,"column":45}}},"branchMap":{"1":{"line":209,"type":"if","locations":[{"start":{"line":209,"column":8},"end":{"line":209,"column":8}},{"start":{"line":209,"column":8},"end":{"line":209,"column":8}}]},"2":{"line":242,"type":"if","locations":[{"start":{"line":242,"column":8},"end":{"line":242,"column":8}},{"start":{"line":242,"column":8},"end":{"line":242,"column":8}}]},"3":{"line":243,"type":"if","locations":[{"start":{"line":243,"column":8},"end":{"line":243,"column":8}},{"start":{"line":243,"column":8},"end":{"line":243,"column":8}}]},"4":{"line":245,"type":"if","locations":[{"start":{"line":245,"column":8},"end":{"line":245,"column":8}},{"start":{"line":245,"column":8},"end":{"line":245,"column":8}}]}}},
"contracts\\v1\\NFTBulkSaleV1.sol":{"l":{"83":2,"85":2,"86":2,"88":2,"89":2,"90":2,"91":2,"92":2,"93":2,"96":2,"99":2,"101":2,"103":2,"104":2,"106":2,"107":2,"109":0,"112":2,"114":2,"116":2,"125":2,"133":2,"134":1,"137":1,"140":1,"145":0},"path":"g:\\_projects\\intercoin\\NonFungibleTokenContract\\src\\contracts\\v1\\NFTBulkSaleV1.sol","s":{"1":2,"2":2,"3":2,"4":2,"5":2,"6":2,"7":2,"8":2,"9":2,"10":2,"11":2,"12":2,"13":2,"14":2,"15":2,"16":2,"17":0,"18":2,"19":2,"20":2,"21":2,"22":2,"23":1,"24":1,"25":0},"b":{"1":[2,0],"2":[2,0],"3":[2,0],"4":[2,0],"5":[1,1],"6":[1,0]},"f":{"1":0,"2":0,"3":2,"4":2},"fnMap":{"1":{"name":"getTokenSaleInfo","line":28,"loc":{"start":{"line":28,"column":4},"end":{"line":28,"column":135}}},"2":{"name":"mintAndDistribute","line":29,"loc":{"start":{"line":29,"column":4},"end":{"line":31,"column":4}}},"3":{"name":"distribute","line":73,"loc":{"start":{"line":73,"column":4},"end":{"line":127,"column":4}}},"4":{"name":"_verifyCallResult","line":128,"loc":{"start":{"line":128,"column":4},"end":{"line":148,"column":4}}}},"statementMap":{"1":{"start":{"line":83,"column":8},"end":{"line":83,"column":75}},"2":{"start":{"line":85,"column":8},"end":{"line":85,"column":37}},"3":{"start":{"line":86,"column":8},"end":{"line":86,"column":50}},"4":{"start":{"line":88,"column":8},"end":{"line":88,"column":30}},"5":{"start":{"line":89,"column":8},"end":{"line":89,"column":20}},"6":{"start":{"line":90,"column":8},"end":{"line":90,"column":37}},"7":{"start":{"line":91,"column":8},"end":{"line":91,"column":45}},"8":{"start":{"line":92,"column":8},"end":{"line":92,"column":29}},"9":{"start":{"line":93,"column":8},"end":{"line":93,"column":28}},"10":{"start":{"line":96,"column":8},"end":{"line":96,"column":2606}},"11":{"start":{"line":99,"column":8},"end":{"line":99,"column":37}},"12":{"start":{"line":101,"column":8},"end":{"line":101,"column":28}},"13":{"start":{"line":103,"column":8},"end":{"line":103,"column":63}},"14":{"start":{"line":104,"column":8},"end":{"line":104,"column":2834}},"15":{"start":{"line":106,"column":12},"end":{"line":106,"column":92}},"16":{"start":{"line":107,"column":12},"end":{"line":107,"column":65}},"17":{"start":{"line":109,"column":12},"end":{"line":109,"column":92}},"18":{"start":{"line":112,"column":8},"end":{"line":112,"column":51}},"19":{"start":{"line":114,"column":8},"end":{"line":114,"column":31}},"20":{"start":{"line":116,"column":8},"end":{"line":116,"column":3272}},"21":{"start":{"line":125,"column":8},"end":{"line":125,"column":72}},"22":{"start":{"line":133,"column":8},"end":{"line":133,"column":3843}},"23":{"start":{"line":134,"column":12},"end":{"line":134,"column":29}},"24":{"start":{"line":137,"column":12},"end":{"line":137,"column":3988}},"25":{"start":{"line":145,"column":16},"end":{"line":145,"column":35}}},"branchMap":{"1":{"line":83,"type":"if","locations":[{"start":{"line":83,"column":8},"end":{"line":83,"column":8}},{"start":{"line":83,"column":8},"end":{"line":83,"column":8}}]},"2":{"line":99,"type":"if","locations":[{"start":{"line":99,"column":8},"end":{"line":99,"column":8}},{"start":{"line":99,"column":8},"end":{"line":99,"column":8}}]},"3":{"line":104,"type":"if","locations":[{"start":{"line":104,"column":8},"end":{"line":104,"column":8}},{"start":{"line":104,"column":8},"end":{"line":104,"column":8}}]},"4":{"line":107,"type":"if","locations":[{"start":{"line":107,"column":12},"end":{"line":107,"column":12}},{"start":{"line":107,"column":12},"end":{"line":107,"column":12}}]},"5":{"line":133,"type":"if","locations":[{"start":{"line":133,"column":8},"end":{"line":133,"column":8}},{"start":{"line":133,"column":8},"end":{"line":133,"column":8}}]},"6":{"line":137,"type":"if","locations":[{"start":{"line":137,"column":12},"end":{"line":137,"column":12}},{"start":{"line":137,"column":12},"end":{"line":137,"column":12}}]}}},
"contracts\\v1\\NFTV1.sol":{"l":{"97":117,"98":117,"99":117,"100":117,"101":117,"102":117},"path":"g:\\_projects\\intercoin\\NonFungibleTokenContract\\src\\contracts\\v1\\NFTV1.sol","s":{"1":117,"2":117,"3":117,"4":117,"5":117,"6":117},"b":{},"f":{"1":117},"fnMap":{"1":{"name":"initialize","line":95,"loc":{"start":{"line":84,"column":4},"end":{"line":104,"column":4}}}},"statementMap":{"1":{"start":{"line":97,"column":8},"end":{"line":97,"column":23}},"2":{"start":{"line":98,"column":8},"end":{"line":98,"column":31}},"3":{"start":{"line":99,"column":8},"end":{"line":99,"column":71}},"4":{"start":{"line":100,"column":8},"end":{"line":100,"column":34}},"5":{"start":{"line":101,"column":8},"end":{"line":101,"column":25}},"6":{"start":{"line":102,"column":8},"end":{"line":102,"column":26}}},"branchMap":{}},
"contracts\\v2\\INFTInstanceContract.sol":{"l":{},"path":"g:\\_projects\\intercoin\\NonFungibleTokenContract\\src\\contracts\\v2\\INFTInstanceContract.sol","s":{},"b":{},"f":{},"fnMap":{},"statementMap":{},"branchMap":{}},
"contracts\\v2\\NFTBulkSaleV2.sol":{"l":{"98":2,"100":2,"101":2,"103":2,"104":2,"105":2,"106":2,"107":2,"108":2,"111":2,"114":2,"116":2,"118":2,"119":2,"121":2,"122":2,"124":0,"127":2,"129":2,"130":2,"139":2,"147":2,"148":1,"151":1,"154":1,"159":0},"path":"g:\\_projects\\intercoin\\NonFungibleTokenContract\\src\\contracts\\v2\\NFTBulkSaleV2.sol","s":{"1":2,"2":2,"3":2,"4":2,"5":2,"6":2,"7":2,"8":2,"9":2,"10":2,"11":2,"12":2,"13":2,"14":2,"15":2,"16":2,"17":0,"18":2,"19":2,"20":2,"21":2,"22":2,"23":1,"24":1,"25":0},"b":{"1":[2,0],"2":[2,0],"3":[2,0],"4":[2,0],"5":[1,1],"6":[1,0]},"f":{"1":0,"2":0,"3":2,"4":2},"fnMap":{"1":{"name":"getTokenSaleInfo","line":32,"loc":{"start":{"line":32,"column":4},"end":{"line":34,"column":4}}},"2":{"name":"mintAndDistribute","line":35,"loc":{"start":{"line":35,"column":4},"end":{"line":37,"column":4}}},"3":{"name":"distribute","line":86,"loc":{"start":{"line":86,"column":4},"end":{"line":140,"column":4}}},"4":{"name":"_verifyCallResult","line":142,"loc":{"start":{"line":142,"column":4},"end":{"line":162,"column":4}}}},"statementMap":{"1":{"start":{"line":98,"column":8},"end":{"line":98,"column":75}},"2":{"start":{"line":100,"column":8},"end":{"line":100,"column":37}},"3":{"start":{"line":101,"column":8},"end":{"line":101,"column":48}},"4":{"start":{"line":103,"column":8},"end":{"line":103,"column":30}},"5":{"start":{"line":104,"column":8},"end":{"line":104,"column":20}},"6":{"start":{"line":105,"column":8},"end":{"line":105,"column":37}},"7":{"start":{"line":106,"column":8},"end":{"line":106,"column":45}},"8":{"start":{"line":107,"column":8},"end":{"line":107,"column":29}},"9":{"start":{"line":108,"column":8},"end":{"line":108,"column":28}},"10":{"start":{"line":111,"column":8},"end":{"line":111,"column":2867}},"11":{"start":{"line":114,"column":8},"end":{"line":114,"column":37}},"12":{"start":{"line":116,"column":8},"end":{"line":116,"column":28}},"13":{"start":{"line":118,"column":8},"end":{"line":118,"column":63}},"14":{"start":{"line":119,"column":8},"end":{"line":119,"column":3095}},"15":{"start":{"line":121,"column":12},"end":{"line":121,"column":92}},"16":{"start":{"line":122,"column":12},"end":{"line":122,"column":65}},"17":{"start":{"line":124,"column":12},"end":{"line":124,"column":92}},"18":{"start":{"line":127,"column":8},"end":{"line":127,"column":51}},"19":{"start":{"line":129,"column":8},"end":{"line":129,"column":31}},"20":{"start":{"line":130,"column":8},"end":{"line":130,"column":3532}},"21":{"start":{"line":139,"column":8},"end":{"line":139,"column":72}},"22":{"start":{"line":147,"column":8},"end":{"line":147,"column":4095}},"23":{"start":{"line":148,"column":12},"end":{"line":148,"column":29}},"24":{"start":{"line":151,"column":12},"end":{"line":151,"column":4240}},"25":{"start":{"line":159,"column":16},"end":{"line":159,"column":35}}},"branchMap":{"1":{"line":98,"type":"if","locations":[{"start":{"line":98,"column":8},"end":{"line":98,"column":8}},{"start":{"line":98,"column":8},"end":{"line":98,"column":8}}]},"2":{"line":114,"type":"if","locations":[{"start":{"line":114,"column":8},"end":{"line":114,"column":8}},{"start":{"line":114,"column":8},"end":{"line":114,"column":8}}]},"3":{"line":119,"type":"if","locations":[{"start":{"line":119,"column":8},"end":{"line":119,"column":8}},{"start":{"line":119,"column":8},"end":{"line":119,"column":8}}]},"4":{"line":122,"type":"if","locations":[{"start":{"line":122,"column":12},"end":{"line":122,"column":12}},{"start":{"line":122,"column":12},"end":{"line":122,"column":12}}]},"5":{"line":147,"type":"if","locations":[{"start":{"line":147,"column":8},"end":{"line":147,"column":8}},{"start":{"line":147,"column":8},"end":{"line":147,"column":8}}]},"6":{"line":151,"type":"if","locations":[{"start":{"line":151,"column":12},"end":{"line":151,"column":12}},{"start":{"line":151,"column":12},"end":{"line":151,"column":12}}]}}},
"contracts\\v2\\NFTFactory.sol":{"l":{"37":93,"38":93,"40":93,"41":93,"48":2,"55":0,"62":0,"63":0,"80":0,"98":35,"126":0,"146":35,"147":32,"148":32,"149":32,"150":32,"161":32,"162":32,"174":4,"175":4,"183":35,"184":34,"185":33,"186":33,"194":32,"196":32,"197":32,"198":32,"203":32,"207":32,"208":32},"path":"g:\\_projects\\intercoin\\NonFungibleTokenContract\\src\\contracts\\v2\\NFTFactory.sol","s":{"1":93,"2":93,"3":93,"4":93,"5":2,"6":0,"7":0,"8":0,"9":0,"10":35,"11":0,"12":35,"13":32,"14":32,"15":32,"16":32,"17":32,"18":32,"19":4,"20":4,"21":35,"22":34,"23":33,"24":33,"25":32,"26":32,"27":32,"28":32,"29":32,"30":32},"b":{"1":[32,0],"2":[34,1],"3":[33,1],"4":[32,1]},"f":{"1":93,"2":2,"3":0,"4":0,"5":0,"6":35,"7":0,"8":35,"9":4,"10":35,"11":32,"12":32},"fnMap":{"1":{"name":"constructor","line":33,"loc":{"start":{"line":33,"column":4},"end":{"line":42,"column":4}}},"2":{"name":"instancesCount","line":47,"loc":{"start":{"line":47,"column":4},"end":{"line":49,"column":4}}},"3":{"name":"setCostManager","line":54,"loc":{"start":{"line":54,"column":4},"end":{"line":56,"column":4}}},"4":{"name":"renounceOverrideCostManager","line":61,"loc":{"start":{"line":61,"column":4},"end":{"line":64,"column":4}}},"5":{"name":"canOverrideCostManager","line":71,"loc":{"start":{"line":71,"column":4},"end":{"line":81,"column":4}}},"6":{"name":"produce","line":90,"loc":{"start":{"line":90,"column":4},"end":{"line":105,"column":4}}},"7":{"name":"produce","line":116,"loc":{"start":{"line":116,"column":4},"end":{"line":133,"column":4}}},"8":{"name":"_produce","line":135,"loc":{"start":{"line":135,"column":4},"end":{"line":163,"column":4}}},"9":{"name":"getInstanceInfo","line":170,"loc":{"start":{"line":170,"column":4},"end":{"line":176,"column":4}}},"10":{"name":"_createInstanceValidate","line":179,"loc":{"start":{"line":179,"column":4},"end":{"line":187,"column":4}}},"11":{"name":"_createInstance","line":189,"loc":{"start":{"line":189,"column":4},"end":{"line":204,"column":4}}},"12":{"name":"_createClone","line":206,"loc":{"start":{"line":206,"column":4},"end":{"line":215,"column":4}}}},"statementMap":{"1":{"start":{"line":37,"column":8},"end":{"line":37,"column":32}},"2":{"start":{"line":38,"column":8},"end":{"line":38,"column":33}},"3":{"start":{"line":40,"column":8},"end":{"line":40,"column":46}},"4":{"start":{"line":41,"column":8},"end":{"line":41,"column":44}},"5":{"start":{"line":48,"column":8},"end":{"line":48,"column":31}},"6":{"start":{"line":55,"column":8},"end":{"line":55,"column":33}},"7":{"start":{"line":62,"column":8},"end":{"line":62,"column":50}},"8":{"start":{"line":63,"column":8},"end":{"line":63,"column":62}},"9":{"start":{"line":80,"column":8},"end":{"line":80,"column":88}},"10":{"start":{"line":98,"column":8},"end":{"line":98,"column":2972}},"11":{"start":{"line":126,"column":8},"end":{"line":126,"column":3654}},"12":{"start":{"line":146,"column":8},"end":{"line":146,"column":44}},"13":{"start":{"line":147,"column":8},"end":{"line":147,"column":63}},"14":{"start":{"line":148,"column":8},"end":{"line":148,"column":89}},"15":{"start":{"line":149,"column":8},"end":{"line":149,"column":33}},"16":{"start":{"line":150,"column":8},"end":{"line":150,"column":4288}},"17":{"start":{"line":161,"column":8},"end":{"line":161,"column":53}},"18":{"start":{"line":162,"column":8},"end":{"line":162,"column":33}},"19":{"start":{"line":174,"column":8},"end":{"line":174,"column":48}},"20":{"start":{"line":175,"column":8},"end":{"line":175,"column":39}},"21":{"start":{"line":183,"column":8},"end":{"line":183,"column":64}},"22":{"start":{"line":184,"column":8},"end":{"line":184,"column":68}},"23":{"start":{"line":185,"column":8},"end":{"line":185,"column":81}},"24":{"start":{"line":186,"column":8},"end":{"line":186,"column":65}},"25":{"start":{"line":194,"column":8},"end":{"line":194,"column":46}},"26":{"start":{"line":196,"column":8},"end":{"line":196,"column":72}},"27":{"start":{"line":197,"column":8},"end":{"line":197,"column":31}},"28":{"start":{"line":198,"column":8},"end":{"line":198,"column":5728}},"29":{"start":{"line":203,"column":8},"end":{"line":203,"column":70}},"30":{"start":{"line":207,"column":8},"end":{"line":207,"column":45}}},"branchMap":{"1":{"line":148,"type":"if","locations":[{"start":{"line":148,"column":8},"end":{"line":148,"column":8}},{"start":{"line":148,"column":8},"end":{"line":148,"column":8}}]},"2":{"line":183,"type":"if","locations":[{"start":{"line":183,"column":8},"end":{"line":183,"column":8}},{"start":{"line":183,"column":8},"end":{"line":183,"column":8}}]},"3":{"line":184,"type":"if","locations":[{"start":{"line":184,"column":8},"end":{"line":184,"column":8}},{"start":{"line":184,"column":8},"end":{"line":184,"column":8}}]},"4":{"line":186,"type":"if","locations":[{"start":{"line":186,"column":8},"end":{"line":186,"column":8}},{"start":{"line":186,"column":8},"end":{"line":186,"column":8}}]}}},
[...]
"contracts\\v2\\NFTStorage.sol":{"l":{"230":13,"231":13,"234":85,"235":85,"236":85,"239":183,"242":11,"245":210,"260":12,"261":4,"262":4,"265":8,"266":8,"267":8,"269":8,"270":2,"272":8,"273":0,"285":532,"299":146,"301":146,"302":146,"304":146,"305":28,"306":7,"309":118,"310":118,"311":118,"312":111,"313":111,"314":111,"334":6,"335":6,"336":10,"338":10,"339":10,"340":10,"342":10,"343":6,"344":6,"345":6,"346":6,"347":6,"350":6,"351":6,"366":228,"367":226},"path":"g:\\_projects\\intercoin\\NonFungibleTokenContract\\src\\contracts\\v2\\NFTStorage.sol","s":{"1":0,"2":0,"3":0,"4":0,"5":0,"6":0,"7":0,"8":0,"9":0,"10":0,"11":0,"12":0,"13":0,"14":0,"15":0,"16":0,"17":13,"18":13,"19":85,"20":85,"21":85,"22":183,"23":11,"24":210,"25":12,"26":4,"27":4,"28":8,"29":8,"30":8,"31":8,"32":2,"33":8,"34":0,"35":532,"36":146,"37":146,"38":146,"39":146,"40":28,"41":7,"42":118,"43":118,"44":118,"45":111,"46":111,"47":111,"48":6,"49":6,"50":10,"51":10,"52":10,"53":10,"54":10,"55":6,"56":6,"57":6,"58":6,"59":6,"60":6,"61":228,"62":226},"b":{"1":[13,0],"2":[85,0],"3":[4,8],"4":[2,6],"5":[0,8],"6":[28,118],"7":[7,21],"8":[111,7],"9":[6,4],"10":[6,0],"11":[226,2]},"f":{"1":0,"2":0,"3":0,"4":0,"5":0,"6":0,"7":0,"8":0,"9":0,"10":0,"11":0,"12":0,"13":0,"14":0,"15":0,"16":0,"17":13,"18":85,"19":183,"20":11,"21":210,"22":12,"23":532,"24":146,"25":6,"26":228},"fnMap":{"1":{"name":"approve","line":211,"loc":{"start":{"line":211,"column":4},"end":{"line":211,"column":98}}},"2":{"name":"getApproved","line":212,"loc":{"start":{"line":212,"column":4},"end":{"line":212,"column":109}}},"3":{"name":"setApprovalForAll","line":213,"loc":{"start":{"line":213,"column":4},"end":{"line":213,"column":112}}},"4":{"name":"isApprovedForAll","line":214,"loc":{"start":{"line":214,"column":4},"end":{"line":214,"column":131}}},"5":{"name":"transferFrom","line":215,"loc":{"start":{"line":215,"column":4},"end":{"line":215,"column":119}}},"6":{"name":"safeTransferFrom","line":216,"loc":{"start":{"line":216,"column":4},"end":{"line":216,"column":123}}},"7":{"name":"safeTransferFrom","line":217,"loc":{"start":{"line":217,"column":4},"end":{"line":217,"column":146}}},"8":{"name":"safeTransfer","line":218,"loc":{"start":{"line":218,"column":4},"end":{"line":218,"column":93}}},"9":{"name":"balanceOf","line":219,"loc":{"start":{"line":219,"column":4},"end":{"line":219,"column":105}}},"10":{"name":"ownerOf","line":220,"loc":{"start":{"line":220,"column":4},"end":{"line":220,"column":105}}},"11":{"name":"name","line":221,"loc":{"start":{"line":221,"column":4},"end":{"line":221,"column":89}}},"12":{"name":"symbol","line":222,"loc":{"start":{"line":222,"column":4},"end":{"line":222,"column":91}}},"13":{"name":"tokenURI","line":223,"loc":{"start":{"line":223,"column":4},"end":{"line":223,"column":112}}},"14":{"name":"tokenOfOwnerByIndex","line":224,"loc":{"start":{"line":224,"column":4},"end":{"line":224,"column":134}}},"15":{"name":"totalSupply","line":225,"loc":{"start":{"line":225,"column":4},"end":{"line":225,"column":90}}},"16":{"name":"tokenByIndex","line":226,"loc":{"start":{"line":226,"column":4},"end":{"line":226,"column":108}}},"17":{"name":"_getApproved","line":229,"loc":{"start":{"line":229,"column":4},"end":{"line":232,"column":4}}},"18":{"name":"_ownerOf","line":233,"loc":{"start":{"line":233,"column":4},"end":{"line":237,"column":4}}},"19":{"name":"__ownerOf","line":238,"loc":{"start":{"line":238,"column":4},"end":{"line":240,"column":4}}},"20":{"name":"_isApprovedForAll","line":241,"loc":{"start":{"line":241,"column":4},"end":{"line":243,"column":4}}},"21":{"name":"_exists","line":244,"loc":{"start":{"line":244,"column":4},"end":{"line":247,"column":4}}},"22":{"name":"_baseURIAndSuffix","line":249,"loc":{"start":{"line":249,"column":4},"end":{"line":276,"column":4}}},"23":{"name":"getSeriesId","line":278,"loc":{"start":{"line":278,"column":4},"end":{"line":286,"column":4}}},"24":{"name":"_getTokenSaleInfo","line":288,"loc":{"start":{"line":288,"column":4},"end":{"line":317,"column":4}}},"25":{"name":"_getTokenSaleInfoAuto","line":320,"loc":{"start":{"line":320,"column":4},"end":{"line":356,"column":4}}},"26":{"name":"_balanceOf","line":358,"loc":{"start":{"line":358,"column":4},"end":{"line":368,"column":4}}}},"statementMap":{"1":{"start":{"line":211,"column":83},"end":{"line":211,"column":96}},"2":{"start":{"line":212,"column":94},"end":{"line":212,"column":107}},"3":{"start":{"line":213,"column":97},"end":{"line":213,"column":110}},"4":{"start":{"line":214,"column":116},"end":{"line":214,"column":129}},"5":{"start":{"line":215,"column":104},"end":{"line":215,"column":117}},"6":{"start":{"line":216,"column":108},"end":{"line":216,"column":121}},"7":{"start":{"line":217,"column":131},"end":{"line":217,"column":144}},"8":{"start":{"line":218,"column":78},"end":{"line":218,"column":91}},"9":{"start":{"line":219,"column":90},"end":{"line":219,"column":103}},"10":{"start":{"line":220,"column":90},"end":{"line":220,"column":103}},"11":{"start":{"line":221,"column":74},"end":{"line":221,"column":87}},"12":{"start":{"line":222,"column":76},"end":{"line":222,"column":89}},"13":{"start":{"line":223,"column":97},"end":{"line":223,"column":110}},"14":{"start":{"line":224,"column":119},"end":{"line":224,"column":132}},"15":{"start":{"line":225,"column":75},"end":{"line":225,"column":88}},"16":{"start":{"line":226,"column":93},"end":{"line":226,"column":106}},"17":{"start":{"line":230,"column":8},"end":{"line":230,"column":95}},"18":{"start":{"line":231,"column":8},"end":{"line":231,"column":48}},"19":{"start":{"line":234,"column":8},"end":{"line":234,"column":42}},"20":{"start":{"line":235,"column":8},"end":{"line":235,"column":80}},"21":{"start":{"line":236,"column":8},"end":{"line":236,"column":20}},"22":{"start":{"line":239,"column":8},"end":{"line":239,"column":40}},"23":{"start":{"line":242,"column":8},"end":{"line":242,"column":50}},"24":{"start":{"line":245,"column":8},"end":{"line":245,"column":9568}},"25":{"start":{"line":260,"column":8},"end":{"line":260,"column":9849}},"26":{"start":{"line":261,"column":12},"end":{"line":261,"column":60}},"27":{"start":{"line":262,"column":12},"end":{"line":262,"column":58}},"28":{"start":{"line":265,"column":12},"end":{"line":265,"column":50}},"29":{"start":{"line":266,"column":12},"end":{"line":266,"column":50}},"30":{"start":{"line":267,"column":12},"end":{"line":267,"column":48}},"31":{"start":{"line":269,"column":12},"end":{"line":269,"column":10209}},"32":{"start":{"line":270,"column":16},"end":{"line":270,"column":33}},"33":{"start":{"line":272,"column":12},"end":{"line":272,"column":10306}},"34":{"start":{"line":273,"column":16},"end":{"line":273,"column":31}},"35":{"start":{"line":285,"column":8},"end":{"line":285,"column":51}},"36":{"start":{"line":299,"column":8},"end":{"line":299,"column":57}},"37":{"start":{"line":301,"column":8},"end":{"line":301,"column":32}},"38":{"start":{"line":302,"column":8},"end":{"line":302,"column":40}},"39":{"start":{"line":304,"column":8},"end":{"line":304,"column":10966}},"40":{"start":{"line":305,"column":12},"end":{"line":305,"column":11010}},"41":{"start":{"line":306,"column":16},"end":{"line":306,"column":30}},"42":{"start":{"line":309,"column":12},"end":{"line":309,"column":50}},"43":{"start":{"line":310,"column":12},"end":{"line":310,"column":63}},"44":{"start":{"line":311,"column":12},"end":{"line":311,"column":11249}},"45":{"start":{"line":312,"column":16},"end":{"line":312,"column":30}},"46":{"start":{"line":313,"column":16},"end":{"line":313,"column":41}},"47":{"start":{"line":314,"column":16},"end":{"line":314,"column":40}},"48":{"start":{"line":334,"column":8},"end":{"line":334,"column":36}},"49":{"start":{"line":335,"column":8},"end":{"line":335,"column":11807}},"50":{"start":{"line":336,"column":12},"end":{"line":336,"column":56}},"51":{"start":{"line":338,"column":12},"end":{"line":338,"column":61}},"52":{"start":{"line":339,"column":12},"end":{"line":339,"column":36}},"53":{"start":{"line":340,"column":12},"end":{"line":340,"column":44}},"54":{"start":{"line":342,"column":12},"end":{"line":342,"column":12107}},"55":{"start":{"line":343,"column":16},"end":{"line":343,"column":48}},"56":{"start":{"line":344,"column":16},"end":{"line":344,"column":12206}},"57":{"start":{"line":345,"column":20},"end":{"line":345,"column":34}},"58":{"start":{"line":346,"column":20},"end":{"line":346,"column":45}},"59":{"start":{"line":347,"column":20},"end":{"line":347,"column":44}},"60":{"start":{"line":350,"column":20},"end":{"line":350,"column":49}},"61":{"start":{"line":366,"column":8},"end":{"line":366,"column":81}},"62":{"start":{"line":367,"column":8},"end":{"line":367,"column":31}}},"branchMap":{"1":{"line":230,"type":"if","locations":[{"start":{"line":230,"column":8},"end":{"line":230,"column":8}},{"start":{"line":230,"column":8},"end":{"line":230,"column":8}}]},"2":{"line":235,"type":"if","locations":[{"start":{"line":235,"column":8},"end":{"line":235,"column":8}},{"start":{"line":235,"column":8},"end":{"line":235,"column":8}}]},"3":{"line":260,"type":"if","locations":[{"start":{"line":260,"column":8},"end":{"line":260,"column":8}},{"start":{"line":260,"column":8},"end":{"line":260,"column":8}}]},"4":{"line":269,"type":"if","locations":[{"start":{"line":269,"column":12},"end":{"line":269,"column":12}},{"start":{"line":269,"column":12},"end":{"line":269,"column":12}}]},"5":{"line":272,"type":"if","locations":[{"start":{"line":272,"column":12},"end":{"line":272,"column":12}},{"start":{"line":272,"column":12},"end":{"line":272,"column":12}}]},"6":{"line":304,"type":"if","locations":[{"start":{"line":304,"column":8},"end":{"line":304,"column":8}},{"start":{"line":304,"column":8},"end":{"line":304,"column":8}}]},"7":{"line":305,"type":"if","locations":[{"start":{"line":305,"column":12},"end":{"line":305,"column":12}},{"start":{"line":305,"column":12},"end":{"line":305,"column":12}}]},"8":{"line":311,"type":"if","locations":[{"start":{"line":311,"column":12},"end":{"line":311,"column":12}},{"start":{"line":311,"column":12},"end":{"line":311,"column":12}}]},"9":{"line":342,"type":"if","locations":[{"start":{"line":342,"column":12},"end":{"line":342,"column":12}},{"start":{"line":342,"column":12},"end":{"line":342,"column":12}}]},"10":{"line":344,"type":"if","locations":[{"start":{"line":344,"column":16},"end":{"line":344,"column":16}},{"start":{"line":344,"column":16},"end":{"line":344,"column":16}}]},"11":{"line":366,"type":"if","locations":[{"start":{"line":366,"column":8},"end":{"line":366,"column":8}},{"start":{"line":366,"column":8},"end":{"line":366,"column":8}}]}}},
"contracts\\v2\\NFTView.sol":{"l":{"18":4,"19":4,"40":4,"54":4,"55":4,"56":4,"57":7,"59":4,"72":2,"82":0,"91":0,"98":1,"106":8,"107":6,"114":10,"122":8,"123":6,"130":0,"143":51,"154":47,"155":47,"156":39,"163":5,"170":5,"185":12,"186":10,"188":10,"189":10,"190":10,"193":10,"194":10,"196":0,"208":0,"218":0,"238":12,"252":11,"253":11,"272":4,"273":4,"274":3,"275":3,"276":3,"277":7,"293":15,"297":2,"301":0},"path":"g:\\_projects\\intercoin\\NonFungibleTokenContract\\src\\contracts\\v2\\NFTView.sol","s":{"1":4,"2":4,"3":4,"4":4,"5":4,"6":7,"7":4,"8":2,"9":0,"10":0,"11":1,"12":8,"13":6,"14":10,"15":8,"16":6,"17":0,"18":51,"19":47,"20":47,"21":39,"22":5,"23":5,"24":12,"25":10,"26":10,"27":10,"28":10,"29":10,"30":10,"31":0,"32":0,"33":0,"34":12,"35":11,"36":11,"37":4,"38":4,"39":3,"40":3,"41":3,"42":7,"43":15,"44":2,"45":0},"b":{"1":[4,0],"2":[6,2],"3":[6,2],"4":[39,8],"5":[10,2],"6":[10,0],"7":[3,1]},"f":{"1":4,"2":4,"3":4,"4":2,"5":0,"6":0,"7":1,"8":8,"9":10,"10":8,"11":0,"12":51,"13":47,"14":5,"15":5,"16":12,"17":0,"18":0,"19":12,"20":11,"21":4,"22":15,"23":2,"24":0},"fnMap":{"1":{"name":"_msgSender","line":17,"loc":{"start":{"line":17,"column":4},"end":{"line":22,"column":4}}},"2":{"name":"tokensByOwner","line":32,"loc":{"start":{"line":32,"column":4},"end":{"line":41,"column":4}}},"3":{"name":"getHookList","line":47,"loc":{"start":{"line":47,"column":4},"end":{"line":60,"column":4}}},"4":{"name":"canManageSeries","line":71,"loc":{"start":{"line":71,"column":4},"end":{"line":73,"column":4}}},"5":{"name":"canManageToken","line":81,"loc":{"start":{"line":81,"column":4},"end":{"line":83,"column":4}}},"6":{"name":"tokenExists","line":90,"loc":{"start":{"line":90,"column":4},"end":{"line":92,"column":4}}},"7":{"name":"contractURI","line":97,"loc":{"start":{"line":97,"column":4},"end":{"line":99,"column":4}}},"8":{"name":"tokenOfOwnerByIndex","line":105,"loc":{"start":{"line":105,"column":4},"end":{"line":108,"column":4}}},"9":{"name":"totalSupply","line":113,"loc":{"start":{"line":113,"column":4},"end":{"line":115,"column":4}}},"10":{"name":"tokenByIndex","line":121,"loc":{"start":{"line":121,"column":4},"end":{"line":124,"column":4}}},"11":{"name":"supportsInterface","line":129,"loc":{"start":{"line":129,"column":4},"end":{"line":135,"column":4}}},"12":{"name":"balanceOf","line":140,"loc":{"start":{"line":140,"column":4},"end":{"line":144,"column":4}}},"13":{"name":"ownerOf","line":153,"loc":{"start":{"line":153,"column":4},"end":{"line":157,"column":4}}},"14":{"name":"name","line":162,"loc":{"start":{"line":162,"column":4},"end":{"line":164,"column":4}}},"15":{"name":"symbol","line":169,"loc":{"start":{"line":169,"column":4},"end":{"line":171,"column":4}}},"16":{"name":"tokenURI","line":176,"loc":{"start":{"line":176,"column":4},"end":{"line":197,"column":4}}},"17":{"name":"getApproved","line":207,"loc":{"start":{"line":207,"column":4},"end":{"line":209,"column":4}}},"18":{"name":"isApprovedForAll","line":217,"loc":{"start":{"line":217,"column":4},"end":{"line":219,"column":4}}},"19":{"name":"getTokenSaleInfo","line":227,"loc":{"start":{"line":227,"column":4},"end":{"line":239,"column":4}}},"20":{"name":"tokenInfo","line":245,"loc":{"start":{"line":245,"column":4},"end":{"line":254,"column":4}}},"21":{"name":"_tokensByOwner","line":264,"loc":{"start":{"line":264,"column":4},"end":{"line":280,"column":4}}},"22":{"name":"hooksCount","line":286,"loc":{"start":{"line":286,"column":4},"end":{"line":294,"column":4}}},"23":{"name":"_canManageSeries","line":296,"loc":{"start":{"line":296,"column":4},"end":{"line":298,"column":4}}},"24":{"name":"_canManageToken","line":300,"loc":{"start":{"line":300,"column":4},"end":{"line":304,"column":4}}}},"statementMap":{"1":{"start":{"line":18,"column":8},"end":{"line":18,"column":57}},"2":{"start":{"line":40,"column":8},"end":{"line":40,"column":45}},"3":{"start":{"line":54,"column":8},"end":{"line":54,"column":42}},"4":{"start":{"line":55,"column":8},"end":{"line":55,"column":54}},"5":{"start":{"line":56,"column":8},"end":{"line":56,"column":1734}},"6":{"start":{"line":57,"column":12},"end":{"line":57,"column":46}},"7":{"start":{"line":59,"column":8},"end":{"line":59,"column":23}},"8":{"start":{"line":72,"column":8},"end":{"line":72,"column":41}},"9":{"start":{"line":82,"column":8},"end":{"line":82,"column":39}},"10":{"start":{"line":91,"column":8},"end":{"line":91,"column":31}},"11":{"start":{"line":98,"column":8},"end":{"line":98,"column":27}},"12":{"start":{"line":106,"column":8},"end":{"line":106,"column":88}},"13":{"start":{"line":107,"column":8},"end":{"line":107,"column":41}},"14":{"start":{"line":114,"column":8},"end":{"line":114,"column":32}},"15":{"start":{"line":122,"column":8},"end":{"line":122,"column":85}},"16":{"start":{"line":123,"column":8},"end":{"line":123,"column":32}},"17":{"start":{"line":130,"column":8},"end":{"line":130,"column":4617}},"18":{"start":{"line":143,"column":8},"end":{"line":143,"column":32}},"19":{"start":{"line":154,"column":8},"end":{"line":154,"column":42}},"20":{"start":{"line":155,"column":8},"end":{"line":155,"column":80}},"21":{"start":{"line":156,"column":8},"end":{"line":156,"column":20}},"22":{"start":{"line":163,"column":8},"end":{"line":163,"column":20}},"23":{"start":{"line":170,"column":8},"end":{"line":170,"column":22}},"24":{"start":{"line":185,"column":8},"end":{"line":185,"column":85}},"25":{"start":{"line":186,"column":8},"end":{"line":186,"column":63}},"26":{"start":{"line":188,"column":8},"end":{"line":188,"column":30}},"27":{"start":{"line":189,"column":8},"end":{"line":189,"column":29}},"28":{"start":{"line":190,"column":8},"end":{"line":190,"column":55}},"29":{"start":{"line":193,"column":8},"end":{"line":193,"column":6486}},"30":{"start":{"line":194,"column":12},"end":{"line":194,"column":81}},"31":{"start":{"line":196,"column":8},"end":{"line":196,"column":17}},"32":{"start":{"line":208,"column":8},"end":{"line":208,"column":36}},"33":{"start":{"line":218,"column":8},"end":{"line":218,"column":49}},"34":{"start":{"line":238,"column":8},"end":{"line":238,"column":41}},"35":{"start":{"line":252,"column":8},"end":{"line":252,"column":46}},"36":{"start":{"line":253,"column":8},"end":{"line":253,"column":67}},"37":{"start":{"line":272,"column":8},"end":{"line":272,"column":41}},"38":{"start":{"line":273,"column":8},"end":{"line":273,"column":8565}},"39":{"start":{"line":274,"column":12},"end":{"line":274,"column":58}},"40":{"start":{"line":275,"column":12},"end":{"line":275,"column":37}},"41":{"start":{"line":276,"column":12},"end":{"line":276,"column":8697}},"42":{"start":{"line":277,"column":16},"end":{"line":277,"column":50}},"43":{"start":{"line":293,"column":8},"end":{"line":293,"column":39}},"44":{"start":{"line":297,"column":8},"end":{"line":297,"column":85}},"45":{"start":{"line":301,"column":8},"end":{"line":301,"column":9407}}},"branchMap":{"1":{"line":18,"type":"if","locations":[{"start":{"line":18,"column":8},"end":{"line":18,"column":8}},{"start":{"line":18,"column":8},"end":{"line":18,"column":8}}]},"2":{"line":106,"type":"if","locations":[{"start":{"line":106,"column":8},"end":{"line":106,"column":8}},{"start":{"line":106,"column":8},"end":{"line":106,"column":8}}]},"3":{"line":122,"type":"if","locations":[{"start":{"line":122,"column":8},"end":{"line":122,"column":8}},{"start":{"line":122,"column":8},"end":{"line":122,"column":8}}]},"4":{"line":155,"type":"if","locations":[{"start":{"line":155,"column":8},"end":{"line":155,"column":8}},{"start":{"line":155,"column":8},"end":{"line":155,"column":8}}]},"5":{"line":185,"type":"if","locations":[{"start":{"line":185,"column":8},"end":{"line":185,"column":8}},{"start":{"line":185,"column":8},"end":{"line":185,"column":8}}]},"6":{"line":193,"type":"if","locations":[{"start":{"line":193,"column":8},"end":{"line":193,"column":8}},{"start":{"line":193,"column":8},"end":{"line":193,"column":8}}]},"7":{"line":273,"type":"if","locations":[{"start":{"line":273,"column":8},"end":{"line":273,"column":8}},{"start":{"line":273,"column":8},"end":{"line":273,"column":8}}]}}}}
