TN:
SF:/Users/sergeyvagapov/Solidity/NonFungibleTokenContract/contracts/ERC721UpgradeableExt.sol
FN:83,onlyTokenOwner
FN:88,onlyOwnerOrAuthor
FN:97,buy
FN:117,buy
FN:134,setSeriesInfo
FN:140,getSaleInfo
FN:143,getSeriesInfo
FN:152,listForSale
FN:173,tokensByOwner
FN:183,tokensByOwner
FN:194,mintAndDistribute
FN:207,setSaleInfo
FN:214,tokenOfOwnerByIndex
FN:222,totalSupply
FN:229,tokenByIndex
FN:239,supportsInterface
FN:250,balanceOf
FN:259,ownerOf
FN:277,name
FN:284,symbol
FN:291,tokenURI
FN:313,approve
FN:328,getApproved
FN:337,setApprovalForAll
FN:347,isApprovedForAll
FN:354,transferFrom
FN:368,safeTransferFrom
FN:379,safeTransferFrom
FN:396,burn
FN:402,_buy
FN:427,_isOnSale
FN:470,__ERC721_init
FN:478,__ERC721_init_unchained
FN:503,_safeTransfer
FN:521,_exists
FN:525,_ownerOf
FN:536,_isApprovedOrOwner
FN:552,_safeMint
FN:560,_safeMint
FN:584,_mint
FN:615,_burn
FN:649,_transfer
FN:676,_approve
FN:681,_tokensByOwner
FN:710,_checkOnERC721Received
FN:749,_beforeTokenTransfer
FN:773,_addTokenToOwnerEnumeration
FN:783,_addTokenToAllTokensEnumeration
FN:796,_removeTokenFromOwnerEnumeration
FN:821,_removeTokenFromAllTokensEnumeration
FNF:50
FNH:48
FNDA:6,onlyTokenOwner
FNDA:70,onlyOwnerOrAuthor
FNDA:60,buy
FNDA:8,buy
FNDA:69,setSeriesInfo
FNDA:5,getSaleInfo
FNDA:6,getSeriesInfo
FNDA:6,listForSale
FNDA:1,tokensByOwner
FNDA:1,tokensByOwner
FNDA:2,mintAndDistribute
FNDA:5,setSaleInfo
FNDA:4,tokenOfOwnerByIndex
FNDA:5,totalSupply
FNDA:4,tokenByIndex
FNDA:0,supportsInterface
FNDA:112,balanceOf
FNDA:69,ownerOf
FNDA:1,name
FNDA:1,symbol
FNDA:3,tokenURI
FNDA:3,approve
FNDA:5,getApproved
FNDA:2,setApprovalForAll
FNDA:5,isApprovedForAll
FNDA:8,transferFrom
FNDA:3,safeTransferFrom
FNDA:4,safeTransferFrom
FNDA:3,burn
FNDA:58,_buy
FNDA:74,_isOnSale
FNDA:0,__ERC721_init
FNDA:59,__ERC721_init_unchained
FNDA:4,_safeTransfer
FNDA:150,_exists
FNDA:75,_ownerOf
FNDA:15,_isApprovedOrOwner
FNDA:1,_safeMint
FNDA:1,_safeMint
FNDA:58,_mint
FNDA:2,_burn
FNDA:13,_transfer
FNDA:15,_approve
FNDA:2,_tokensByOwner
FNDA:5,_checkOnERC721Received
FNDA:72,_beforeTokenTransfer
FNDA:70,_addTokenToOwnerEnumeration
FNDA:58,_addTokenToAllTokensEnumeration
FNDA:14,_removeTokenFromOwnerEnumeration
FNDA:2,_removeTokenFromAllTokensEnumeration
DA:84,6
DA:85,5
DA:89,70
DA:94,69
DA:99,60
DA:100,60
DA:101,56
DA:102,55
DA:104,54
DA:105,54
DA:106,54
DA:108,54
DA:109,54
DA:110,2
DA:111,2
DA:114,54
DA:119,8
DA:120,8
DA:121,7
DA:122,6
DA:123,6
DA:124,4
DA:126,4
DA:137,69
DA:141,5
DA:144,6
DA:160,6
DA:161,6
DA:162,5
DA:163,4
DA:165,3
DA:166,3
DA:167,3
DA:168,3
DA:170,3
DA:180,1
DA:191,1
DA:195,2
DA:196,2
DA:197,1
DA:199,3
DA:209,5
DA:215,4
DA:216,3
DA:223,5
DA:230,4
DA:231,3
DA:240,0
DA:251,112
DA:252,111
DA:261,69
DA:270,69
DA:271,68
DA:278,1
DA:285,1
DA:293,3
DA:294,3
DA:295,3
DA:298,2
DA:299,1
DA:302,1
DA:303,1
DA:305,0
DA:314,3
DA:315,3
DA:317,2
DA:322,1
DA:329,5
DA:331,5
DA:338,2
DA:340,1
DA:341,1
DA:348,5
DA:360,8
DA:362,7
DA:373,3
DA:385,4
DA:386,3
DA:398,3
DA:399,2
DA:403,58
DA:404,3
DA:405,1
DA:407,2
DA:409,3
DA:411,55
DA:412,1
DA:414,54
DA:416,55
DA:418,58
DA:437,74
DA:438,74
DA:439,74
DA:440,74
DA:442,74
DA:443,71
DA:444,10
DA:445,4
DA:448,61
DA:449,61
DA:450,61
DA:451,60
DA:452,60
DA:461,60
DA:471,0
DA:472,0
DA:473,0
DA:474,0
DA:475,0
DA:479,59
DA:480,59
DA:481,59
DA:509,4
DA:510,4
DA:522,150
DA:526,75
DA:537,15
DA:538,15
DA:539,15
DA:553,1
DA:565,1
DA:566,1
DA:591,58
DA:592,58
DA:594,58
DA:596,58
DA:597,58
DA:599,58
DA:601,58
DA:616,2
DA:618,2
DA:621,2
DA:623,2
DA:626,2
DA:627,2
DA:631,2
DA:654,13
DA:655,13
DA:657,12
DA:660,12
DA:662,12
DA:663,12
DA:664,12
DA:668,12
DA:677,15
DA:678,15
DA:689,2
DA:690,2
DA:691,2
DA:692,2
DA:693,2
DA:694,4
DA:716,5
DA:717,5
DA:718,4
DA:720,1
DA:721,1
DA:723,0
DA:729,0
DA:755,72
DA:756,58
DA:758,14
DA:760,72
DA:761,2
DA:763,70
DA:774,70
DA:775,70
DA:776,70
DA:784,58
DA:785,58
DA:800,14
DA:801,14
DA:804,14
DA:805,0
DA:807,0
DA:808,0
DA:812,14
DA:813,14
DA:825,2
DA:826,2
DA:831,2
DA:833,2
DA:834,2
DA:837,2
DA:838,2
LF:185
LH:173
BRDA:84,1,0,5
BRDA:84,1,1,1
BRDA:89,2,0,69
BRDA:89,2,1,1
BRDA:100,3,0,56
BRDA:100,3,1,4
BRDA:101,4,0,55
BRDA:101,4,1,1
BRDA:102,5,0,54
BRDA:102,5,1,1
BRDA:106,6,0,54
BRDA:106,6,1,0
BRDA:109,7,0,2
BRDA:109,7,1,52
BRDA:111,8,0,2
BRDA:111,8,1,0
BRDA:120,9,0,7
BRDA:120,9,1,1
BRDA:121,10,0,6
BRDA:121,10,1,1
BRDA:123,11,0,4
BRDA:123,11,1,2
BRDA:161,12,0,5
BRDA:161,12,1,1
BRDA:162,13,0,4
BRDA:162,13,1,1
BRDA:163,14,0,3
BRDA:163,14,1,1
BRDA:196,15,0,1
BRDA:196,15,1,1
BRDA:215,16,0,3
BRDA:215,16,1,1
BRDA:230,17,0,3
BRDA:230,17,1,1
BRDA:251,18,0,111
BRDA:251,18,1,1
BRDA:270,19,0,68
BRDA:270,19,1,1
BRDA:295,20,0,2
BRDA:295,20,1,1
BRDA:298,21,0,1
BRDA:298,21,1,1
BRDA:302,22,0,1
BRDA:302,22,1,0
BRDA:315,23,0,2
BRDA:315,23,1,1
BRDA:317,24,0,1
BRDA:317,24,1,1
BRDA:329,25,0,5
BRDA:329,25,1,0
BRDA:338,26,0,1
BRDA:338,26,1,1
BRDA:360,27,0,7
BRDA:360,27,1,1
BRDA:385,28,0,3
BRDA:385,28,1,1
BRDA:398,29,0,2
BRDA:398,29,1,1
BRDA:403,30,0,3
BRDA:403,30,1,55
BRDA:404,31,0,1
BRDA:404,31,1,2
BRDA:411,32,0,1
BRDA:411,32,1,54
BRDA:442,33,0,71
BRDA:442,33,1,3
BRDA:443,34,0,10
BRDA:443,34,1,61
BRDA:444,35,0,4
BRDA:444,35,1,6
BRDA:450,36,0,60
BRDA:450,36,1,1
BRDA:510,37,0,3
BRDA:510,37,1,1
BRDA:537,38,0,15
BRDA:537,38,1,0
BRDA:566,39,0,1
BRDA:566,39,1,0
BRDA:591,40,0,58
BRDA:591,40,1,0
BRDA:592,41,0,58
BRDA:592,41,1,0
BRDA:654,42,0,13
BRDA:654,42,1,0
BRDA:655,43,0,12
BRDA:655,43,1,1
BRDA:690,44,0,2
BRDA:690,44,1,0
BRDA:716,45,0,5
BRDA:716,45,1,0
BRDA:720,46,0,1
BRDA:720,46,1,0
BRDA:755,47,0,58
BRDA:755,47,1,14
BRDA:757,48,0,14
BRDA:757,48,1,0
BRDA:760,49,0,2
BRDA:760,49,1,70
BRDA:762,50,0,70
BRDA:762,50,1,0
BRDA:804,51,0,0
BRDA:804,51,1,14
BRF:102
BRH:87
end_of_record
TN:
SF:/Users/sergeyvagapov/Solidity/NonFungibleTokenContract/contracts/extensions/ERC721SafeHooksUpgradeable.sol
FN:27,buy
FN:33,buy
FN:52,pushTokenTransferHook
FN:69,getHookList
FN:88,hooksCount
FN:99,__ERC721SafeHook_init
FN:107,__ERC721SafeHook_init_unchained
FN:116,_beforeTokenTransfer
FN:143,_mint
FNF:9
FNH:9
FNDA:61,buy
FNDA:9,buy
FNDA:11,pushTokenTransferHook
FNDA:4,getHookList
FNDA:85,hooksCount
FNDA:59,__ERC721SafeHook_init
FNDA:59,__ERC721SafeHook_init_unchained
FNDA:72,_beforeTokenTransfer
FNDA:58,_mint
DA:28,61
DA:29,61
DA:30,60
DA:34,9
DA:35,9
DA:36,8
DA:55,11
DA:56,11
DA:57,11
DA:59,0
DA:62,0
DA:65,11
DA:76,4
DA:77,4
DA:78,4
DA:79,7
DA:81,4
DA:95,85
DA:103,59
DA:104,59
DA:125,72
DA:126,72
DA:127,11
DA:128,11
DA:129,0
DA:132,0
DA:136,72
DA:151,58
DA:152,58
LF:29
LH:25
BRDA:29,1,0,60
BRDA:29,1,1,1
BRDA:35,2,0,8
BRDA:35,2,1,1
BRDA:56,3,0,11
BRDA:56,3,1,0
BRDA:128,4,0,0
BRDA:128,4,1,11
BRF:8
BRH:6
end_of_record
TN:
SF:/Users/sergeyvagapov/Solidity/NonFungibleTokenContract/contracts/interfaces/ISafeHook.sol
FNF:0
FNH:0
LF:0
LH:0
BRF:0
BRH:0
end_of_record
TN:
SF:/Users/sergeyvagapov/Solidity/NonFungibleTokenContract/contracts/mocks/Buyer.sol
FN:10,constructor
FN:14,buy
FNF:2
FNH:2
FNDA:177,constructor
FNDA:2,buy
DA:15,2
LF:1
LH:1
BRF:0
BRH:0
end_of_record
TN:
SF:/Users/sergeyvagapov/Solidity/NonFungibleTokenContract/contracts/mocks/ERC721ReceiverMock.sol
FN:20,constructor
FN:25,onERC721Received
FNF:2
FNH:2
FNDA:177,constructor
FNDA:4,onERC721Received
DA:21,177
DA:22,177
DA:31,4
DA:32,0
DA:34,0
DA:36,0
DA:37,0
DA:39,4
DA:40,4
LF:9
LH:5
BRDA:31,1,0,0
BRDA:31,1,1,4
BRDA:33,2,0,0
BRDA:33,2,1,4
BRDA:35,3,0,0
BRDA:35,3,1,4
BRF:6
BRH:3
end_of_record
TN:
SF:/Users/sergeyvagapov/Solidity/NonFungibleTokenContract/contracts/mocks/MockERC20.sol
FN:6,constructor
FN:10,mint
FNF:2
FNH:2
FNDA:177,constructor
FNDA:59,mint
DA:11,59
LF:1
LH:1
BRF:0
BRH:0
end_of_record
TN:
SF:/Users/sergeyvagapov/Solidity/NonFungibleTokenContract/contracts/mocks/MockHook.sol
FN:11,transferHook
FNF:1
FNH:1
FNDA:11,transferHook
DA:12,11
DA:13,11
LF:2
LH:2
BRF:0
BRH:0
end_of_record
TN:
SF:/Users/sergeyvagapov/Solidity/NonFungibleTokenContract/contracts/presets/NFT.sol
FN:9,initialize
FNF:1
FNH:0
FNDA:0,initialize
DA:10,0
DA:11,0
DA:12,0
LF:3
LH:0
BRF:0
BRH:0
end_of_record
TN:
SF:/Users/sergeyvagapov/Solidity/NonFungibleTokenContract/contracts/presets/NFTSafeHook.sol
FN:11,initialize
FNF:1
FNH:1
FNDA:59,initialize
DA:12,59
DA:13,59
DA:14,59
LF:3
LH:3
BRF:0
BRH:0
end_of_record
TN:
SF:/Users/sergeyvagapov/Solidity/NonFungibleTokenContract/contracts/SafeHook.sol
FN:12,supportsInterface
FNF:1
FNH:1
FNDA:11,supportsInterface
DA:16,11
LF:1
LH:1
BRF:0
BRH:0
end_of_record
