TN:
SF:/Users/sergeyvagapov/Solidity/NonFungibleTokenContract/contracts/ERC721UpgradeableExt.sol
FN:83,onlyTokenOwner
FN:88,onlyOwnerOrAuthor
FN:103,buy
FN:123,buy
FN:140,setSeriesInfo
FN:146,getSaleInfo
FN:149,getSeriesInfo
FN:158,listForSale
FN:179,tokensByOwner
FN:195,mintAndDistribute
FN:208,setSaleInfo
FN:215,tokenOfOwnerByIndex
FN:223,totalSupply
FN:230,tokenByIndex
FN:240,supportsInterface
FN:251,balanceOf
FN:260,ownerOf
FN:278,name
FN:285,symbol
FN:292,tokenURI
FN:314,approve
FN:329,getApproved
FN:338,setApprovalForAll
FN:348,isApprovedForAll
FN:355,transferFrom
FN:369,safeTransferFrom
FN:380,safeTransferFrom
FN:397,burn
FN:403,_buy
FN:420,_isOnSale
FN:463,__ERC721_init
FN:471,__ERC721_init_unchained
FN:495,_safeTransfer
FN:513,_exists
FN:517,_ownerOf
FN:528,_isApprovedOrOwner
FN:544,_safeMint
FN:552,_safeMint
FN:576,_mint
FN:607,_burn
FN:641,_transfer
FN:668,_approve
FN:683,_checkOnERC721Received
FN:722,_beforeTokenTransfer
FN:746,_addTokenToOwnerEnumeration
FN:756,_addTokenToAllTokensEnumeration
FN:769,_removeTokenFromOwnerEnumeration
FN:794,_removeTokenFromAllTokensEnumeration
FNF:48
FNH:41
FNDA:5,onlyTokenOwner
FNDA:45,onlyOwnerOrAuthor
FNDA:39,buy
FNDA:7,buy
FNDA:44,setSeriesInfo
FNDA:5,getSaleInfo
FNDA:6,getSeriesInfo
FNDA:5,listForSale
FNDA:1,tokensByOwner
FNDA:2,mintAndDistribute
FNDA:4,setSaleInfo
FNDA:3,tokenOfOwnerByIndex
FNDA:4,totalSupply
FNDA:3,tokenByIndex
FNDA:0,supportsInterface
FNDA:74,balanceOf
FNDA:44,ownerOf
FNDA:1,name
FNDA:1,symbol
FNDA:1,tokenURI
FNDA:1,approve
FNDA:3,getApproved
FNDA:1,setApprovalForAll
FNDA:2,isApprovedForAll
FNDA:7,transferFrom
FNDA:0,safeTransferFrom
FNDA:0,safeTransferFrom
FNDA:2,burn
FNDA:36,_buy
FNDA:51,_isOnSale
FNDA:36,__ERC721_init
FNDA:36,__ERC721_init_unchained
FNDA:0,_safeTransfer
FNDA:98,_exists
FNDA:49,_ownerOf
FNDA:9,_isApprovedOrOwner
FNDA:0,_safeMint
FNDA:0,_safeMint
FNDA:37,_mint
FNDA:2,_burn
FNDA:8,_transfer
FNDA:10,_approve
FNDA:0,_checkOnERC721Received
FNDA:46,_beforeTokenTransfer
FNDA:44,_addTokenToOwnerEnumeration
FNDA:37,_addTokenToAllTokensEnumeration
FNDA:9,_removeTokenFromOwnerEnumeration
FNDA:2,_removeTokenFromAllTokensEnumeration
DA:84,5
DA:85,4
DA:89,45
DA:94,44
DA:105,39
DA:106,39
DA:107,35
DA:108,34
DA:110,33
DA:111,33
DA:112,33
DA:114,33
DA:115,33
DA:116,2
DA:117,2
DA:120,33
DA:125,7
DA:126,7
DA:127,6
DA:128,5
DA:129,5
DA:130,3
DA:132,3
DA:143,44
DA:147,5
DA:150,6
DA:166,5
DA:167,5
DA:168,4
DA:169,3
DA:171,2
DA:172,2
DA:173,2
DA:174,2
DA:176,2
DA:186,1
DA:187,1
DA:188,1
DA:189,1
DA:190,3
DA:196,2
DA:197,2
DA:198,1
DA:200,3
DA:210,4
DA:216,3
DA:217,3
DA:224,4
DA:231,3
DA:232,3
DA:241,0
DA:252,74
DA:253,74
DA:262,44
DA:271,44
DA:272,44
DA:279,1
DA:286,1
DA:294,1
DA:295,1
DA:296,1
DA:299,1
DA:300,0
DA:303,1
DA:304,1
DA:306,0
DA:315,1
DA:316,1
DA:318,1
DA:323,1
DA:330,3
DA:332,3
DA:339,1
DA:341,1
DA:342,1
DA:349,2
DA:361,7
DA:363,6
DA:374,0
DA:386,0
DA:387,0
DA:399,2
DA:400,2
DA:404,36
DA:405,2
DA:406,2
DA:408,34
DA:409,34
DA:411,36
DA:430,51
DA:431,51
DA:432,51
DA:433,51
DA:435,51
DA:436,48
DA:437,8
DA:438,3
DA:441,40
DA:442,40
DA:443,40
DA:444,39
DA:445,39
DA:454,39
DA:464,36
DA:465,36
DA:466,36
DA:467,36
DA:468,36
DA:472,36
DA:473,36
DA:501,0
DA:502,0
DA:514,98
DA:518,49
DA:529,9
DA:530,9
DA:531,9
DA:545,0
DA:557,0
DA:558,0
DA:583,37
DA:584,37
DA:586,37
DA:588,37
DA:589,37
DA:591,37
DA:593,37
DA:608,2
DA:610,2
DA:613,2
DA:615,2
DA:618,2
DA:619,2
DA:623,2
DA:646,8
DA:647,8
DA:649,7
DA:652,7
DA:654,7
DA:655,7
DA:656,7
DA:660,7
DA:669,10
DA:670,10
DA:689,0
DA:690,0
DA:691,0
DA:693,0
DA:694,0
DA:696,0
DA:702,0
DA:728,46
DA:729,37
DA:731,9
DA:733,46
DA:734,2
DA:736,44
DA:747,44
DA:748,44
DA:749,44
DA:757,37
DA:758,37
DA:773,9
DA:774,9
DA:777,9
DA:778,0
DA:780,0
DA:781,0
DA:785,9
DA:786,9
DA:798,2
DA:799,2
DA:804,2
DA:806,2
DA:807,2
DA:810,2
DA:811,2
LF:177
LH:156
BRDA:84,1,0,4
BRDA:84,1,1,1
BRDA:89,2,0,44
BRDA:89,2,1,1
BRDA:106,3,0,35
BRDA:106,3,1,4
BRDA:107,4,0,34
BRDA:107,4,1,1
BRDA:108,5,0,33
BRDA:108,5,1,1
BRDA:112,6,0,33
BRDA:112,6,1,0
BRDA:115,7,0,2
BRDA:115,7,1,31
BRDA:117,8,0,2
BRDA:117,8,1,0
BRDA:126,9,0,6
BRDA:126,9,1,1
BRDA:127,10,0,5
BRDA:127,10,1,1
BRDA:129,11,0,3
BRDA:129,11,1,2
BRDA:167,12,0,4
BRDA:167,12,1,1
BRDA:168,13,0,3
BRDA:168,13,1,1
BRDA:169,14,0,2
BRDA:169,14,1,1
BRDA:187,15,0,1
BRDA:187,15,1,0
BRDA:197,16,0,1
BRDA:197,16,1,1
BRDA:216,17,0,3
BRDA:216,17,1,0
BRDA:231,18,0,3
BRDA:231,18,1,0
BRDA:252,19,0,74
BRDA:252,19,1,0
BRDA:271,20,0,44
BRDA:271,20,1,0
BRDA:296,21,0,1
BRDA:296,21,1,0
BRDA:299,22,0,0
BRDA:299,22,1,1
BRDA:303,23,0,1
BRDA:303,23,1,0
BRDA:316,24,0,1
BRDA:316,24,1,0
BRDA:318,25,0,1
BRDA:318,25,1,0
BRDA:330,26,0,3
BRDA:330,26,1,0
BRDA:339,27,0,1
BRDA:339,27,1,0
BRDA:361,28,0,6
BRDA:361,28,1,1
BRDA:386,29,0,0
BRDA:386,29,1,0
BRDA:399,30,0,2
BRDA:399,30,1,0
BRDA:404,31,0,2
BRDA:404,31,1,34
BRDA:435,32,0,48
BRDA:435,32,1,3
BRDA:436,33,0,8
BRDA:436,33,1,40
BRDA:437,34,0,3
BRDA:437,34,1,5
BRDA:443,35,0,39
BRDA:443,35,1,1
BRDA:502,36,0,0
BRDA:502,36,1,0
BRDA:529,37,0,9
BRDA:529,37,1,0
BRDA:558,38,0,0
BRDA:558,38,1,0
BRDA:583,39,0,37
BRDA:583,39,1,0
BRDA:584,40,0,37
BRDA:584,40,1,0
BRDA:646,41,0,8
BRDA:646,41,1,0
BRDA:647,42,0,7
BRDA:647,42,1,1
BRDA:689,43,0,0
BRDA:689,43,1,0
BRDA:693,44,0,0
BRDA:693,44,1,0
BRDA:728,45,0,37
BRDA:728,45,1,9
BRDA:730,46,0,9
BRDA:730,46,1,0
BRDA:733,47,0,2
BRDA:733,47,1,44
BRDA:735,48,0,44
BRDA:735,48,1,0
BRDA:777,49,0,0
BRDA:777,49,1,9
BRF:98
BRH:66
end_of_record
TN:
SF:/Users/sergeyvagapov/Solidity/NonFungibleTokenContract/contracts/extensions/ERC721SafeHooksUpgradeable.sol
FN:36,pushTokenTransferHook
FN:56,hooksCount
FN:66,__ERC721SafeHook_init
FN:74,__ERC721SafeHook_init_unchained
FN:83,_beforeTokenTransfer
FN:112,_mint
FNF:6
FNH:0
FNDA:0,pushTokenTransferHook
FNDA:0,hooksCount
FNDA:0,__ERC721SafeHook_init
FNDA:0,__ERC721SafeHook_init_unchained
FNDA:0,_beforeTokenTransfer
FNDA:0,_mint
DA:39,0
DA:40,0
DA:41,0
DA:43,0
DA:46,0
DA:63,0
DA:70,0
DA:71,0
DA:92,0
DA:93,0
DA:95,0
DA:96,0
DA:97,0
DA:100,0
DA:104,0
DA:120,0
DA:122,0
LF:17
LH:0
BRDA:40,1,0,0
BRDA:40,1,1,0
BRDA:96,2,0,0
BRDA:96,2,1,0
BRF:4
BRH:0
end_of_record
TN:
SF:/Users/sergeyvagapov/Solidity/NonFungibleTokenContract/contracts/interfaces/ISafeHook.sol
FNF:0
FNH:0
LF:0
LH:0
BRF:0
BRH:0
end_of_record
TN:
SF:/Users/sergeyvagapov/Solidity/NonFungibleTokenContract/contracts/mocks/ERC721ReceiverMock.sol
FN:20,constructor
FN:25,onERC721Received
FNF:2
FNH:0
FNDA:0,constructor
FNDA:0,onERC721Received
DA:21,0
DA:22,0
DA:31,0
DA:32,0
DA:34,0
DA:36,0
DA:37,0
DA:39,0
DA:40,0
LF:9
LH:0
BRDA:31,1,0,0
BRDA:31,1,1,0
BRDA:33,2,0,0
BRDA:33,2,1,0
BRDA:35,3,0,0
BRDA:35,3,1,0
BRF:6
BRH:0
end_of_record
TN:
SF:/Users/sergeyvagapov/Solidity/NonFungibleTokenContract/contracts/mocks/MockERC20.sol
FN:6,constructor
FN:10,mint
FNF:2
FNH:2
FNDA:108,constructor
FNDA:36,mint
DA:11,36
LF:1
LH:1
BRF:0
BRH:0
end_of_record
TN:
SF:/Users/sergeyvagapov/Solidity/NonFungibleTokenContract/contracts/presets/NFT.sol
FN:9,initialize
FNF:1
FNH:1
FNDA:36,initialize
DA:10,36
DA:11,36
DA:12,36
LF:3
LH:3
BRF:0
BRH:0
end_of_record
TN:
SF:/Users/sergeyvagapov/Solidity/NonFungibleTokenContract/contracts/presets/NFTSafeHook.sol
FN:11,initialize
FNF:1
FNH:0
FNDA:0,initialize
DA:12,0
DA:13,0
DA:14,0
LF:3
LH:0
BRF:0
BRH:0
end_of_record
TN:
SF:/Users/sergeyvagapov/Solidity/NonFungibleTokenContract/contracts/SafeHook.sol
FN:12,supportsInterface
FNF:1
FNH:0
FNDA:0,supportsInterface
DA:16,0
LF:1
LH:0
BRF:0
BRH:0
end_of_record
